08-Apr-2023 22:08:55.191 情報 [main] org.apache.catalina.core.StandardServer.await 有効なシャットダウンコマンドがシャットダウンポート経由で受信されました。 サーバーインスタンスを停止します。
08-Apr-2023 22:08:55.206 情報 [main] org.apache.coyote.AbstractProtocol.pause ProtocolHandler ["http-nio-8080"] を一時停止します。
08-Apr-2023 22:08:55.214 情報 [main] org.apache.catalina.core.StandardService.stopInternal サービス [Catalina] を停止します
08-Apr-2023 22:08:55.348 警告 [main] org.apache.catalina.loader.WebappClassLoaderBase.clearReferencesJdbc Web アプリケーション [attendanceManagement] は自身で登録した JDBC ドライバー [com.mysql.cj.jdbc.Driver] を停止時に解除できませんでした。メモリーリークの発生を防ぐには JDBC ドライバーを強制的に解除してください。
08-Apr-2023 22:08:55.350 警告 [main] org.apache.catalina.loader.WebappClassLoaderBase.clearReferencesThreads Webアプリケーション [attendanceManagement] は [mysql-cj-abandoned-connection-cleanup] という名前のスレッドを開始したようですが、停止に失敗しました。これはメモリリークを引き起こす可能性が非常に高いです。スレッドのスタックトレース: 
 java.base@18.0.2.1/java.lang.Object.wait(Native Method)
 java.base@18.0.2.1/java.lang.ref.ReferenceQueue.remove(ReferenceQueue.java:155)
 com.mysql.cj.jdbc.AbandonedConnectionCleanupThread.run(AbandonedConnectionCleanupThread.java:91)
 java.base@18.0.2.1/java.util.concurrent.ThreadPoolExecutor.runWorker(ThreadPoolExecutor.java:1136)
 java.base@18.0.2.1/java.util.concurrent.ThreadPoolExecutor$Worker.run(ThreadPoolExecutor.java:635)
 java.base@18.0.2.1/java.lang.Thread.run(Thread.java:833)
08-Apr-2023 22:08:55.366 情報 [main] org.apache.coyote.AbstractProtocol.stop ProtocolHandler ["http-nio-8080"]の停止中
08-Apr-2023 22:08:55.399 情報 [main] org.apache.coyote.AbstractProtocol.destroy ProtocolHandler ["http-nio-8080"] を破棄します。
08-Apr-2023 22:09:04.937 情報 [main] org.apache.catalina.startup.VersionLoggerListener.log Serverのバージョン名:     Apache Tomcat/10.1.7
08-Apr-2023 22:09:04.939 情報 [main] org.apache.catalina.startup.VersionLoggerListener.log Server ビルド:            Feb 27 2023 20:25:27 UTC
08-Apr-2023 22:09:04.939 情報 [main] org.apache.catalina.startup.VersionLoggerListener.log サーバーのバージョン番号: 10.1.7.0
08-Apr-2023 22:09:04.939 情報 [main] org.apache.catalina.startup.VersionLoggerListener.log OS 名:                    Mac OS X
08-Apr-2023 22:09:04.939 情報 [main] org.apache.catalina.startup.VersionLoggerListener.log OS バージョン:            12.1
08-Apr-2023 22:09:04.939 情報 [main] org.apache.catalina.startup.VersionLoggerListener.log アーキテクチャ:           aarch64
08-Apr-2023 22:09:04.939 情報 [main] org.apache.catalina.startup.VersionLoggerListener.log Java Home:                /Library/Java/JavaVirtualMachines/jdk-18.0.2.1.jdk/Contents/Home
08-Apr-2023 22:09:04.940 情報 [main] org.apache.catalina.startup.VersionLoggerListener.log JVM バージョン:           18.0.2.1+1-1
08-Apr-2023 22:09:04.940 情報 [main] org.apache.catalina.startup.VersionLoggerListener.log JVM ベンダ:               Oracle Corporation
08-Apr-2023 22:09:04.941 情報 [main] org.apache.catalina.startup.VersionLoggerListener.log CATALINA_BASE:            /Users/asukanagai/Desktop/Attendance management/apache-tomcat-10.1.7 2
08-Apr-2023 22:09:04.941 情報 [main] org.apache.catalina.startup.VersionLoggerListener.log CATALINA_HOME:            /Users/asukanagai/Desktop/Attendance management/apache-tomcat-10.1.7 2
08-Apr-2023 22:09:04.948 情報 [main] org.apache.catalina.startup.VersionLoggerListener.log コマンドライン引数:       -Djava.util.logging.config.file=/Users/asukanagai/Desktop/Attendance management/apache-tomcat-10.1.7 2/conf/logging.properties
08-Apr-2023 22:09:04.948 情報 [main] org.apache.catalina.startup.VersionLoggerListener.log コマンドライン引数:       -Djava.util.logging.manager=org.apache.juli.ClassLoaderLogManager
08-Apr-2023 22:09:04.948 情報 [main] org.apache.catalina.startup.VersionLoggerListener.log コマンドライン引数:       -Djdk.tls.ephemeralDHKeySize=2048
08-Apr-2023 22:09:04.948 情報 [main] org.apache.catalina.startup.VersionLoggerListener.log コマンドライン引数:       -Djava.protocol.handler.pkgs=org.apache.catalina.webresources
08-Apr-2023 22:09:04.948 情報 [main] org.apache.catalina.startup.VersionLoggerListener.log コマンドライン引数:       -Dorg.apache.catalina.security.SecurityListener.UMASK=0027
08-Apr-2023 22:09:04.948 情報 [main] org.apache.catalina.startup.VersionLoggerListener.log コマンドライン引数:       --add-opens=java.base/java.lang=ALL-UNNAMED
08-Apr-2023 22:09:04.948 情報 [main] org.apache.catalina.startup.VersionLoggerListener.log コマンドライン引数:       --add-opens=java.base/java.io=ALL-UNNAMED
08-Apr-2023 22:09:04.949 情報 [main] org.apache.catalina.startup.VersionLoggerListener.log コマンドライン引数:       --add-opens=java.base/java.util=ALL-UNNAMED
08-Apr-2023 22:09:04.949 情報 [main] org.apache.catalina.startup.VersionLoggerListener.log コマンドライン引数:       --add-opens=java.base/java.util.concurrent=ALL-UNNAMED
08-Apr-2023 22:09:04.949 情報 [main] org.apache.catalina.startup.VersionLoggerListener.log コマンドライン引数:       --add-opens=java.rmi/sun.rmi.transport=ALL-UNNAMED
08-Apr-2023 22:09:04.949 情報 [main] org.apache.catalina.startup.VersionLoggerListener.log コマンドライン引数:       -Dcatalina.base=/Users/asukanagai/Desktop/Attendance management/apache-tomcat-10.1.7 2
08-Apr-2023 22:09:04.949 情報 [main] org.apache.catalina.startup.VersionLoggerListener.log コマンドライン引数:       -Dcatalina.home=/Users/asukanagai/Desktop/Attendance management/apache-tomcat-10.1.7 2
08-Apr-2023 22:09:04.949 情報 [main] org.apache.catalina.startup.VersionLoggerListener.log コマンドライン引数:       -Djava.io.tmpdir=/Users/asukanagai/Desktop/Attendance management/apache-tomcat-10.1.7 2/temp
08-Apr-2023 22:09:04.954 情報 [main] org.apache.catalina.core.AprLifecycleListener.lifecycleEvent 商用環境に最適な性能を発揮する APR ベースの Tomcat ネイティブライブラリが java.library.path [/Users/asukanagai/Library/Java/Extensions:/Library/Java/Extensions:/Network/Library/Java/Extensions:/System/Library/Java/Extensions:/usr/lib/java:.] に存在しません。
08-Apr-2023 22:09:05.082 情報 [main] org.apache.coyote.AbstractProtocol.init プロトコルハンドラ ["http-nio-8080"] を初期化します。
08-Apr-2023 22:09:05.096 情報 [main] org.apache.catalina.startup.Catalina.load サーバーの初期化 [257] ミリ秒
08-Apr-2023 22:09:05.114 情報 [main] org.apache.catalina.core.StandardService.startInternal サービス [Catalina] を起動します
08-Apr-2023 22:09:05.114 情報 [main] org.apache.catalina.core.StandardEngine.startInternal サーブレットエンジンの起動：[Apache Tomcat/10.1.7]
08-Apr-2023 22:09:05.118 情報 [main] org.apache.catalina.startup.HostConfig.deployDirectory Web アプリケーションディレクトリ [/Users/asukanagai/Desktop/Attendance management/apache-tomcat-10.1.7 2/webapps/attendanceManagement] を配備します
08-Apr-2023 22:09:05.392 情報 [main] org.apache.jasper.servlet.TldScanner.scanJars 少なくとも1つのJARでTLDをスキャンしましたが、TLDが含まれていませんでした。スキャンしたもののTLDが見つからなかったJARの完全なリストについては、このロガーのデバッグログを有効にしてください。スキャン中に不要なJARをスキップすると、起動時間とJSPのコンパイル時間が短縮されます。
08-Apr-2023 22:09:05.412 情報 [main] org.apache.catalina.startup.HostConfig.deployDirectory ディレクトリ [/Users/asukanagai/Desktop/Attendance management/apache-tomcat-10.1.7 2/webapps/attendanceManagement] の Web アプリケーションの配備は [292] ミリ秒で完了しました。
08-Apr-2023 22:09:05.412 情報 [main] org.apache.catalina.startup.HostConfig.deployDirectory Web アプリケーションディレクトリ [/Users/asukanagai/Desktop/Attendance management/apache-tomcat-10.1.7 2/webapps/docs] を配備します
08-Apr-2023 22:09:05.423 情報 [main] org.apache.catalina.startup.HostConfig.deployDirectory ディレクトリ [/Users/asukanagai/Desktop/Attendance management/apache-tomcat-10.1.7 2/webapps/docs] の Web アプリケーションの配備は [11] ミリ秒で完了しました。
08-Apr-2023 22:09:05.423 情報 [main] org.apache.catalina.startup.HostConfig.deployDirectory Web アプリケーションディレクトリ [/Users/asukanagai/Desktop/Attendance management/apache-tomcat-10.1.7 2/webapps/manager] を配備します
08-Apr-2023 22:09:05.439 情報 [main] org.apache.catalina.startup.HostConfig.deployDirectory ディレクトリ [/Users/asukanagai/Desktop/Attendance management/apache-tomcat-10.1.7 2/webapps/manager] の Web アプリケーションの配備は [16] ミリ秒で完了しました。
08-Apr-2023 22:09:05.439 情報 [main] org.apache.catalina.startup.HostConfig.deployDirectory Web アプリケーションディレクトリ [/Users/asukanagai/Desktop/Attendance management/apache-tomcat-10.1.7 2/webapps/examples] を配備します
08-Apr-2023 22:09:05.532 情報 [main] org.apache.catalina.startup.HostConfig.deployDirectory ディレクトリ [/Users/asukanagai/Desktop/Attendance management/apache-tomcat-10.1.7 2/webapps/examples] の Web アプリケーションの配備は [93] ミリ秒で完了しました。
08-Apr-2023 22:09:05.532 情報 [main] org.apache.catalina.startup.HostConfig.deployDirectory Web アプリケーションディレクトリ [/Users/asukanagai/Desktop/Attendance management/apache-tomcat-10.1.7 2/webapps/ROOT] を配備します
08-Apr-2023 22:09:05.540 情報 [main] org.apache.catalina.startup.HostConfig.deployDirectory ディレクトリ [/Users/asukanagai/Desktop/Attendance management/apache-tomcat-10.1.7 2/webapps/ROOT] の Web アプリケーションの配備は [8] ミリ秒で完了しました。
08-Apr-2023 22:09:05.540 情報 [main] org.apache.catalina.startup.HostConfig.deployDirectory Web アプリケーションディレクトリ [/Users/asukanagai/Desktop/Attendance management/apache-tomcat-10.1.7 2/webapps/host-manager] を配備します
08-Apr-2023 22:09:05.552 情報 [main] org.apache.catalina.startup.HostConfig.deployDirectory ディレクトリ [/Users/asukanagai/Desktop/Attendance management/apache-tomcat-10.1.7 2/webapps/host-manager] の Web アプリケーションの配備は [12] ミリ秒で完了しました。
08-Apr-2023 22:09:05.554 情報 [main] org.apache.coyote.AbstractProtocol.start プロトコルハンドラー ["http-nio-8080"] を開始しました。
08-Apr-2023 22:09:05.560 情報 [main] org.apache.catalina.startup.Catalina.start サーバーの起動 [462] ミリ秒
08-Apr-2023 22:28:14.574 情報 [main] org.apache.catalina.core.StandardServer.await 有効なシャットダウンコマンドがシャットダウンポート経由で受信されました。 サーバーインスタンスを停止します。
08-Apr-2023 22:28:14.578 情報 [main] org.apache.coyote.AbstractProtocol.pause ProtocolHandler ["http-nio-8080"] を一時停止します。
08-Apr-2023 22:28:14.581 情報 [main] org.apache.catalina.core.StandardService.stopInternal サービス [Catalina] を停止します
08-Apr-2023 22:28:14.612 警告 [main] org.apache.catalina.loader.WebappClassLoaderBase.clearReferencesJdbc Web アプリケーション [attendanceManagement] は自身で登録した JDBC ドライバー [com.mysql.cj.jdbc.Driver] を停止時に解除できませんでした。メモリーリークの発生を防ぐには JDBC ドライバーを強制的に解除してください。
08-Apr-2023 22:28:14.613 警告 [main] org.apache.catalina.loader.WebappClassLoaderBase.clearReferencesThreads Webアプリケーション [attendanceManagement] は [mysql-cj-abandoned-connection-cleanup] という名前のスレッドを開始したようですが、停止に失敗しました。これはメモリリークを引き起こす可能性が非常に高いです。スレッドのスタックトレース: 
 java.base@18.0.2.1/java.lang.Object.wait(Native Method)
 java.base@18.0.2.1/java.lang.ref.ReferenceQueue.remove(ReferenceQueue.java:155)
 com.mysql.cj.jdbc.AbandonedConnectionCleanupThread.run(AbandonedConnectionCleanupThread.java:91)
 java.base@18.0.2.1/java.util.concurrent.ThreadPoolExecutor.runWorker(ThreadPoolExecutor.java:1136)
 java.base@18.0.2.1/java.util.concurrent.ThreadPoolExecutor$Worker.run(ThreadPoolExecutor.java:635)
 java.base@18.0.2.1/java.lang.Thread.run(Thread.java:833)
08-Apr-2023 22:28:14.620 情報 [main] org.apache.coyote.AbstractProtocol.stop ProtocolHandler ["http-nio-8080"]の停止中
08-Apr-2023 22:28:14.630 情報 [main] org.apache.coyote.AbstractProtocol.destroy ProtocolHandler ["http-nio-8080"] を破棄します。
08-Apr-2023 22:28:16.750 情報 [main] org.apache.catalina.startup.VersionLoggerListener.log Serverのバージョン名:     Apache Tomcat/10.1.7
08-Apr-2023 22:28:16.752 情報 [main] org.apache.catalina.startup.VersionLoggerListener.log Server ビルド:            Feb 27 2023 20:25:27 UTC
08-Apr-2023 22:28:16.752 情報 [main] org.apache.catalina.startup.VersionLoggerListener.log サーバーのバージョン番号: 10.1.7.0
08-Apr-2023 22:28:16.752 情報 [main] org.apache.catalina.startup.VersionLoggerListener.log OS 名:                    Mac OS X
08-Apr-2023 22:28:16.752 情報 [main] org.apache.catalina.startup.VersionLoggerListener.log OS バージョン:            12.1
08-Apr-2023 22:28:16.753 情報 [main] org.apache.catalina.startup.VersionLoggerListener.log アーキテクチャ:           aarch64
08-Apr-2023 22:28:16.753 情報 [main] org.apache.catalina.startup.VersionLoggerListener.log Java Home:                /Library/Java/JavaVirtualMachines/jdk-18.0.2.1.jdk/Contents/Home
08-Apr-2023 22:28:16.753 情報 [main] org.apache.catalina.startup.VersionLoggerListener.log JVM バージョン:           18.0.2.1+1-1
08-Apr-2023 22:28:16.753 情報 [main] org.apache.catalina.startup.VersionLoggerListener.log JVM ベンダ:               Oracle Corporation
08-Apr-2023 22:28:16.753 情報 [main] org.apache.catalina.startup.VersionLoggerListener.log CATALINA_BASE:            /Users/asukanagai/Desktop/Attendance management/apache-tomcat-10.1.7 2
08-Apr-2023 22:28:16.753 情報 [main] org.apache.catalina.startup.VersionLoggerListener.log CATALINA_HOME:            /Users/asukanagai/Desktop/Attendance management/apache-tomcat-10.1.7 2
08-Apr-2023 22:28:16.761 情報 [main] org.apache.catalina.startup.VersionLoggerListener.log コマンドライン引数:       -Djava.util.logging.config.file=/Users/asukanagai/Desktop/Attendance management/apache-tomcat-10.1.7 2/conf/logging.properties
08-Apr-2023 22:28:16.762 情報 [main] org.apache.catalina.startup.VersionLoggerListener.log コマンドライン引数:       -Djava.util.logging.manager=org.apache.juli.ClassLoaderLogManager
08-Apr-2023 22:28:16.763 情報 [main] org.apache.catalina.startup.VersionLoggerListener.log コマンドライン引数:       -Djdk.tls.ephemeralDHKeySize=2048
08-Apr-2023 22:28:16.763 情報 [main] org.apache.catalina.startup.VersionLoggerListener.log コマンドライン引数:       -Djava.protocol.handler.pkgs=org.apache.catalina.webresources
08-Apr-2023 22:28:16.763 情報 [main] org.apache.catalina.startup.VersionLoggerListener.log コマンドライン引数:       -Dorg.apache.catalina.security.SecurityListener.UMASK=0027
08-Apr-2023 22:28:16.764 情報 [main] org.apache.catalina.startup.VersionLoggerListener.log コマンドライン引数:       --add-opens=java.base/java.lang=ALL-UNNAMED
08-Apr-2023 22:28:16.765 情報 [main] org.apache.catalina.startup.VersionLoggerListener.log コマンドライン引数:       --add-opens=java.base/java.io=ALL-UNNAMED
08-Apr-2023 22:28:16.765 情報 [main] org.apache.catalina.startup.VersionLoggerListener.log コマンドライン引数:       --add-opens=java.base/java.util=ALL-UNNAMED
08-Apr-2023 22:28:16.765 情報 [main] org.apache.catalina.startup.VersionLoggerListener.log コマンドライン引数:       --add-opens=java.base/java.util.concurrent=ALL-UNNAMED
08-Apr-2023 22:28:16.765 情報 [main] org.apache.catalina.startup.VersionLoggerListener.log コマンドライン引数:       --add-opens=java.rmi/sun.rmi.transport=ALL-UNNAMED
08-Apr-2023 22:28:16.765 情報 [main] org.apache.catalina.startup.VersionLoggerListener.log コマンドライン引数:       -Dcatalina.base=/Users/asukanagai/Desktop/Attendance management/apache-tomcat-10.1.7 2
08-Apr-2023 22:28:16.765 情報 [main] org.apache.catalina.startup.VersionLoggerListener.log コマンドライン引数:       -Dcatalina.home=/Users/asukanagai/Desktop/Attendance management/apache-tomcat-10.1.7 2
08-Apr-2023 22:28:16.765 情報 [main] org.apache.catalina.startup.VersionLoggerListener.log コマンドライン引数:       -Djava.io.tmpdir=/Users/asukanagai/Desktop/Attendance management/apache-tomcat-10.1.7 2/temp
08-Apr-2023 22:28:16.770 情報 [main] org.apache.catalina.core.AprLifecycleListener.lifecycleEvent 商用環境に最適な性能を発揮する APR ベースの Tomcat ネイティブライブラリが java.library.path [/Users/asukanagai/Library/Java/Extensions:/Library/Java/Extensions:/Network/Library/Java/Extensions:/System/Library/Java/Extensions:/usr/lib/java:.] に存在しません。
08-Apr-2023 22:28:16.897 情報 [main] org.apache.coyote.AbstractProtocol.init プロトコルハンドラ ["http-nio-8080"] を初期化します。
08-Apr-2023 22:28:16.909 情報 [main] org.apache.catalina.startup.Catalina.load サーバーの初期化 [247] ミリ秒
08-Apr-2023 22:28:16.929 情報 [main] org.apache.catalina.core.StandardService.startInternal サービス [Catalina] を起動します
08-Apr-2023 22:28:16.929 情報 [main] org.apache.catalina.core.StandardEngine.startInternal サーブレットエンジンの起動：[Apache Tomcat/10.1.7]
08-Apr-2023 22:28:16.932 情報 [main] org.apache.catalina.startup.HostConfig.deployDirectory Web アプリケーションディレクトリ [/Users/asukanagai/Desktop/Attendance management/apache-tomcat-10.1.7 2/webapps/attendanceManagement] を配備します
08-Apr-2023 22:28:17.206 情報 [main] org.apache.jasper.servlet.TldScanner.scanJars 少なくとも1つのJARでTLDをスキャンしましたが、TLDが含まれていませんでした。スキャンしたもののTLDが見つからなかったJARの完全なリストについては、このロガーのデバッグログを有効にしてください。スキャン中に不要なJARをスキップすると、起動時間とJSPのコンパイル時間が短縮されます。
08-Apr-2023 22:28:17.227 情報 [main] org.apache.catalina.startup.HostConfig.deployDirectory ディレクトリ [/Users/asukanagai/Desktop/Attendance management/apache-tomcat-10.1.7 2/webapps/attendanceManagement] の Web アプリケーションの配備は [294] ミリ秒で完了しました。
08-Apr-2023 22:28:17.227 情報 [main] org.apache.catalina.startup.HostConfig.deployDirectory Web アプリケーションディレクトリ [/Users/asukanagai/Desktop/Attendance management/apache-tomcat-10.1.7 2/webapps/docs] を配備します
08-Apr-2023 22:28:17.239 情報 [main] org.apache.catalina.startup.HostConfig.deployDirectory ディレクトリ [/Users/asukanagai/Desktop/Attendance management/apache-tomcat-10.1.7 2/webapps/docs] の Web アプリケーションの配備は [12] ミリ秒で完了しました。
08-Apr-2023 22:28:17.239 情報 [main] org.apache.catalina.startup.HostConfig.deployDirectory Web アプリケーションディレクトリ [/Users/asukanagai/Desktop/Attendance management/apache-tomcat-10.1.7 2/webapps/manager] を配備します
08-Apr-2023 22:28:17.255 情報 [main] org.apache.catalina.startup.HostConfig.deployDirectory ディレクトリ [/Users/asukanagai/Desktop/Attendance management/apache-tomcat-10.1.7 2/webapps/manager] の Web アプリケーションの配備は [16] ミリ秒で完了しました。
08-Apr-2023 22:28:17.255 情報 [main] org.apache.catalina.startup.HostConfig.deployDirectory Web アプリケーションディレクトリ [/Users/asukanagai/Desktop/Attendance management/apache-tomcat-10.1.7 2/webapps/examples] を配備します
08-Apr-2023 22:28:17.348 情報 [main] org.apache.catalina.startup.HostConfig.deployDirectory ディレクトリ [/Users/asukanagai/Desktop/Attendance management/apache-tomcat-10.1.7 2/webapps/examples] の Web アプリケーションの配備は [93] ミリ秒で完了しました。
08-Apr-2023 22:28:17.348 情報 [main] org.apache.catalina.startup.HostConfig.deployDirectory Web アプリケーションディレクトリ [/Users/asukanagai/Desktop/Attendance management/apache-tomcat-10.1.7 2/webapps/ROOT] を配備します
08-Apr-2023 22:28:17.356 情報 [main] org.apache.catalina.startup.HostConfig.deployDirectory ディレクトリ [/Users/asukanagai/Desktop/Attendance management/apache-tomcat-10.1.7 2/webapps/ROOT] の Web アプリケーションの配備は [7] ミリ秒で完了しました。
08-Apr-2023 22:28:17.356 情報 [main] org.apache.catalina.startup.HostConfig.deployDirectory Web アプリケーションディレクトリ [/Users/asukanagai/Desktop/Attendance management/apache-tomcat-10.1.7 2/webapps/host-manager] を配備します
08-Apr-2023 22:28:17.364 情報 [main] org.apache.catalina.startup.HostConfig.deployDirectory ディレクトリ [/Users/asukanagai/Desktop/Attendance management/apache-tomcat-10.1.7 2/webapps/host-manager] の Web アプリケーションの配備は [8] ミリ秒で完了しました。
08-Apr-2023 22:28:17.366 情報 [main] org.apache.coyote.AbstractProtocol.start プロトコルハンドラー ["http-nio-8080"] を開始しました。
08-Apr-2023 22:28:17.372 情報 [main] org.apache.catalina.startup.Catalina.start サーバーの起動 [461] ミリ秒
