28-Mar-2023 20:00:48.500 情報 [main] org.apache.catalina.core.StandardServer.await 有効なシャットダウンコマンドがシャットダウンポート経由で受信されました。 サーバーインスタンスを停止します。
28-Mar-2023 20:00:48.508 情報 [main] org.apache.coyote.AbstractProtocol.pause ProtocolHandler ["http-nio-8080"] を一時停止します。
28-Mar-2023 20:00:48.513 情報 [main] org.apache.catalina.core.StandardService.stopInternal サービス [Catalina] を停止します
28-Mar-2023 20:00:48.551 警告 [main] org.apache.catalina.loader.WebappClassLoaderBase.clearReferencesJdbc Web アプリケーション [attendanceManagement] は自身で登録した JDBC ドライバー [com.mysql.cj.jdbc.Driver] を停止時に解除できませんでした。メモリーリークの発生を防ぐには JDBC ドライバーを強制的に解除してください。
28-Mar-2023 20:00:48.553 警告 [main] org.apache.catalina.loader.WebappClassLoaderBase.clearReferencesThreads Webアプリケーション [attendanceManagement] は [mysql-cj-abandoned-connection-cleanup] という名前のスレッドを開始したようですが、停止に失敗しました。これはメモリリークを引き起こす可能性が非常に高いです。スレッドのスタックトレース: 
 java.base@18.0.2.1/java.lang.Object.wait(Native Method)
 java.base@18.0.2.1/java.lang.ref.ReferenceQueue.remove(ReferenceQueue.java:155)
 com.mysql.cj.jdbc.AbandonedConnectionCleanupThread.run(AbandonedConnectionCleanupThread.java:91)
 java.base@18.0.2.1/java.util.concurrent.ThreadPoolExecutor.runWorker(ThreadPoolExecutor.java:1136)
 java.base@18.0.2.1/java.util.concurrent.ThreadPoolExecutor$Worker.run(ThreadPoolExecutor.java:635)
 java.base@18.0.2.1/java.lang.Thread.run(Thread.java:833)
28-Mar-2023 20:00:48.562 情報 [main] org.apache.coyote.AbstractProtocol.stop ProtocolHandler ["http-nio-8080"]の停止中
28-Mar-2023 20:00:48.588 情報 [main] org.apache.coyote.AbstractProtocol.destroy ProtocolHandler ["http-nio-8080"] を破棄します。
28-Mar-2023 20:00:53.884 情報 [main] org.apache.catalina.startup.VersionLoggerListener.log Serverのバージョン名:     Apache Tomcat/10.1.7
28-Mar-2023 20:00:53.886 情報 [main] org.apache.catalina.startup.VersionLoggerListener.log Server ビルド:            Feb 27 2023 20:25:27 UTC
28-Mar-2023 20:00:53.886 情報 [main] org.apache.catalina.startup.VersionLoggerListener.log サーバーのバージョン番号: 10.1.7.0
28-Mar-2023 20:00:53.886 情報 [main] org.apache.catalina.startup.VersionLoggerListener.log OS 名:                    Mac OS X
28-Mar-2023 20:00:53.886 情報 [main] org.apache.catalina.startup.VersionLoggerListener.log OS バージョン:            12.1
28-Mar-2023 20:00:53.886 情報 [main] org.apache.catalina.startup.VersionLoggerListener.log アーキテクチャ:           aarch64
28-Mar-2023 20:00:53.886 情報 [main] org.apache.catalina.startup.VersionLoggerListener.log Java Home:                /Library/Java/JavaVirtualMachines/jdk-18.0.2.1.jdk/Contents/Home
28-Mar-2023 20:00:53.886 情報 [main] org.apache.catalina.startup.VersionLoggerListener.log JVM バージョン:           18.0.2.1+1-1
28-Mar-2023 20:00:53.886 情報 [main] org.apache.catalina.startup.VersionLoggerListener.log JVM ベンダ:               Oracle Corporation
28-Mar-2023 20:00:53.886 情報 [main] org.apache.catalina.startup.VersionLoggerListener.log CATALINA_BASE:            /Users/asukanagai/Desktop/Attendance management/apache-tomcat-10.1.7 2
28-Mar-2023 20:00:53.886 情報 [main] org.apache.catalina.startup.VersionLoggerListener.log CATALINA_HOME:            /Users/asukanagai/Desktop/Attendance management/apache-tomcat-10.1.7 2
28-Mar-2023 20:00:53.893 情報 [main] org.apache.catalina.startup.VersionLoggerListener.log コマンドライン引数:       -Djava.util.logging.config.file=/Users/asukanagai/Desktop/Attendance management/apache-tomcat-10.1.7 2/conf/logging.properties
28-Mar-2023 20:00:53.893 情報 [main] org.apache.catalina.startup.VersionLoggerListener.log コマンドライン引数:       -Djava.util.logging.manager=org.apache.juli.ClassLoaderLogManager
28-Mar-2023 20:00:53.893 情報 [main] org.apache.catalina.startup.VersionLoggerListener.log コマンドライン引数:       -Djdk.tls.ephemeralDHKeySize=2048
28-Mar-2023 20:00:53.893 情報 [main] org.apache.catalina.startup.VersionLoggerListener.log コマンドライン引数:       -Djava.protocol.handler.pkgs=org.apache.catalina.webresources
28-Mar-2023 20:00:53.894 情報 [main] org.apache.catalina.startup.VersionLoggerListener.log コマンドライン引数:       -Dorg.apache.catalina.security.SecurityListener.UMASK=0027
28-Mar-2023 20:00:53.894 情報 [main] org.apache.catalina.startup.VersionLoggerListener.log コマンドライン引数:       --add-opens=java.base/java.lang=ALL-UNNAMED
28-Mar-2023 20:00:53.894 情報 [main] org.apache.catalina.startup.VersionLoggerListener.log コマンドライン引数:       --add-opens=java.base/java.io=ALL-UNNAMED
28-Mar-2023 20:00:53.894 情報 [main] org.apache.catalina.startup.VersionLoggerListener.log コマンドライン引数:       --add-opens=java.base/java.util=ALL-UNNAMED
28-Mar-2023 20:00:53.894 情報 [main] org.apache.catalina.startup.VersionLoggerListener.log コマンドライン引数:       --add-opens=java.base/java.util.concurrent=ALL-UNNAMED
28-Mar-2023 20:00:53.894 情報 [main] org.apache.catalina.startup.VersionLoggerListener.log コマンドライン引数:       --add-opens=java.rmi/sun.rmi.transport=ALL-UNNAMED
28-Mar-2023 20:00:53.894 情報 [main] org.apache.catalina.startup.VersionLoggerListener.log コマンドライン引数:       -Dcatalina.base=/Users/asukanagai/Desktop/Attendance management/apache-tomcat-10.1.7 2
28-Mar-2023 20:00:53.894 情報 [main] org.apache.catalina.startup.VersionLoggerListener.log コマンドライン引数:       -Dcatalina.home=/Users/asukanagai/Desktop/Attendance management/apache-tomcat-10.1.7 2
28-Mar-2023 20:00:53.894 情報 [main] org.apache.catalina.startup.VersionLoggerListener.log コマンドライン引数:       -Djava.io.tmpdir=/Users/asukanagai/Desktop/Attendance management/apache-tomcat-10.1.7 2/temp
28-Mar-2023 20:00:53.899 情報 [main] org.apache.catalina.core.AprLifecycleListener.lifecycleEvent 商用環境に最適な性能を発揮する APR ベースの Tomcat ネイティブライブラリが java.library.path [/Users/asukanagai/Library/Java/Extensions:/Library/Java/Extensions:/Network/Library/Java/Extensions:/System/Library/Java/Extensions:/usr/lib/java:.] に存在しません。
28-Mar-2023 20:00:54.033 情報 [main] org.apache.coyote.AbstractProtocol.init プロトコルハンドラ ["http-nio-8080"] を初期化します。
28-Mar-2023 20:00:54.047 情報 [main] org.apache.catalina.startup.Catalina.load サーバーの初期化 [257] ミリ秒
28-Mar-2023 20:00:54.065 情報 [main] org.apache.catalina.core.StandardService.startInternal サービス [Catalina] を起動します
28-Mar-2023 20:00:54.065 情報 [main] org.apache.catalina.core.StandardEngine.startInternal サーブレットエンジンの起動：[Apache Tomcat/10.1.7]
28-Mar-2023 20:00:54.068 情報 [main] org.apache.catalina.startup.HostConfig.deployDirectory Web アプリケーションディレクトリ [/Users/asukanagai/Desktop/Attendance management/apache-tomcat-10.1.7 2/webapps/attendanceManagement] を配備します
28-Mar-2023 20:00:54.415 情報 [main] org.apache.jasper.servlet.TldScanner.scanJars 少なくとも1つのJARでTLDをスキャンしましたが、TLDが含まれていませんでした。スキャンしたもののTLDが見つからなかったJARの完全なリストについては、このロガーのデバッグログを有効にしてください。スキャン中に不要なJARをスキップすると、起動時間とJSPのコンパイル時間が短縮されます。
28-Mar-2023 20:00:54.436 情報 [main] org.apache.catalina.startup.HostConfig.deployDirectory ディレクトリ [/Users/asukanagai/Desktop/Attendance management/apache-tomcat-10.1.7 2/webapps/attendanceManagement] の Web アプリケーションの配備は [367] ミリ秒で完了しました。
28-Mar-2023 20:00:54.436 情報 [main] org.apache.catalina.startup.HostConfig.deployDirectory Web アプリケーションディレクトリ [/Users/asukanagai/Desktop/Attendance management/apache-tomcat-10.1.7 2/webapps/docs] を配備します
28-Mar-2023 20:00:54.447 情報 [main] org.apache.catalina.startup.HostConfig.deployDirectory ディレクトリ [/Users/asukanagai/Desktop/Attendance management/apache-tomcat-10.1.7 2/webapps/docs] の Web アプリケーションの配備は [11] ミリ秒で完了しました。
28-Mar-2023 20:00:54.448 情報 [main] org.apache.catalina.startup.HostConfig.deployDirectory Web アプリケーションディレクトリ [/Users/asukanagai/Desktop/Attendance management/apache-tomcat-10.1.7 2/webapps/manager] を配備します
28-Mar-2023 20:00:54.464 情報 [main] org.apache.catalina.startup.HostConfig.deployDirectory ディレクトリ [/Users/asukanagai/Desktop/Attendance management/apache-tomcat-10.1.7 2/webapps/manager] の Web アプリケーションの配備は [15] ミリ秒で完了しました。
28-Mar-2023 20:00:54.464 情報 [main] org.apache.catalina.startup.HostConfig.deployDirectory Web アプリケーションディレクトリ [/Users/asukanagai/Desktop/Attendance management/apache-tomcat-10.1.7 2/webapps/examples] を配備します
28-Mar-2023 20:00:54.621 情報 [main] org.apache.catalina.startup.HostConfig.deployDirectory ディレクトリ [/Users/asukanagai/Desktop/Attendance management/apache-tomcat-10.1.7 2/webapps/examples] の Web アプリケーションの配備は [157] ミリ秒で完了しました。
28-Mar-2023 20:00:54.621 情報 [main] org.apache.catalina.startup.HostConfig.deployDirectory Web アプリケーションディレクトリ [/Users/asukanagai/Desktop/Attendance management/apache-tomcat-10.1.7 2/webapps/ROOT] を配備します
28-Mar-2023 20:00:54.632 情報 [main] org.apache.catalina.startup.HostConfig.deployDirectory ディレクトリ [/Users/asukanagai/Desktop/Attendance management/apache-tomcat-10.1.7 2/webapps/ROOT] の Web アプリケーションの配備は [10] ミリ秒で完了しました。
28-Mar-2023 20:00:54.632 情報 [main] org.apache.catalina.startup.HostConfig.deployDirectory Web アプリケーションディレクトリ [/Users/asukanagai/Desktop/Attendance management/apache-tomcat-10.1.7 2/webapps/host-manager] を配備します
28-Mar-2023 20:00:54.644 情報 [main] org.apache.catalina.startup.HostConfig.deployDirectory ディレクトリ [/Users/asukanagai/Desktop/Attendance management/apache-tomcat-10.1.7 2/webapps/host-manager] の Web アプリケーションの配備は [12] ミリ秒で完了しました。
28-Mar-2023 20:00:54.646 情報 [main] org.apache.coyote.AbstractProtocol.start プロトコルハンドラー ["http-nio-8080"] を開始しました。
28-Mar-2023 20:00:54.655 情報 [main] org.apache.catalina.startup.Catalina.start サーバーの起動 [607] ミリ秒
