30-Mar-2023 21:40:33.754 情報 [main] org.apache.catalina.core.StandardServer.await 有効なシャットダウンコマンドがシャットダウンポート経由で受信されました。 サーバーインスタンスを停止します。
30-Mar-2023 21:40:33.758 情報 [main] org.apache.coyote.AbstractProtocol.pause ProtocolHandler ["http-nio-8080"] を一時停止します。
30-Mar-2023 21:40:33.762 情報 [main] org.apache.catalina.core.StandardService.stopInternal サービス [Catalina] を停止します
30-Mar-2023 21:40:33.804 警告 [main] org.apache.catalina.loader.WebappClassLoaderBase.clearReferencesJdbc Web アプリケーション [attendanceManagement] は自身で登録した JDBC ドライバー [com.mysql.cj.jdbc.Driver] を停止時に解除できませんでした。メモリーリークの発生を防ぐには JDBC ドライバーを強制的に解除してください。
30-Mar-2023 21:40:33.804 警告 [main] org.apache.catalina.loader.WebappClassLoaderBase.clearReferencesThreads Webアプリケーション [attendanceManagement] は [mysql-cj-abandoned-connection-cleanup] という名前のスレッドを開始したようですが、停止に失敗しました。これはメモリリークを引き起こす可能性が非常に高いです。スレッドのスタックトレース: 
 java.base@18.0.2.1/java.lang.Object.wait(Native Method)
 java.base@18.0.2.1/java.lang.ref.ReferenceQueue.remove(ReferenceQueue.java:155)
 com.mysql.cj.jdbc.AbandonedConnectionCleanupThread.run(AbandonedConnectionCleanupThread.java:91)
 java.base@18.0.2.1/java.util.concurrent.ThreadPoolExecutor.runWorker(ThreadPoolExecutor.java:1136)
 java.base@18.0.2.1/java.util.concurrent.ThreadPoolExecutor$Worker.run(ThreadPoolExecutor.java:635)
 java.base@18.0.2.1/java.lang.Thread.run(Thread.java:833)
30-Mar-2023 21:40:33.813 情報 [main] org.apache.coyote.AbstractProtocol.stop ProtocolHandler ["http-nio-8080"]の停止中
30-Mar-2023 21:40:33.833 情報 [main] org.apache.coyote.AbstractProtocol.destroy ProtocolHandler ["http-nio-8080"] を破棄します。
30-Mar-2023 21:40:37.808 情報 [main] org.apache.catalina.startup.VersionLoggerListener.log Serverのバージョン名:     Apache Tomcat/10.1.7
30-Mar-2023 21:40:37.811 情報 [main] org.apache.catalina.startup.VersionLoggerListener.log Server ビルド:            Feb 27 2023 20:25:27 UTC
30-Mar-2023 21:40:37.812 情報 [main] org.apache.catalina.startup.VersionLoggerListener.log サーバーのバージョン番号: 10.1.7.0
30-Mar-2023 21:40:37.812 情報 [main] org.apache.catalina.startup.VersionLoggerListener.log OS 名:                    Mac OS X
30-Mar-2023 21:40:37.812 情報 [main] org.apache.catalina.startup.VersionLoggerListener.log OS バージョン:            12.1
30-Mar-2023 21:40:37.812 情報 [main] org.apache.catalina.startup.VersionLoggerListener.log アーキテクチャ:           aarch64
30-Mar-2023 21:40:37.812 情報 [main] org.apache.catalina.startup.VersionLoggerListener.log Java Home:                /Library/Java/JavaVirtualMachines/jdk-18.0.2.1.jdk/Contents/Home
30-Mar-2023 21:40:37.812 情報 [main] org.apache.catalina.startup.VersionLoggerListener.log JVM バージョン:           18.0.2.1+1-1
30-Mar-2023 21:40:37.812 情報 [main] org.apache.catalina.startup.VersionLoggerListener.log JVM ベンダ:               Oracle Corporation
30-Mar-2023 21:40:37.812 情報 [main] org.apache.catalina.startup.VersionLoggerListener.log CATALINA_BASE:            /Users/asukanagai/Desktop/Attendance management/apache-tomcat-10.1.7 2
30-Mar-2023 21:40:37.812 情報 [main] org.apache.catalina.startup.VersionLoggerListener.log CATALINA_HOME:            /Users/asukanagai/Desktop/Attendance management/apache-tomcat-10.1.7 2
30-Mar-2023 21:40:37.819 情報 [main] org.apache.catalina.startup.VersionLoggerListener.log コマンドライン引数:       -Djava.util.logging.config.file=/Users/asukanagai/Desktop/Attendance management/apache-tomcat-10.1.7 2/conf/logging.properties
30-Mar-2023 21:40:37.819 情報 [main] org.apache.catalina.startup.VersionLoggerListener.log コマンドライン引数:       -Djava.util.logging.manager=org.apache.juli.ClassLoaderLogManager
30-Mar-2023 21:40:37.819 情報 [main] org.apache.catalina.startup.VersionLoggerListener.log コマンドライン引数:       -Djdk.tls.ephemeralDHKeySize=2048
30-Mar-2023 21:40:37.819 情報 [main] org.apache.catalina.startup.VersionLoggerListener.log コマンドライン引数:       -Djava.protocol.handler.pkgs=org.apache.catalina.webresources
30-Mar-2023 21:40:37.819 情報 [main] org.apache.catalina.startup.VersionLoggerListener.log コマンドライン引数:       -Dorg.apache.catalina.security.SecurityListener.UMASK=0027
30-Mar-2023 21:40:37.819 情報 [main] org.apache.catalina.startup.VersionLoggerListener.log コマンドライン引数:       --add-opens=java.base/java.lang=ALL-UNNAMED
30-Mar-2023 21:40:37.819 情報 [main] org.apache.catalina.startup.VersionLoggerListener.log コマンドライン引数:       --add-opens=java.base/java.io=ALL-UNNAMED
30-Mar-2023 21:40:37.819 情報 [main] org.apache.catalina.startup.VersionLoggerListener.log コマンドライン引数:       --add-opens=java.base/java.util=ALL-UNNAMED
30-Mar-2023 21:40:37.819 情報 [main] org.apache.catalina.startup.VersionLoggerListener.log コマンドライン引数:       --add-opens=java.base/java.util.concurrent=ALL-UNNAMED
30-Mar-2023 21:40:37.819 情報 [main] org.apache.catalina.startup.VersionLoggerListener.log コマンドライン引数:       --add-opens=java.rmi/sun.rmi.transport=ALL-UNNAMED
30-Mar-2023 21:40:37.820 情報 [main] org.apache.catalina.startup.VersionLoggerListener.log コマンドライン引数:       -Dcatalina.base=/Users/asukanagai/Desktop/Attendance management/apache-tomcat-10.1.7 2
30-Mar-2023 21:40:37.820 情報 [main] org.apache.catalina.startup.VersionLoggerListener.log コマンドライン引数:       -Dcatalina.home=/Users/asukanagai/Desktop/Attendance management/apache-tomcat-10.1.7 2
30-Mar-2023 21:40:37.820 情報 [main] org.apache.catalina.startup.VersionLoggerListener.log コマンドライン引数:       -Djava.io.tmpdir=/Users/asukanagai/Desktop/Attendance management/apache-tomcat-10.1.7 2/temp
30-Mar-2023 21:40:37.825 情報 [main] org.apache.catalina.core.AprLifecycleListener.lifecycleEvent 商用環境に最適な性能を発揮する APR ベースの Tomcat ネイティブライブラリが java.library.path [/Users/asukanagai/Library/Java/Extensions:/Library/Java/Extensions:/Network/Library/Java/Extensions:/System/Library/Java/Extensions:/usr/lib/java:.] に存在しません。
30-Mar-2023 21:40:37.955 情報 [main] org.apache.coyote.AbstractProtocol.init プロトコルハンドラ ["http-nio-8080"] を初期化します。
30-Mar-2023 21:40:37.968 情報 [main] org.apache.catalina.startup.Catalina.load サーバーの初期化 [255] ミリ秒
30-Mar-2023 21:40:37.989 情報 [main] org.apache.catalina.core.StandardService.startInternal サービス [Catalina] を起動します
30-Mar-2023 21:40:37.989 情報 [main] org.apache.catalina.core.StandardEngine.startInternal サーブレットエンジンの起動：[Apache Tomcat/10.1.7]
30-Mar-2023 21:40:37.992 情報 [main] org.apache.catalina.startup.HostConfig.deployDirectory Web アプリケーションディレクトリ [/Users/asukanagai/Desktop/Attendance management/apache-tomcat-10.1.7 2/webapps/attendanceManagement] を配備します
30-Mar-2023 21:40:38.320 情報 [main] org.apache.jasper.servlet.TldScanner.scanJars 少なくとも1つのJARでTLDをスキャンしましたが、TLDが含まれていませんでした。スキャンしたもののTLDが見つからなかったJARの完全なリストについては、このロガーのデバッグログを有効にしてください。スキャン中に不要なJARをスキップすると、起動時間とJSPのコンパイル時間が短縮されます。
30-Mar-2023 21:40:38.345 情報 [main] org.apache.catalina.startup.HostConfig.deployDirectory ディレクトリ [/Users/asukanagai/Desktop/Attendance management/apache-tomcat-10.1.7 2/webapps/attendanceManagement] の Web アプリケーションの配備は [351] ミリ秒で完了しました。
30-Mar-2023 21:40:38.345 情報 [main] org.apache.catalina.startup.HostConfig.deployDirectory Web アプリケーションディレクトリ [/Users/asukanagai/Desktop/Attendance management/apache-tomcat-10.1.7 2/webapps/docs] を配備します
30-Mar-2023 21:40:38.357 情報 [main] org.apache.catalina.startup.HostConfig.deployDirectory ディレクトリ [/Users/asukanagai/Desktop/Attendance management/apache-tomcat-10.1.7 2/webapps/docs] の Web アプリケーションの配備は [12] ミリ秒で完了しました。
30-Mar-2023 21:40:38.357 情報 [main] org.apache.catalina.startup.HostConfig.deployDirectory Web アプリケーションディレクトリ [/Users/asukanagai/Desktop/Attendance management/apache-tomcat-10.1.7 2/webapps/manager] を配備します
30-Mar-2023 21:40:38.374 情報 [main] org.apache.catalina.startup.HostConfig.deployDirectory ディレクトリ [/Users/asukanagai/Desktop/Attendance management/apache-tomcat-10.1.7 2/webapps/manager] の Web アプリケーションの配備は [17] ミリ秒で完了しました。
30-Mar-2023 21:40:38.374 情報 [main] org.apache.catalina.startup.HostConfig.deployDirectory Web アプリケーションディレクトリ [/Users/asukanagai/Desktop/Attendance management/apache-tomcat-10.1.7 2/webapps/examples] を配備します
30-Mar-2023 21:40:38.485 情報 [main] org.apache.catalina.startup.HostConfig.deployDirectory ディレクトリ [/Users/asukanagai/Desktop/Attendance management/apache-tomcat-10.1.7 2/webapps/examples] の Web アプリケーションの配備は [110] ミリ秒で完了しました。
30-Mar-2023 21:40:38.485 情報 [main] org.apache.catalina.startup.HostConfig.deployDirectory Web アプリケーションディレクトリ [/Users/asukanagai/Desktop/Attendance management/apache-tomcat-10.1.7 2/webapps/ROOT] を配備します
30-Mar-2023 21:40:38.495 情報 [main] org.apache.catalina.startup.HostConfig.deployDirectory ディレクトリ [/Users/asukanagai/Desktop/Attendance management/apache-tomcat-10.1.7 2/webapps/ROOT] の Web アプリケーションの配備は [10] ミリ秒で完了しました。
30-Mar-2023 21:40:38.496 情報 [main] org.apache.catalina.startup.HostConfig.deployDirectory Web アプリケーションディレクトリ [/Users/asukanagai/Desktop/Attendance management/apache-tomcat-10.1.7 2/webapps/host-manager] を配備します
30-Mar-2023 21:40:38.506 情報 [main] org.apache.catalina.startup.HostConfig.deployDirectory ディレクトリ [/Users/asukanagai/Desktop/Attendance management/apache-tomcat-10.1.7 2/webapps/host-manager] の Web アプリケーションの配備は [11] ミリ秒で完了しました。
30-Mar-2023 21:40:38.508 情報 [main] org.apache.coyote.AbstractProtocol.start プロトコルハンドラー ["http-nio-8080"] を開始しました。
30-Mar-2023 21:40:38.514 情報 [main] org.apache.catalina.startup.Catalina.start サーバーの起動 [545] ミリ秒
30-Mar-2023 21:42:55.998 情報 [main] org.apache.catalina.startup.VersionLoggerListener.log Serverのバージョン名:     Apache Tomcat/10.1.7
30-Mar-2023 21:42:56.000 情報 [main] org.apache.catalina.startup.VersionLoggerListener.log Server ビルド:            Feb 27 2023 20:25:27 UTC
30-Mar-2023 21:42:56.000 情報 [main] org.apache.catalina.startup.VersionLoggerListener.log サーバーのバージョン番号: 10.1.7.0
30-Mar-2023 21:42:56.000 情報 [main] org.apache.catalina.startup.VersionLoggerListener.log OS 名:                    Mac OS X
30-Mar-2023 21:42:56.000 情報 [main] org.apache.catalina.startup.VersionLoggerListener.log OS バージョン:            12.1
30-Mar-2023 21:42:56.000 情報 [main] org.apache.catalina.startup.VersionLoggerListener.log アーキテクチャ:           aarch64
30-Mar-2023 21:42:56.000 情報 [main] org.apache.catalina.startup.VersionLoggerListener.log Java Home:                /Library/Java/JavaVirtualMachines/jdk-18.0.2.1.jdk/Contents/Home
30-Mar-2023 21:42:56.000 情報 [main] org.apache.catalina.startup.VersionLoggerListener.log JVM バージョン:           18.0.2.1+1-1
30-Mar-2023 21:42:56.000 情報 [main] org.apache.catalina.startup.VersionLoggerListener.log JVM ベンダ:               Oracle Corporation
30-Mar-2023 21:42:56.000 情報 [main] org.apache.catalina.startup.VersionLoggerListener.log CATALINA_BASE:            /Users/asukanagai/Desktop/Attendance management/apache-tomcat-10.1.7 2
30-Mar-2023 21:42:56.000 情報 [main] org.apache.catalina.startup.VersionLoggerListener.log CATALINA_HOME:            /Users/asukanagai/Desktop/Attendance management/apache-tomcat-10.1.7 2
30-Mar-2023 21:42:56.008 情報 [main] org.apache.catalina.startup.VersionLoggerListener.log コマンドライン引数:       -Djava.util.logging.config.file=/Users/asukanagai/Desktop/Attendance management/apache-tomcat-10.1.7 2/conf/logging.properties
30-Mar-2023 21:42:56.008 情報 [main] org.apache.catalina.startup.VersionLoggerListener.log コマンドライン引数:       -Djava.util.logging.manager=org.apache.juli.ClassLoaderLogManager
30-Mar-2023 21:42:56.008 情報 [main] org.apache.catalina.startup.VersionLoggerListener.log コマンドライン引数:       -Djdk.tls.ephemeralDHKeySize=2048
30-Mar-2023 21:42:56.008 情報 [main] org.apache.catalina.startup.VersionLoggerListener.log コマンドライン引数:       -Djava.protocol.handler.pkgs=org.apache.catalina.webresources
30-Mar-2023 21:42:56.008 情報 [main] org.apache.catalina.startup.VersionLoggerListener.log コマンドライン引数:       -Dorg.apache.catalina.security.SecurityListener.UMASK=0027
30-Mar-2023 21:42:56.008 情報 [main] org.apache.catalina.startup.VersionLoggerListener.log コマンドライン引数:       --add-opens=java.base/java.lang=ALL-UNNAMED
30-Mar-2023 21:42:56.008 情報 [main] org.apache.catalina.startup.VersionLoggerListener.log コマンドライン引数:       --add-opens=java.base/java.io=ALL-UNNAMED
30-Mar-2023 21:42:56.008 情報 [main] org.apache.catalina.startup.VersionLoggerListener.log コマンドライン引数:       --add-opens=java.base/java.util=ALL-UNNAMED
30-Mar-2023 21:42:56.008 情報 [main] org.apache.catalina.startup.VersionLoggerListener.log コマンドライン引数:       --add-opens=java.base/java.util.concurrent=ALL-UNNAMED
30-Mar-2023 21:42:56.008 情報 [main] org.apache.catalina.startup.VersionLoggerListener.log コマンドライン引数:       --add-opens=java.rmi/sun.rmi.transport=ALL-UNNAMED
30-Mar-2023 21:42:56.008 情報 [main] org.apache.catalina.startup.VersionLoggerListener.log コマンドライン引数:       -Dcatalina.base=/Users/asukanagai/Desktop/Attendance management/apache-tomcat-10.1.7 2
30-Mar-2023 21:42:56.008 情報 [main] org.apache.catalina.startup.VersionLoggerListener.log コマンドライン引数:       -Dcatalina.home=/Users/asukanagai/Desktop/Attendance management/apache-tomcat-10.1.7 2
30-Mar-2023 21:42:56.008 情報 [main] org.apache.catalina.startup.VersionLoggerListener.log コマンドライン引数:       -Djava.io.tmpdir=/Users/asukanagai/Desktop/Attendance management/apache-tomcat-10.1.7 2/temp
30-Mar-2023 21:42:56.013 情報 [main] org.apache.catalina.core.AprLifecycleListener.lifecycleEvent 商用環境に最適な性能を発揮する APR ベースの Tomcat ネイティブライブラリが java.library.path [/Users/asukanagai/Library/Java/Extensions:/Library/Java/Extensions:/Network/Library/Java/Extensions:/System/Library/Java/Extensions:/usr/lib/java:.] に存在しません。
30-Mar-2023 21:42:56.140 情報 [main] org.apache.coyote.AbstractProtocol.init プロトコルハンドラ ["http-nio-8080"] を初期化します。
30-Mar-2023 21:42:56.150 重大 [main] org.apache.catalina.util.LifecycleBase.handleSubClassException コンポーネント [Connector[HTTP/1.1-8080]] の初期化に失敗しました
	org.apache.catalina.LifecycleException: プロトコルハンドラの初期化に失敗しました
		at org.apache.catalina.connector.Connector.initInternal(Connector.java:1018)
		at org.apache.catalina.util.LifecycleBase.init(LifecycleBase.java:136)
		at org.apache.catalina.core.StandardService.initInternal(StandardService.java:549)
		at org.apache.catalina.util.LifecycleBase.init(LifecycleBase.java:136)
		at org.apache.catalina.core.StandardServer.initInternal(StandardServer.java:1003)
		at org.apache.catalina.util.LifecycleBase.init(LifecycleBase.java:136)
		at org.apache.catalina.startup.Catalina.load(Catalina.java:747)
		at org.apache.catalina.startup.Catalina.load(Catalina.java:769)
		at java.base/jdk.internal.reflect.DirectMethodHandleAccessor.invoke(DirectMethodHandleAccessor.java:104)
		at java.base/java.lang.reflect.Method.invoke(Method.java:577)
		at org.apache.catalina.startup.Bootstrap.load(Bootstrap.java:307)
		at org.apache.catalina.startup.Bootstrap.main(Bootstrap.java:477)
	Caused by: java.net.BindException: Address already in use
		at java.base/sun.nio.ch.Net.bind0(Native Method)
		at java.base/sun.nio.ch.Net.bind(Net.java:555)
		at java.base/sun.nio.ch.ServerSocketChannelImpl.netBind(ServerSocketChannelImpl.java:337)
		at java.base/sun.nio.ch.ServerSocketChannelImpl.bind(ServerSocketChannelImpl.java:294)
		at org.apache.tomcat.util.net.NioEndpoint.initServerSocket(NioEndpoint.java:247)
		at org.apache.tomcat.util.net.NioEndpoint.bind(NioEndpoint.java:202)
		at org.apache.tomcat.util.net.AbstractEndpoint.bindWithCleanup(AbstractEndpoint.java:1256)
		at org.apache.tomcat.util.net.AbstractEndpoint.init(AbstractEndpoint.java:1269)
		at org.apache.coyote.AbstractProtocol.init(AbstractProtocol.java:622)
		at org.apache.coyote.http11.AbstractHttp11Protocol.init(AbstractHttp11Protocol.java:77)
		at org.apache.catalina.connector.Connector.initInternal(Connector.java:1016)
		... 11 more
30-Mar-2023 21:42:56.151 情報 [main] org.apache.catalina.startup.Catalina.load サーバーの初期化 [259] ミリ秒
30-Mar-2023 21:42:56.169 情報 [main] org.apache.catalina.core.StandardService.startInternal サービス [Catalina] を起動します
30-Mar-2023 21:42:56.169 情報 [main] org.apache.catalina.core.StandardEngine.startInternal サーブレットエンジンの起動：[Apache Tomcat/10.1.7]
30-Mar-2023 21:42:56.172 情報 [main] org.apache.catalina.startup.HostConfig.deployDirectory Web アプリケーションディレクトリ [/Users/asukanagai/Desktop/Attendance management/apache-tomcat-10.1.7 2/webapps/attendanceManagement] を配備します
30-Mar-2023 21:42:56.436 情報 [main] org.apache.jasper.servlet.TldScanner.scanJars 少なくとも1つのJARでTLDをスキャンしましたが、TLDが含まれていませんでした。スキャンしたもののTLDが見つからなかったJARの完全なリストについては、このロガーのデバッグログを有効にしてください。スキャン中に不要なJARをスキップすると、起動時間とJSPのコンパイル時間が短縮されます。
30-Mar-2023 21:42:56.457 情報 [main] org.apache.catalina.startup.HostConfig.deployDirectory ディレクトリ [/Users/asukanagai/Desktop/Attendance management/apache-tomcat-10.1.7 2/webapps/attendanceManagement] の Web アプリケーションの配備は [284] ミリ秒で完了しました。
30-Mar-2023 21:42:56.457 情報 [main] org.apache.catalina.startup.HostConfig.deployDirectory Web アプリケーションディレクトリ [/Users/asukanagai/Desktop/Attendance management/apache-tomcat-10.1.7 2/webapps/docs] を配備します
30-Mar-2023 21:42:56.468 情報 [main] org.apache.catalina.startup.HostConfig.deployDirectory ディレクトリ [/Users/asukanagai/Desktop/Attendance management/apache-tomcat-10.1.7 2/webapps/docs] の Web アプリケーションの配備は [11] ミリ秒で完了しました。
30-Mar-2023 21:42:56.468 情報 [main] org.apache.catalina.startup.HostConfig.deployDirectory Web アプリケーションディレクトリ [/Users/asukanagai/Desktop/Attendance management/apache-tomcat-10.1.7 2/webapps/manager] を配備します
30-Mar-2023 21:42:56.483 情報 [main] org.apache.catalina.startup.HostConfig.deployDirectory ディレクトリ [/Users/asukanagai/Desktop/Attendance management/apache-tomcat-10.1.7 2/webapps/manager] の Web アプリケーションの配備は [15] ミリ秒で完了しました。
30-Mar-2023 21:42:56.483 情報 [main] org.apache.catalina.startup.HostConfig.deployDirectory Web アプリケーションディレクトリ [/Users/asukanagai/Desktop/Attendance management/apache-tomcat-10.1.7 2/webapps/examples] を配備します
30-Mar-2023 21:42:56.576 情報 [main] org.apache.catalina.startup.HostConfig.deployDirectory ディレクトリ [/Users/asukanagai/Desktop/Attendance management/apache-tomcat-10.1.7 2/webapps/examples] の Web アプリケーションの配備は [93] ミリ秒で完了しました。
30-Mar-2023 21:42:56.576 情報 [main] org.apache.catalina.startup.HostConfig.deployDirectory Web アプリケーションディレクトリ [/Users/asukanagai/Desktop/Attendance management/apache-tomcat-10.1.7 2/webapps/ROOT] を配備します
30-Mar-2023 21:42:56.584 情報 [main] org.apache.catalina.startup.HostConfig.deployDirectory ディレクトリ [/Users/asukanagai/Desktop/Attendance management/apache-tomcat-10.1.7 2/webapps/ROOT] の Web アプリケーションの配備は [8] ミリ秒で完了しました。
30-Mar-2023 21:42:56.584 情報 [main] org.apache.catalina.startup.HostConfig.deployDirectory Web アプリケーションディレクトリ [/Users/asukanagai/Desktop/Attendance management/apache-tomcat-10.1.7 2/webapps/host-manager] を配備します
30-Mar-2023 21:42:56.593 情報 [main] org.apache.catalina.startup.HostConfig.deployDirectory ディレクトリ [/Users/asukanagai/Desktop/Attendance management/apache-tomcat-10.1.7 2/webapps/host-manager] の Web アプリケーションの配備は [9] ミリ秒で完了しました。
30-Mar-2023 21:42:56.595 情報 [main] org.apache.catalina.startup.Catalina.start サーバーの起動 [443] ミリ秒
30-Mar-2023 21:42:56.599 重大 [main] org.apache.catalina.core.StandardServer.await アドレス [localhost] のポート番号 [8005] にサーバー停止ソケットを作成できませんでした (基本ポート番号は [8005]、オフセットは [0] です)
	java.net.BindException: Address already in use
		at java.base/sun.nio.ch.Net.bind0(Native Method)
		at java.base/sun.nio.ch.Net.bind(Net.java:555)
		at java.base/sun.nio.ch.Net.bind(Net.java:544)
		at java.base/sun.nio.ch.NioSocketImpl.bind(NioSocketImpl.java:640)
		at java.base/java.net.ServerSocket.bind(ServerSocket.java:392)
		at java.base/java.net.ServerSocket.<init>(ServerSocket.java:274)
		at org.apache.catalina.core.StandardServer.await(StandardServer.java:576)
		at org.apache.catalina.startup.Catalina.await(Catalina.java:887)
		at org.apache.catalina.startup.Catalina.start(Catalina.java:833)
		at java.base/jdk.internal.reflect.DirectMethodHandleAccessor.invoke(DirectMethodHandleAccessor.java:104)
		at java.base/java.lang.reflect.Method.invoke(Method.java:577)
		at org.apache.catalina.startup.Bootstrap.start(Bootstrap.java:347)
		at org.apache.catalina.startup.Bootstrap.main(Bootstrap.java:478)
30-Mar-2023 21:42:56.599 情報 [main] org.apache.coyote.AbstractProtocol.pause ProtocolHandler ["http-nio-8080"] を一時停止します。
30-Mar-2023 21:42:56.599 情報 [main] org.apache.catalina.core.StandardService.stopInternal サービス [Catalina] を停止します
30-Mar-2023 21:42:56.615 情報 [main] org.apache.coyote.AbstractProtocol.stop ProtocolHandler ["http-nio-8080"]の停止中
30-Mar-2023 21:42:56.616 情報 [main] org.apache.coyote.AbstractProtocol.destroy ProtocolHandler ["http-nio-8080"] を破棄します。
30-Mar-2023 21:42:58.271 情報 [main] org.apache.catalina.startup.VersionLoggerListener.log Serverのバージョン名:     Apache Tomcat/10.1.7
30-Mar-2023 21:42:58.272 情報 [main] org.apache.catalina.startup.VersionLoggerListener.log Server ビルド:            Feb 27 2023 20:25:27 UTC
30-Mar-2023 21:42:58.272 情報 [main] org.apache.catalina.startup.VersionLoggerListener.log サーバーのバージョン番号: 10.1.7.0
30-Mar-2023 21:42:58.272 情報 [main] org.apache.catalina.startup.VersionLoggerListener.log OS 名:                    Mac OS X
30-Mar-2023 21:42:58.272 情報 [main] org.apache.catalina.startup.VersionLoggerListener.log OS バージョン:            12.1
30-Mar-2023 21:42:58.272 情報 [main] org.apache.catalina.startup.VersionLoggerListener.log アーキテクチャ:           aarch64
30-Mar-2023 21:42:58.272 情報 [main] org.apache.catalina.startup.VersionLoggerListener.log Java Home:                /Library/Java/JavaVirtualMachines/jdk-18.0.2.1.jdk/Contents/Home
30-Mar-2023 21:42:58.272 情報 [main] org.apache.catalina.startup.VersionLoggerListener.log JVM バージョン:           18.0.2.1+1-1
30-Mar-2023 21:42:58.273 情報 [main] org.apache.catalina.startup.VersionLoggerListener.log JVM ベンダ:               Oracle Corporation
30-Mar-2023 21:42:58.273 情報 [main] org.apache.catalina.startup.VersionLoggerListener.log CATALINA_BASE:            /Users/asukanagai/Desktop/Attendance management/apache-tomcat-10.1.7 2
30-Mar-2023 21:42:58.273 情報 [main] org.apache.catalina.startup.VersionLoggerListener.log CATALINA_HOME:            /Users/asukanagai/Desktop/Attendance management/apache-tomcat-10.1.7 2
30-Mar-2023 21:42:58.277 情報 [main] org.apache.catalina.startup.VersionLoggerListener.log コマンドライン引数:       -Djava.util.logging.config.file=/Users/asukanagai/Desktop/Attendance management/apache-tomcat-10.1.7 2/conf/logging.properties
30-Mar-2023 21:42:58.278 情報 [main] org.apache.catalina.startup.VersionLoggerListener.log コマンドライン引数:       -Djava.util.logging.manager=org.apache.juli.ClassLoaderLogManager
30-Mar-2023 21:42:58.278 情報 [main] org.apache.catalina.startup.VersionLoggerListener.log コマンドライン引数:       -Djdk.tls.ephemeralDHKeySize=2048
30-Mar-2023 21:42:58.278 情報 [main] org.apache.catalina.startup.VersionLoggerListener.log コマンドライン引数:       -Djava.protocol.handler.pkgs=org.apache.catalina.webresources
30-Mar-2023 21:42:58.278 情報 [main] org.apache.catalina.startup.VersionLoggerListener.log コマンドライン引数:       -Dorg.apache.catalina.security.SecurityListener.UMASK=0027
30-Mar-2023 21:42:58.278 情報 [main] org.apache.catalina.startup.VersionLoggerListener.log コマンドライン引数:       --add-opens=java.base/java.lang=ALL-UNNAMED
30-Mar-2023 21:42:58.278 情報 [main] org.apache.catalina.startup.VersionLoggerListener.log コマンドライン引数:       --add-opens=java.base/java.io=ALL-UNNAMED
30-Mar-2023 21:42:58.278 情報 [main] org.apache.catalina.startup.VersionLoggerListener.log コマンドライン引数:       --add-opens=java.base/java.util=ALL-UNNAMED
30-Mar-2023 21:42:58.278 情報 [main] org.apache.catalina.startup.VersionLoggerListener.log コマンドライン引数:       --add-opens=java.base/java.util.concurrent=ALL-UNNAMED
30-Mar-2023 21:42:58.278 情報 [main] org.apache.catalina.startup.VersionLoggerListener.log コマンドライン引数:       --add-opens=java.rmi/sun.rmi.transport=ALL-UNNAMED
30-Mar-2023 21:42:58.278 情報 [main] org.apache.catalina.startup.VersionLoggerListener.log コマンドライン引数:       -Dcatalina.base=/Users/asukanagai/Desktop/Attendance management/apache-tomcat-10.1.7 2
30-Mar-2023 21:42:58.278 情報 [main] org.apache.catalina.startup.VersionLoggerListener.log コマンドライン引数:       -Dcatalina.home=/Users/asukanagai/Desktop/Attendance management/apache-tomcat-10.1.7 2
30-Mar-2023 21:42:58.278 情報 [main] org.apache.catalina.startup.VersionLoggerListener.log コマンドライン引数:       -Djava.io.tmpdir=/Users/asukanagai/Desktop/Attendance management/apache-tomcat-10.1.7 2/temp
30-Mar-2023 21:42:58.282 情報 [main] org.apache.catalina.core.AprLifecycleListener.lifecycleEvent 商用環境に最適な性能を発揮する APR ベースの Tomcat ネイティブライブラリが java.library.path [/Users/asukanagai/Library/Java/Extensions:/Library/Java/Extensions:/Network/Library/Java/Extensions:/System/Library/Java/Extensions:/usr/lib/java:.] に存在しません。
30-Mar-2023 21:42:58.408 情報 [main] org.apache.coyote.AbstractProtocol.init プロトコルハンドラ ["http-nio-8080"] を初期化します。
30-Mar-2023 21:42:58.417 重大 [main] org.apache.catalina.util.LifecycleBase.handleSubClassException コンポーネント [Connector[HTTP/1.1-8080]] の初期化に失敗しました
	org.apache.catalina.LifecycleException: プロトコルハンドラの初期化に失敗しました
		at org.apache.catalina.connector.Connector.initInternal(Connector.java:1018)
		at org.apache.catalina.util.LifecycleBase.init(LifecycleBase.java:136)
		at org.apache.catalina.core.StandardService.initInternal(StandardService.java:549)
		at org.apache.catalina.util.LifecycleBase.init(LifecycleBase.java:136)
		at org.apache.catalina.core.StandardServer.initInternal(StandardServer.java:1003)
		at org.apache.catalina.util.LifecycleBase.init(LifecycleBase.java:136)
		at org.apache.catalina.startup.Catalina.load(Catalina.java:747)
		at org.apache.catalina.startup.Catalina.load(Catalina.java:769)
		at java.base/jdk.internal.reflect.DirectMethodHandleAccessor.invoke(DirectMethodHandleAccessor.java:104)
		at java.base/java.lang.reflect.Method.invoke(Method.java:577)
		at org.apache.catalina.startup.Bootstrap.load(Bootstrap.java:307)
		at org.apache.catalina.startup.Bootstrap.main(Bootstrap.java:477)
	Caused by: java.net.BindException: Address already in use
		at java.base/sun.nio.ch.Net.bind0(Native Method)
		at java.base/sun.nio.ch.Net.bind(Net.java:555)
		at java.base/sun.nio.ch.ServerSocketChannelImpl.netBind(ServerSocketChannelImpl.java:337)
		at java.base/sun.nio.ch.ServerSocketChannelImpl.bind(ServerSocketChannelImpl.java:294)
		at org.apache.tomcat.util.net.NioEndpoint.initServerSocket(NioEndpoint.java:247)
		at org.apache.tomcat.util.net.NioEndpoint.bind(NioEndpoint.java:202)
		at org.apache.tomcat.util.net.AbstractEndpoint.bindWithCleanup(AbstractEndpoint.java:1256)
		at org.apache.tomcat.util.net.AbstractEndpoint.init(AbstractEndpoint.java:1269)
		at org.apache.coyote.AbstractProtocol.init(AbstractProtocol.java:622)
		at org.apache.coyote.http11.AbstractHttp11Protocol.init(AbstractHttp11Protocol.java:77)
		at org.apache.catalina.connector.Connector.initInternal(Connector.java:1016)
		... 11 more
30-Mar-2023 21:42:58.417 情報 [main] org.apache.catalina.startup.Catalina.load サーバーの初期化 [223] ミリ秒
30-Mar-2023 21:42:58.431 情報 [main] org.apache.catalina.core.StandardService.startInternal サービス [Catalina] を起動します
30-Mar-2023 21:42:58.432 情報 [main] org.apache.catalina.core.StandardEngine.startInternal サーブレットエンジンの起動：[Apache Tomcat/10.1.7]
30-Mar-2023 21:42:58.434 情報 [main] org.apache.catalina.startup.HostConfig.deployDirectory Web アプリケーションディレクトリ [/Users/asukanagai/Desktop/Attendance management/apache-tomcat-10.1.7 2/webapps/attendanceManagement] を配備します
30-Mar-2023 21:42:58.748 情報 [main] org.apache.jasper.servlet.TldScanner.scanJars 少なくとも1つのJARでTLDをスキャンしましたが、TLDが含まれていませんでした。スキャンしたもののTLDが見つからなかったJARの完全なリストについては、このロガーのデバッグログを有効にしてください。スキャン中に不要なJARをスキップすると、起動時間とJSPのコンパイル時間が短縮されます。
30-Mar-2023 21:42:58.766 情報 [main] org.apache.catalina.startup.HostConfig.deployDirectory ディレクトリ [/Users/asukanagai/Desktop/Attendance management/apache-tomcat-10.1.7 2/webapps/attendanceManagement] の Web アプリケーションの配備は [331] ミリ秒で完了しました。
30-Mar-2023 21:42:58.766 情報 [main] org.apache.catalina.startup.HostConfig.deployDirectory Web アプリケーションディレクトリ [/Users/asukanagai/Desktop/Attendance management/apache-tomcat-10.1.7 2/webapps/docs] を配備します
30-Mar-2023 21:42:58.777 情報 [main] org.apache.catalina.startup.HostConfig.deployDirectory ディレクトリ [/Users/asukanagai/Desktop/Attendance management/apache-tomcat-10.1.7 2/webapps/docs] の Web アプリケーションの配備は [11] ミリ秒で完了しました。
30-Mar-2023 21:42:58.777 情報 [main] org.apache.catalina.startup.HostConfig.deployDirectory Web アプリケーションディレクトリ [/Users/asukanagai/Desktop/Attendance management/apache-tomcat-10.1.7 2/webapps/manager] を配備します
30-Mar-2023 21:42:58.793 情報 [main] org.apache.catalina.startup.HostConfig.deployDirectory ディレクトリ [/Users/asukanagai/Desktop/Attendance management/apache-tomcat-10.1.7 2/webapps/manager] の Web アプリケーションの配備は [16] ミリ秒で完了しました。
30-Mar-2023 21:42:58.793 情報 [main] org.apache.catalina.startup.HostConfig.deployDirectory Web アプリケーションディレクトリ [/Users/asukanagai/Desktop/Attendance management/apache-tomcat-10.1.7 2/webapps/examples] を配備します
30-Mar-2023 21:42:58.891 情報 [main] org.apache.catalina.startup.HostConfig.deployDirectory ディレクトリ [/Users/asukanagai/Desktop/Attendance management/apache-tomcat-10.1.7 2/webapps/examples] の Web アプリケーションの配備は [98] ミリ秒で完了しました。
30-Mar-2023 21:42:58.891 情報 [main] org.apache.catalina.startup.HostConfig.deployDirectory Web アプリケーションディレクトリ [/Users/asukanagai/Desktop/Attendance management/apache-tomcat-10.1.7 2/webapps/ROOT] を配備します
30-Mar-2023 21:42:58.898 情報 [main] org.apache.catalina.startup.HostConfig.deployDirectory ディレクトリ [/Users/asukanagai/Desktop/Attendance management/apache-tomcat-10.1.7 2/webapps/ROOT] の Web アプリケーションの配備は [7] ミリ秒で完了しました。
30-Mar-2023 21:42:58.898 情報 [main] org.apache.catalina.startup.HostConfig.deployDirectory Web アプリケーションディレクトリ [/Users/asukanagai/Desktop/Attendance management/apache-tomcat-10.1.7 2/webapps/host-manager] を配備します
30-Mar-2023 21:42:58.907 情報 [main] org.apache.catalina.startup.HostConfig.deployDirectory ディレクトリ [/Users/asukanagai/Desktop/Attendance management/apache-tomcat-10.1.7 2/webapps/host-manager] の Web アプリケーションの配備は [9] ミリ秒で完了しました。
30-Mar-2023 21:42:58.909 情報 [main] org.apache.catalina.startup.Catalina.start サーバーの起動 [491] ミリ秒
30-Mar-2023 21:42:58.911 重大 [main] org.apache.catalina.core.StandardServer.await アドレス [localhost] のポート番号 [8005] にサーバー停止ソケットを作成できませんでした (基本ポート番号は [8005]、オフセットは [0] です)
	java.net.BindException: Address already in use
		at java.base/sun.nio.ch.Net.bind0(Native Method)
		at java.base/sun.nio.ch.Net.bind(Net.java:555)
		at java.base/sun.nio.ch.Net.bind(Net.java:544)
		at java.base/sun.nio.ch.NioSocketImpl.bind(NioSocketImpl.java:640)
		at java.base/java.net.ServerSocket.bind(ServerSocket.java:392)
		at java.base/java.net.ServerSocket.<init>(ServerSocket.java:274)
		at org.apache.catalina.core.StandardServer.await(StandardServer.java:576)
		at org.apache.catalina.startup.Catalina.await(Catalina.java:887)
		at org.apache.catalina.startup.Catalina.start(Catalina.java:833)
		at java.base/jdk.internal.reflect.DirectMethodHandleAccessor.invoke(DirectMethodHandleAccessor.java:104)
		at java.base/java.lang.reflect.Method.invoke(Method.java:577)
		at org.apache.catalina.startup.Bootstrap.start(Bootstrap.java:347)
		at org.apache.catalina.startup.Bootstrap.main(Bootstrap.java:478)
30-Mar-2023 21:42:58.912 情報 [main] org.apache.coyote.AbstractProtocol.pause ProtocolHandler ["http-nio-8080"] を一時停止します。
30-Mar-2023 21:42:58.912 情報 [main] org.apache.catalina.core.StandardService.stopInternal サービス [Catalina] を停止します
30-Mar-2023 21:42:58.921 情報 [main] org.apache.coyote.AbstractProtocol.stop ProtocolHandler ["http-nio-8080"]の停止中
30-Mar-2023 21:42:58.921 情報 [main] org.apache.coyote.AbstractProtocol.destroy ProtocolHandler ["http-nio-8080"] を破棄します。
30-Mar-2023 21:43:00.680 情報 [main] org.apache.catalina.core.StandardServer.await 有効なシャットダウンコマンドがシャットダウンポート経由で受信されました。 サーバーインスタンスを停止します。
30-Mar-2023 21:43:00.685 情報 [main] org.apache.coyote.AbstractProtocol.pause ProtocolHandler ["http-nio-8080"] を一時停止します。
30-Mar-2023 21:43:00.689 情報 [main] org.apache.catalina.core.StandardService.stopInternal サービス [Catalina] を停止します
30-Mar-2023 21:43:00.715 警告 [main] org.apache.catalina.loader.WebappClassLoaderBase.clearReferencesJdbc Web アプリケーション [attendanceManagement] は自身で登録した JDBC ドライバー [com.mysql.cj.jdbc.Driver] を停止時に解除できませんでした。メモリーリークの発生を防ぐには JDBC ドライバーを強制的に解除してください。
30-Mar-2023 21:43:00.716 警告 [main] org.apache.catalina.loader.WebappClassLoaderBase.clearReferencesThreads Webアプリケーション [attendanceManagement] は [mysql-cj-abandoned-connection-cleanup] という名前のスレッドを開始したようですが、停止に失敗しました。これはメモリリークを引き起こす可能性が非常に高いです。スレッドのスタックトレース: 
 java.base@18.0.2.1/java.lang.Object.wait(Native Method)
 java.base@18.0.2.1/java.lang.ref.ReferenceQueue.remove(ReferenceQueue.java:155)
 com.mysql.cj.jdbc.AbandonedConnectionCleanupThread.run(AbandonedConnectionCleanupThread.java:91)
 java.base@18.0.2.1/java.util.concurrent.ThreadPoolExecutor.runWorker(ThreadPoolExecutor.java:1136)
 java.base@18.0.2.1/java.util.concurrent.ThreadPoolExecutor$Worker.run(ThreadPoolExecutor.java:635)
 java.base@18.0.2.1/java.lang.Thread.run(Thread.java:833)
30-Mar-2023 21:43:00.722 情報 [main] org.apache.coyote.AbstractProtocol.stop ProtocolHandler ["http-nio-8080"]の停止中
30-Mar-2023 21:43:00.726 情報 [main] org.apache.coyote.AbstractProtocol.destroy ProtocolHandler ["http-nio-8080"] を破棄します。
30-Mar-2023 21:43:02.360 情報 [main] org.apache.catalina.startup.VersionLoggerListener.log Serverのバージョン名:     Apache Tomcat/10.1.7
30-Mar-2023 21:43:02.361 情報 [main] org.apache.catalina.startup.VersionLoggerListener.log Server ビルド:            Feb 27 2023 20:25:27 UTC
30-Mar-2023 21:43:02.362 情報 [main] org.apache.catalina.startup.VersionLoggerListener.log サーバーのバージョン番号: 10.1.7.0
30-Mar-2023 21:43:02.362 情報 [main] org.apache.catalina.startup.VersionLoggerListener.log OS 名:                    Mac OS X
30-Mar-2023 21:43:02.362 情報 [main] org.apache.catalina.startup.VersionLoggerListener.log OS バージョン:            12.1
30-Mar-2023 21:43:02.362 情報 [main] org.apache.catalina.startup.VersionLoggerListener.log アーキテクチャ:           aarch64
30-Mar-2023 21:43:02.362 情報 [main] org.apache.catalina.startup.VersionLoggerListener.log Java Home:                /Library/Java/JavaVirtualMachines/jdk-18.0.2.1.jdk/Contents/Home
30-Mar-2023 21:43:02.362 情報 [main] org.apache.catalina.startup.VersionLoggerListener.log JVM バージョン:           18.0.2.1+1-1
30-Mar-2023 21:43:02.362 情報 [main] org.apache.catalina.startup.VersionLoggerListener.log JVM ベンダ:               Oracle Corporation
30-Mar-2023 21:43:02.362 情報 [main] org.apache.catalina.startup.VersionLoggerListener.log CATALINA_BASE:            /Users/asukanagai/Desktop/Attendance management/apache-tomcat-10.1.7 2
30-Mar-2023 21:43:02.362 情報 [main] org.apache.catalina.startup.VersionLoggerListener.log CATALINA_HOME:            /Users/asukanagai/Desktop/Attendance management/apache-tomcat-10.1.7 2
30-Mar-2023 21:43:02.367 情報 [main] org.apache.catalina.startup.VersionLoggerListener.log コマンドライン引数:       -Djava.util.logging.config.file=/Users/asukanagai/Desktop/Attendance management/apache-tomcat-10.1.7 2/conf/logging.properties
30-Mar-2023 21:43:02.367 情報 [main] org.apache.catalina.startup.VersionLoggerListener.log コマンドライン引数:       -Djava.util.logging.manager=org.apache.juli.ClassLoaderLogManager
30-Mar-2023 21:43:02.367 情報 [main] org.apache.catalina.startup.VersionLoggerListener.log コマンドライン引数:       -Djdk.tls.ephemeralDHKeySize=2048
30-Mar-2023 21:43:02.368 情報 [main] org.apache.catalina.startup.VersionLoggerListener.log コマンドライン引数:       -Djava.protocol.handler.pkgs=org.apache.catalina.webresources
30-Mar-2023 21:43:02.368 情報 [main] org.apache.catalina.startup.VersionLoggerListener.log コマンドライン引数:       -Dorg.apache.catalina.security.SecurityListener.UMASK=0027
30-Mar-2023 21:43:02.368 情報 [main] org.apache.catalina.startup.VersionLoggerListener.log コマンドライン引数:       --add-opens=java.base/java.lang=ALL-UNNAMED
30-Mar-2023 21:43:02.368 情報 [main] org.apache.catalina.startup.VersionLoggerListener.log コマンドライン引数:       --add-opens=java.base/java.io=ALL-UNNAMED
30-Mar-2023 21:43:02.368 情報 [main] org.apache.catalina.startup.VersionLoggerListener.log コマンドライン引数:       --add-opens=java.base/java.util=ALL-UNNAMED
30-Mar-2023 21:43:02.368 情報 [main] org.apache.catalina.startup.VersionLoggerListener.log コマンドライン引数:       --add-opens=java.base/java.util.concurrent=ALL-UNNAMED
30-Mar-2023 21:43:02.368 情報 [main] org.apache.catalina.startup.VersionLoggerListener.log コマンドライン引数:       --add-opens=java.rmi/sun.rmi.transport=ALL-UNNAMED
30-Mar-2023 21:43:02.368 情報 [main] org.apache.catalina.startup.VersionLoggerListener.log コマンドライン引数:       -Dcatalina.base=/Users/asukanagai/Desktop/Attendance management/apache-tomcat-10.1.7 2
30-Mar-2023 21:43:02.368 情報 [main] org.apache.catalina.startup.VersionLoggerListener.log コマンドライン引数:       -Dcatalina.home=/Users/asukanagai/Desktop/Attendance management/apache-tomcat-10.1.7 2
30-Mar-2023 21:43:02.368 情報 [main] org.apache.catalina.startup.VersionLoggerListener.log コマンドライン引数:       -Djava.io.tmpdir=/Users/asukanagai/Desktop/Attendance management/apache-tomcat-10.1.7 2/temp
30-Mar-2023 21:43:02.372 情報 [main] org.apache.catalina.core.AprLifecycleListener.lifecycleEvent 商用環境に最適な性能を発揮する APR ベースの Tomcat ネイティブライブラリが java.library.path [/Users/asukanagai/Library/Java/Extensions:/Library/Java/Extensions:/Network/Library/Java/Extensions:/System/Library/Java/Extensions:/usr/lib/java:.] に存在しません。
30-Mar-2023 21:43:02.492 情報 [main] org.apache.coyote.AbstractProtocol.init プロトコルハンドラ ["http-nio-8080"] を初期化します。
30-Mar-2023 21:43:02.505 情報 [main] org.apache.catalina.startup.Catalina.load サーバーの初期化 [226] ミリ秒
30-Mar-2023 21:43:02.520 情報 [main] org.apache.catalina.core.StandardService.startInternal サービス [Catalina] を起動します
30-Mar-2023 21:43:02.520 情報 [main] org.apache.catalina.core.StandardEngine.startInternal サーブレットエンジンの起動：[Apache Tomcat/10.1.7]
30-Mar-2023 21:43:02.523 情報 [main] org.apache.catalina.startup.HostConfig.deployDirectory Web アプリケーションディレクトリ [/Users/asukanagai/Desktop/Attendance management/apache-tomcat-10.1.7 2/webapps/attendanceManagement] を配備します
30-Mar-2023 21:43:02.765 情報 [main] org.apache.jasper.servlet.TldScanner.scanJars 少なくとも1つのJARでTLDをスキャンしましたが、TLDが含まれていませんでした。スキャンしたもののTLDが見つからなかったJARの完全なリストについては、このロガーのデバッグログを有効にしてください。スキャン中に不要なJARをスキップすると、起動時間とJSPのコンパイル時間が短縮されます。
30-Mar-2023 21:43:02.784 情報 [main] org.apache.catalina.startup.HostConfig.deployDirectory ディレクトリ [/Users/asukanagai/Desktop/Attendance management/apache-tomcat-10.1.7 2/webapps/attendanceManagement] の Web アプリケーションの配備は [261] ミリ秒で完了しました。
30-Mar-2023 21:43:02.785 情報 [main] org.apache.catalina.startup.HostConfig.deployDirectory Web アプリケーションディレクトリ [/Users/asukanagai/Desktop/Attendance management/apache-tomcat-10.1.7 2/webapps/docs] を配備します
30-Mar-2023 21:43:02.795 情報 [main] org.apache.catalina.startup.HostConfig.deployDirectory ディレクトリ [/Users/asukanagai/Desktop/Attendance management/apache-tomcat-10.1.7 2/webapps/docs] の Web アプリケーションの配備は [9] ミリ秒で完了しました。
30-Mar-2023 21:43:02.795 情報 [main] org.apache.catalina.startup.HostConfig.deployDirectory Web アプリケーションディレクトリ [/Users/asukanagai/Desktop/Attendance management/apache-tomcat-10.1.7 2/webapps/manager] を配備します
30-Mar-2023 21:43:02.809 情報 [main] org.apache.catalina.startup.HostConfig.deployDirectory ディレクトリ [/Users/asukanagai/Desktop/Attendance management/apache-tomcat-10.1.7 2/webapps/manager] の Web アプリケーションの配備は [14] ミリ秒で完了しました。
30-Mar-2023 21:43:02.809 情報 [main] org.apache.catalina.startup.HostConfig.deployDirectory Web アプリケーションディレクトリ [/Users/asukanagai/Desktop/Attendance management/apache-tomcat-10.1.7 2/webapps/examples] を配備します
30-Mar-2023 21:43:02.891 情報 [main] org.apache.catalina.startup.HostConfig.deployDirectory ディレクトリ [/Users/asukanagai/Desktop/Attendance management/apache-tomcat-10.1.7 2/webapps/examples] の Web アプリケーションの配備は [82] ミリ秒で完了しました。
30-Mar-2023 21:43:02.891 情報 [main] org.apache.catalina.startup.HostConfig.deployDirectory Web アプリケーションディレクトリ [/Users/asukanagai/Desktop/Attendance management/apache-tomcat-10.1.7 2/webapps/ROOT] を配備します
30-Mar-2023 21:43:02.898 情報 [main] org.apache.catalina.startup.HostConfig.deployDirectory ディレクトリ [/Users/asukanagai/Desktop/Attendance management/apache-tomcat-10.1.7 2/webapps/ROOT] の Web アプリケーションの配備は [7] ミリ秒で完了しました。
30-Mar-2023 21:43:02.898 情報 [main] org.apache.catalina.startup.HostConfig.deployDirectory Web アプリケーションディレクトリ [/Users/asukanagai/Desktop/Attendance management/apache-tomcat-10.1.7 2/webapps/host-manager] を配備します
30-Mar-2023 21:43:02.906 情報 [main] org.apache.catalina.startup.HostConfig.deployDirectory ディレクトリ [/Users/asukanagai/Desktop/Attendance management/apache-tomcat-10.1.7 2/webapps/host-manager] の Web アプリケーションの配備は [8] ミリ秒で完了しました。
30-Mar-2023 21:43:02.907 情報 [main] org.apache.coyote.AbstractProtocol.start プロトコルハンドラー ["http-nio-8080"] を開始しました。
30-Mar-2023 21:43:02.914 情報 [main] org.apache.catalina.startup.Catalina.start サーバーの起動 [408] ミリ秒
30-Mar-2023 21:57:27.224 情報 [main] org.apache.catalina.core.StandardServer.await 有効なシャットダウンコマンドがシャットダウンポート経由で受信されました。 サーバーインスタンスを停止します。
30-Mar-2023 21:57:27.236 情報 [main] org.apache.coyote.AbstractProtocol.pause ProtocolHandler ["http-nio-8080"] を一時停止します。
30-Mar-2023 21:57:27.244 情報 [main] org.apache.catalina.core.StandardService.stopInternal サービス [Catalina] を停止します
30-Mar-2023 21:57:27.340 警告 [main] org.apache.catalina.loader.WebappClassLoaderBase.clearReferencesJdbc Web アプリケーション [attendanceManagement] は自身で登録した JDBC ドライバー [com.mysql.cj.jdbc.Driver] を停止時に解除できませんでした。メモリーリークの発生を防ぐには JDBC ドライバーを強制的に解除してください。
30-Mar-2023 21:57:27.341 警告 [main] org.apache.catalina.loader.WebappClassLoaderBase.clearReferencesThreads Webアプリケーション [attendanceManagement] は [mysql-cj-abandoned-connection-cleanup] という名前のスレッドを開始したようですが、停止に失敗しました。これはメモリリークを引き起こす可能性が非常に高いです。スレッドのスタックトレース: 
 java.base@18.0.2.1/java.lang.Object.wait(Native Method)
 java.base@18.0.2.1/java.lang.ref.ReferenceQueue.remove(ReferenceQueue.java:155)
 com.mysql.cj.jdbc.AbandonedConnectionCleanupThread.run(AbandonedConnectionCleanupThread.java:91)
 java.base@18.0.2.1/java.util.concurrent.ThreadPoolExecutor.runWorker(ThreadPoolExecutor.java:1136)
 java.base@18.0.2.1/java.util.concurrent.ThreadPoolExecutor$Worker.run(ThreadPoolExecutor.java:635)
 java.base@18.0.2.1/java.lang.Thread.run(Thread.java:833)
30-Mar-2023 21:57:27.351 情報 [main] org.apache.coyote.AbstractProtocol.stop ProtocolHandler ["http-nio-8080"]の停止中
30-Mar-2023 21:57:27.361 情報 [main] org.apache.coyote.AbstractProtocol.destroy ProtocolHandler ["http-nio-8080"] を破棄します。
30-Mar-2023 21:57:34.093 情報 [main] org.apache.catalina.startup.VersionLoggerListener.log Serverのバージョン名:     Apache Tomcat/10.1.7
30-Mar-2023 21:57:34.095 情報 [main] org.apache.catalina.startup.VersionLoggerListener.log Server ビルド:            Feb 27 2023 20:25:27 UTC
30-Mar-2023 21:57:34.095 情報 [main] org.apache.catalina.startup.VersionLoggerListener.log サーバーのバージョン番号: 10.1.7.0
30-Mar-2023 21:57:34.095 情報 [main] org.apache.catalina.startup.VersionLoggerListener.log OS 名:                    Mac OS X
30-Mar-2023 21:57:34.095 情報 [main] org.apache.catalina.startup.VersionLoggerListener.log OS バージョン:            12.1
30-Mar-2023 21:57:34.095 情報 [main] org.apache.catalina.startup.VersionLoggerListener.log アーキテクチャ:           aarch64
30-Mar-2023 21:57:34.095 情報 [main] org.apache.catalina.startup.VersionLoggerListener.log Java Home:                /Library/Java/JavaVirtualMachines/jdk-18.0.2.1.jdk/Contents/Home
30-Mar-2023 21:57:34.095 情報 [main] org.apache.catalina.startup.VersionLoggerListener.log JVM バージョン:           18.0.2.1+1-1
30-Mar-2023 21:57:34.095 情報 [main] org.apache.catalina.startup.VersionLoggerListener.log JVM ベンダ:               Oracle Corporation
30-Mar-2023 21:57:34.095 情報 [main] org.apache.catalina.startup.VersionLoggerListener.log CATALINA_BASE:            /Users/asukanagai/Desktop/Attendance management/apache-tomcat-10.1.7 2
30-Mar-2023 21:57:34.095 情報 [main] org.apache.catalina.startup.VersionLoggerListener.log CATALINA_HOME:            /Users/asukanagai/Desktop/Attendance management/apache-tomcat-10.1.7 2
30-Mar-2023 21:57:34.103 情報 [main] org.apache.catalina.startup.VersionLoggerListener.log コマンドライン引数:       -Djava.util.logging.config.file=/Users/asukanagai/Desktop/Attendance management/apache-tomcat-10.1.7 2/conf/logging.properties
30-Mar-2023 21:57:34.103 情報 [main] org.apache.catalina.startup.VersionLoggerListener.log コマンドライン引数:       -Djava.util.logging.manager=org.apache.juli.ClassLoaderLogManager
30-Mar-2023 21:57:34.103 情報 [main] org.apache.catalina.startup.VersionLoggerListener.log コマンドライン引数:       -Djdk.tls.ephemeralDHKeySize=2048
30-Mar-2023 21:57:34.103 情報 [main] org.apache.catalina.startup.VersionLoggerListener.log コマンドライン引数:       -Djava.protocol.handler.pkgs=org.apache.catalina.webresources
30-Mar-2023 21:57:34.103 情報 [main] org.apache.catalina.startup.VersionLoggerListener.log コマンドライン引数:       -Dorg.apache.catalina.security.SecurityListener.UMASK=0027
30-Mar-2023 21:57:34.103 情報 [main] org.apache.catalina.startup.VersionLoggerListener.log コマンドライン引数:       --add-opens=java.base/java.lang=ALL-UNNAMED
30-Mar-2023 21:57:34.103 情報 [main] org.apache.catalina.startup.VersionLoggerListener.log コマンドライン引数:       --add-opens=java.base/java.io=ALL-UNNAMED
30-Mar-2023 21:57:34.103 情報 [main] org.apache.catalina.startup.VersionLoggerListener.log コマンドライン引数:       --add-opens=java.base/java.util=ALL-UNNAMED
30-Mar-2023 21:57:34.104 情報 [main] org.apache.catalina.startup.VersionLoggerListener.log コマンドライン引数:       --add-opens=java.base/java.util.concurrent=ALL-UNNAMED
30-Mar-2023 21:57:34.104 情報 [main] org.apache.catalina.startup.VersionLoggerListener.log コマンドライン引数:       --add-opens=java.rmi/sun.rmi.transport=ALL-UNNAMED
30-Mar-2023 21:57:34.104 情報 [main] org.apache.catalina.startup.VersionLoggerListener.log コマンドライン引数:       -Dcatalina.base=/Users/asukanagai/Desktop/Attendance management/apache-tomcat-10.1.7 2
30-Mar-2023 21:57:34.104 情報 [main] org.apache.catalina.startup.VersionLoggerListener.log コマンドライン引数:       -Dcatalina.home=/Users/asukanagai/Desktop/Attendance management/apache-tomcat-10.1.7 2
30-Mar-2023 21:57:34.104 情報 [main] org.apache.catalina.startup.VersionLoggerListener.log コマンドライン引数:       -Djava.io.tmpdir=/Users/asukanagai/Desktop/Attendance management/apache-tomcat-10.1.7 2/temp
30-Mar-2023 21:57:34.108 情報 [main] org.apache.catalina.core.AprLifecycleListener.lifecycleEvent 商用環境に最適な性能を発揮する APR ベースの Tomcat ネイティブライブラリが java.library.path [/Users/asukanagai/Library/Java/Extensions:/Library/Java/Extensions:/Network/Library/Java/Extensions:/System/Library/Java/Extensions:/usr/lib/java:.] に存在しません。
30-Mar-2023 21:57:34.237 情報 [main] org.apache.coyote.AbstractProtocol.init プロトコルハンドラ ["http-nio-8080"] を初期化します。
30-Mar-2023 21:57:34.250 情報 [main] org.apache.catalina.startup.Catalina.load サーバーの初期化 [248] ミリ秒
30-Mar-2023 21:57:34.267 情報 [main] org.apache.catalina.core.StandardService.startInternal サービス [Catalina] を起動します
30-Mar-2023 21:57:34.267 情報 [main] org.apache.catalina.core.StandardEngine.startInternal サーブレットエンジンの起動：[Apache Tomcat/10.1.7]
30-Mar-2023 21:57:34.271 情報 [main] org.apache.catalina.startup.HostConfig.deployDirectory Web アプリケーションディレクトリ [/Users/asukanagai/Desktop/Attendance management/apache-tomcat-10.1.7 2/webapps/attendanceManagement] を配備します
30-Mar-2023 21:57:34.554 情報 [main] org.apache.jasper.servlet.TldScanner.scanJars 少なくとも1つのJARでTLDをスキャンしましたが、TLDが含まれていませんでした。スキャンしたもののTLDが見つからなかったJARの完全なリストについては、このロガーのデバッグログを有効にしてください。スキャン中に不要なJARをスキップすると、起動時間とJSPのコンパイル時間が短縮されます。
30-Mar-2023 21:57:34.575 情報 [main] org.apache.catalina.startup.HostConfig.deployDirectory ディレクトリ [/Users/asukanagai/Desktop/Attendance management/apache-tomcat-10.1.7 2/webapps/attendanceManagement] の Web アプリケーションの配備は [303] ミリ秒で完了しました。
30-Mar-2023 21:57:34.576 情報 [main] org.apache.catalina.startup.HostConfig.deployDirectory Web アプリケーションディレクトリ [/Users/asukanagai/Desktop/Attendance management/apache-tomcat-10.1.7 2/webapps/docs] を配備します
30-Mar-2023 21:57:34.588 情報 [main] org.apache.catalina.startup.HostConfig.deployDirectory ディレクトリ [/Users/asukanagai/Desktop/Attendance management/apache-tomcat-10.1.7 2/webapps/docs] の Web アプリケーションの配備は [12] ミリ秒で完了しました。
30-Mar-2023 21:57:34.589 情報 [main] org.apache.catalina.startup.HostConfig.deployDirectory Web アプリケーションディレクトリ [/Users/asukanagai/Desktop/Attendance management/apache-tomcat-10.1.7 2/webapps/manager] を配備します
30-Mar-2023 21:57:34.606 情報 [main] org.apache.catalina.startup.HostConfig.deployDirectory ディレクトリ [/Users/asukanagai/Desktop/Attendance management/apache-tomcat-10.1.7 2/webapps/manager] の Web アプリケーションの配備は [17] ミリ秒で完了しました。
30-Mar-2023 21:57:34.606 情報 [main] org.apache.catalina.startup.HostConfig.deployDirectory Web アプリケーションディレクトリ [/Users/asukanagai/Desktop/Attendance management/apache-tomcat-10.1.7 2/webapps/examples] を配備します
30-Mar-2023 21:57:34.711 情報 [main] org.apache.catalina.startup.HostConfig.deployDirectory ディレクトリ [/Users/asukanagai/Desktop/Attendance management/apache-tomcat-10.1.7 2/webapps/examples] の Web アプリケーションの配備は [105] ミリ秒で完了しました。
30-Mar-2023 21:57:34.712 情報 [main] org.apache.catalina.startup.HostConfig.deployDirectory Web アプリケーションディレクトリ [/Users/asukanagai/Desktop/Attendance management/apache-tomcat-10.1.7 2/webapps/ROOT] を配備します
30-Mar-2023 21:57:34.725 情報 [main] org.apache.catalina.startup.HostConfig.deployDirectory ディレクトリ [/Users/asukanagai/Desktop/Attendance management/apache-tomcat-10.1.7 2/webapps/ROOT] の Web アプリケーションの配備は [12] ミリ秒で完了しました。
30-Mar-2023 21:57:34.725 情報 [main] org.apache.catalina.startup.HostConfig.deployDirectory Web アプリケーションディレクトリ [/Users/asukanagai/Desktop/Attendance management/apache-tomcat-10.1.7 2/webapps/host-manager] を配備します
30-Mar-2023 21:57:34.738 情報 [main] org.apache.catalina.startup.HostConfig.deployDirectory ディレクトリ [/Users/asukanagai/Desktop/Attendance management/apache-tomcat-10.1.7 2/webapps/host-manager] の Web アプリケーションの配備は [13] ミリ秒で完了しました。
30-Mar-2023 21:57:34.741 情報 [main] org.apache.coyote.AbstractProtocol.start プロトコルハンドラー ["http-nio-8080"] を開始しました。
30-Mar-2023 21:57:34.754 情報 [main] org.apache.catalina.startup.Catalina.start サーバーの起動 [503] ミリ秒
30-Mar-2023 21:59:15.640 情報 [main] org.apache.catalina.core.StandardServer.await 有効なシャットダウンコマンドがシャットダウンポート経由で受信されました。 サーバーインスタンスを停止します。
30-Mar-2023 21:59:15.649 情報 [main] org.apache.coyote.AbstractProtocol.pause ProtocolHandler ["http-nio-8080"] を一時停止します。
30-Mar-2023 21:59:15.655 情報 [main] org.apache.catalina.core.StandardService.stopInternal サービス [Catalina] を停止します
30-Mar-2023 21:59:15.717 警告 [main] org.apache.catalina.loader.WebappClassLoaderBase.clearReferencesJdbc Web アプリケーション [attendanceManagement] は自身で登録した JDBC ドライバー [com.mysql.cj.jdbc.Driver] を停止時に解除できませんでした。メモリーリークの発生を防ぐには JDBC ドライバーを強制的に解除してください。
30-Mar-2023 21:59:15.718 警告 [main] org.apache.catalina.loader.WebappClassLoaderBase.clearReferencesThreads Webアプリケーション [attendanceManagement] は [mysql-cj-abandoned-connection-cleanup] という名前のスレッドを開始したようですが、停止に失敗しました。これはメモリリークを引き起こす可能性が非常に高いです。スレッドのスタックトレース: 
 java.base@18.0.2.1/java.lang.Object.wait(Native Method)
 java.base@18.0.2.1/java.lang.ref.ReferenceQueue.remove(ReferenceQueue.java:155)
 com.mysql.cj.jdbc.AbandonedConnectionCleanupThread.run(AbandonedConnectionCleanupThread.java:91)
 java.base@18.0.2.1/java.util.concurrent.ThreadPoolExecutor.runWorker(ThreadPoolExecutor.java:1136)
 java.base@18.0.2.1/java.util.concurrent.ThreadPoolExecutor$Worker.run(ThreadPoolExecutor.java:635)
 java.base@18.0.2.1/java.lang.Thread.run(Thread.java:833)
30-Mar-2023 21:59:15.725 情報 [main] org.apache.coyote.AbstractProtocol.stop ProtocolHandler ["http-nio-8080"]の停止中
30-Mar-2023 21:59:15.734 情報 [main] org.apache.coyote.AbstractProtocol.destroy ProtocolHandler ["http-nio-8080"] を破棄します。
30-Mar-2023 21:59:18.114 情報 [main] org.apache.catalina.startup.VersionLoggerListener.log Serverのバージョン名:     Apache Tomcat/10.1.7
30-Mar-2023 21:59:18.117 情報 [main] org.apache.catalina.startup.VersionLoggerListener.log Server ビルド:            Feb 27 2023 20:25:27 UTC
30-Mar-2023 21:59:18.117 情報 [main] org.apache.catalina.startup.VersionLoggerListener.log サーバーのバージョン番号: 10.1.7.0
30-Mar-2023 21:59:18.117 情報 [main] org.apache.catalina.startup.VersionLoggerListener.log OS 名:                    Mac OS X
30-Mar-2023 21:59:18.117 情報 [main] org.apache.catalina.startup.VersionLoggerListener.log OS バージョン:            12.1
30-Mar-2023 21:59:18.117 情報 [main] org.apache.catalina.startup.VersionLoggerListener.log アーキテクチャ:           aarch64
30-Mar-2023 21:59:18.117 情報 [main] org.apache.catalina.startup.VersionLoggerListener.log Java Home:                /Library/Java/JavaVirtualMachines/jdk-18.0.2.1.jdk/Contents/Home
30-Mar-2023 21:59:18.117 情報 [main] org.apache.catalina.startup.VersionLoggerListener.log JVM バージョン:           18.0.2.1+1-1
30-Mar-2023 21:59:18.117 情報 [main] org.apache.catalina.startup.VersionLoggerListener.log JVM ベンダ:               Oracle Corporation
30-Mar-2023 21:59:18.117 情報 [main] org.apache.catalina.startup.VersionLoggerListener.log CATALINA_BASE:            /Users/asukanagai/Desktop/Attendance management/apache-tomcat-10.1.7 2
30-Mar-2023 21:59:18.117 情報 [main] org.apache.catalina.startup.VersionLoggerListener.log CATALINA_HOME:            /Users/asukanagai/Desktop/Attendance management/apache-tomcat-10.1.7 2
30-Mar-2023 21:59:18.129 情報 [main] org.apache.catalina.startup.VersionLoggerListener.log コマンドライン引数:       -Djava.util.logging.config.file=/Users/asukanagai/Desktop/Attendance management/apache-tomcat-10.1.7 2/conf/logging.properties
30-Mar-2023 21:59:18.129 情報 [main] org.apache.catalina.startup.VersionLoggerListener.log コマンドライン引数:       -Djava.util.logging.manager=org.apache.juli.ClassLoaderLogManager
30-Mar-2023 21:59:18.129 情報 [main] org.apache.catalina.startup.VersionLoggerListener.log コマンドライン引数:       -Djdk.tls.ephemeralDHKeySize=2048
30-Mar-2023 21:59:18.129 情報 [main] org.apache.catalina.startup.VersionLoggerListener.log コマンドライン引数:       -Djava.protocol.handler.pkgs=org.apache.catalina.webresources
30-Mar-2023 21:59:18.129 情報 [main] org.apache.catalina.startup.VersionLoggerListener.log コマンドライン引数:       -Dorg.apache.catalina.security.SecurityListener.UMASK=0027
30-Mar-2023 21:59:18.130 情報 [main] org.apache.catalina.startup.VersionLoggerListener.log コマンドライン引数:       --add-opens=java.base/java.lang=ALL-UNNAMED
30-Mar-2023 21:59:18.130 情報 [main] org.apache.catalina.startup.VersionLoggerListener.log コマンドライン引数:       --add-opens=java.base/java.io=ALL-UNNAMED
30-Mar-2023 21:59:18.130 情報 [main] org.apache.catalina.startup.VersionLoggerListener.log コマンドライン引数:       --add-opens=java.base/java.util=ALL-UNNAMED
30-Mar-2023 21:59:18.130 情報 [main] org.apache.catalina.startup.VersionLoggerListener.log コマンドライン引数:       --add-opens=java.base/java.util.concurrent=ALL-UNNAMED
30-Mar-2023 21:59:18.130 情報 [main] org.apache.catalina.startup.VersionLoggerListener.log コマンドライン引数:       --add-opens=java.rmi/sun.rmi.transport=ALL-UNNAMED
30-Mar-2023 21:59:18.130 情報 [main] org.apache.catalina.startup.VersionLoggerListener.log コマンドライン引数:       -Dcatalina.base=/Users/asukanagai/Desktop/Attendance management/apache-tomcat-10.1.7 2
30-Mar-2023 21:59:18.130 情報 [main] org.apache.catalina.startup.VersionLoggerListener.log コマンドライン引数:       -Dcatalina.home=/Users/asukanagai/Desktop/Attendance management/apache-tomcat-10.1.7 2
30-Mar-2023 21:59:18.130 情報 [main] org.apache.catalina.startup.VersionLoggerListener.log コマンドライン引数:       -Djava.io.tmpdir=/Users/asukanagai/Desktop/Attendance management/apache-tomcat-10.1.7 2/temp
30-Mar-2023 21:59:18.134 情報 [main] org.apache.catalina.core.AprLifecycleListener.lifecycleEvent 商用環境に最適な性能を発揮する APR ベースの Tomcat ネイティブライブラリが java.library.path [/Users/asukanagai/Library/Java/Extensions:/Library/Java/Extensions:/Network/Library/Java/Extensions:/System/Library/Java/Extensions:/usr/lib/java:.] に存在しません。
30-Mar-2023 21:59:18.268 情報 [main] org.apache.coyote.AbstractProtocol.init プロトコルハンドラ ["http-nio-8080"] を初期化します。
30-Mar-2023 21:59:18.283 情報 [main] org.apache.catalina.startup.Catalina.load サーバーの初期化 [263] ミリ秒
30-Mar-2023 21:59:18.303 情報 [main] org.apache.catalina.core.StandardService.startInternal サービス [Catalina] を起動します
30-Mar-2023 21:59:18.303 情報 [main] org.apache.catalina.core.StandardEngine.startInternal サーブレットエンジンの起動：[Apache Tomcat/10.1.7]
30-Mar-2023 21:59:18.306 情報 [main] org.apache.catalina.startup.HostConfig.deployDirectory Web アプリケーションディレクトリ [/Users/asukanagai/Desktop/Attendance management/apache-tomcat-10.1.7 2/webapps/attendanceManagement] を配備します
30-Mar-2023 21:59:18.686 情報 [main] org.apache.jasper.servlet.TldScanner.scanJars 少なくとも1つのJARでTLDをスキャンしましたが、TLDが含まれていませんでした。スキャンしたもののTLDが見つからなかったJARの完全なリストについては、このロガーのデバッグログを有効にしてください。スキャン中に不要なJARをスキップすると、起動時間とJSPのコンパイル時間が短縮されます。
30-Mar-2023 21:59:18.708 情報 [main] org.apache.catalina.startup.HostConfig.deployDirectory ディレクトリ [/Users/asukanagai/Desktop/Attendance management/apache-tomcat-10.1.7 2/webapps/attendanceManagement] の Web アプリケーションの配備は [401] ミリ秒で完了しました。
30-Mar-2023 21:59:18.708 情報 [main] org.apache.catalina.startup.HostConfig.deployDirectory Web アプリケーションディレクトリ [/Users/asukanagai/Desktop/Attendance management/apache-tomcat-10.1.7 2/webapps/docs] を配備します
30-Mar-2023 21:59:18.720 情報 [main] org.apache.catalina.startup.HostConfig.deployDirectory ディレクトリ [/Users/asukanagai/Desktop/Attendance management/apache-tomcat-10.1.7 2/webapps/docs] の Web アプリケーションの配備は [12] ミリ秒で完了しました。
30-Mar-2023 21:59:18.720 情報 [main] org.apache.catalina.startup.HostConfig.deployDirectory Web アプリケーションディレクトリ [/Users/asukanagai/Desktop/Attendance management/apache-tomcat-10.1.7 2/webapps/manager] を配備します
30-Mar-2023 21:59:18.748 情報 [main] org.apache.catalina.startup.HostConfig.deployDirectory ディレクトリ [/Users/asukanagai/Desktop/Attendance management/apache-tomcat-10.1.7 2/webapps/manager] の Web アプリケーションの配備は [28] ミリ秒で完了しました。
30-Mar-2023 21:59:18.748 情報 [main] org.apache.catalina.startup.HostConfig.deployDirectory Web アプリケーションディレクトリ [/Users/asukanagai/Desktop/Attendance management/apache-tomcat-10.1.7 2/webapps/examples] を配備します
30-Mar-2023 21:59:18.906 情報 [main] org.apache.catalina.startup.HostConfig.deployDirectory ディレクトリ [/Users/asukanagai/Desktop/Attendance management/apache-tomcat-10.1.7 2/webapps/examples] の Web アプリケーションの配備は [158] ミリ秒で完了しました。
30-Mar-2023 21:59:18.906 情報 [main] org.apache.catalina.startup.HostConfig.deployDirectory Web アプリケーションディレクトリ [/Users/asukanagai/Desktop/Attendance management/apache-tomcat-10.1.7 2/webapps/ROOT] を配備します
30-Mar-2023 21:59:18.914 情報 [main] org.apache.catalina.startup.HostConfig.deployDirectory ディレクトリ [/Users/asukanagai/Desktop/Attendance management/apache-tomcat-10.1.7 2/webapps/ROOT] の Web アプリケーションの配備は [8] ミリ秒で完了しました。
30-Mar-2023 21:59:18.914 情報 [main] org.apache.catalina.startup.HostConfig.deployDirectory Web アプリケーションディレクトリ [/Users/asukanagai/Desktop/Attendance management/apache-tomcat-10.1.7 2/webapps/host-manager] を配備します
30-Mar-2023 21:59:18.923 情報 [main] org.apache.catalina.startup.HostConfig.deployDirectory ディレクトリ [/Users/asukanagai/Desktop/Attendance management/apache-tomcat-10.1.7 2/webapps/host-manager] の Web アプリケーションの配備は [9] ミリ秒で完了しました。
30-Mar-2023 21:59:18.924 情報 [main] org.apache.coyote.AbstractProtocol.start プロトコルハンドラー ["http-nio-8080"] を開始しました。
30-Mar-2023 21:59:18.930 情報 [main] org.apache.catalina.startup.Catalina.start サーバーの起動 [646] ミリ秒
30-Mar-2023 22:08:00.907 情報 [main] org.apache.catalina.core.StandardServer.await 有効なシャットダウンコマンドがシャットダウンポート経由で受信されました。 サーバーインスタンスを停止します。
30-Mar-2023 22:08:00.921 情報 [main] org.apache.coyote.AbstractProtocol.pause ProtocolHandler ["http-nio-8080"] を一時停止します。
30-Mar-2023 22:08:00.930 情報 [main] org.apache.catalina.core.StandardService.stopInternal サービス [Catalina] を停止します
30-Mar-2023 22:08:01.007 警告 [main] org.apache.catalina.loader.WebappClassLoaderBase.clearReferencesJdbc Web アプリケーション [attendanceManagement] は自身で登録した JDBC ドライバー [com.mysql.cj.jdbc.Driver] を停止時に解除できませんでした。メモリーリークの発生を防ぐには JDBC ドライバーを強制的に解除してください。
30-Mar-2023 22:08:01.009 警告 [main] org.apache.catalina.loader.WebappClassLoaderBase.clearReferencesThreads Webアプリケーション [attendanceManagement] は [mysql-cj-abandoned-connection-cleanup] という名前のスレッドを開始したようですが、停止に失敗しました。これはメモリリークを引き起こす可能性が非常に高いです。スレッドのスタックトレース: 
 java.base@18.0.2.1/java.lang.Object.wait(Native Method)
 java.base@18.0.2.1/java.lang.ref.ReferenceQueue.remove(ReferenceQueue.java:155)
 com.mysql.cj.jdbc.AbandonedConnectionCleanupThread.run(AbandonedConnectionCleanupThread.java:91)
 java.base@18.0.2.1/java.util.concurrent.ThreadPoolExecutor.runWorker(ThreadPoolExecutor.java:1136)
 java.base@18.0.2.1/java.util.concurrent.ThreadPoolExecutor$Worker.run(ThreadPoolExecutor.java:635)
 java.base@18.0.2.1/java.lang.Thread.run(Thread.java:833)
30-Mar-2023 22:08:01.019 情報 [main] org.apache.coyote.AbstractProtocol.stop ProtocolHandler ["http-nio-8080"]の停止中
30-Mar-2023 22:08:01.033 情報 [main] org.apache.coyote.AbstractProtocol.destroy ProtocolHandler ["http-nio-8080"] を破棄します。
30-Mar-2023 22:08:03.610 情報 [main] org.apache.catalina.startup.VersionLoggerListener.log Serverのバージョン名:     Apache Tomcat/10.1.7
30-Mar-2023 22:08:03.612 情報 [main] org.apache.catalina.startup.VersionLoggerListener.log Server ビルド:            Feb 27 2023 20:25:27 UTC
30-Mar-2023 22:08:03.612 情報 [main] org.apache.catalina.startup.VersionLoggerListener.log サーバーのバージョン番号: 10.1.7.0
30-Mar-2023 22:08:03.612 情報 [main] org.apache.catalina.startup.VersionLoggerListener.log OS 名:                    Mac OS X
30-Mar-2023 22:08:03.612 情報 [main] org.apache.catalina.startup.VersionLoggerListener.log OS バージョン:            12.1
30-Mar-2023 22:08:03.612 情報 [main] org.apache.catalina.startup.VersionLoggerListener.log アーキテクチャ:           aarch64
30-Mar-2023 22:08:03.612 情報 [main] org.apache.catalina.startup.VersionLoggerListener.log Java Home:                /Library/Java/JavaVirtualMachines/jdk-18.0.2.1.jdk/Contents/Home
30-Mar-2023 22:08:03.612 情報 [main] org.apache.catalina.startup.VersionLoggerListener.log JVM バージョン:           18.0.2.1+1-1
30-Mar-2023 22:08:03.612 情報 [main] org.apache.catalina.startup.VersionLoggerListener.log JVM ベンダ:               Oracle Corporation
30-Mar-2023 22:08:03.612 情報 [main] org.apache.catalina.startup.VersionLoggerListener.log CATALINA_BASE:            /Users/asukanagai/Desktop/Attendance management/apache-tomcat-10.1.7 2
30-Mar-2023 22:08:03.612 情報 [main] org.apache.catalina.startup.VersionLoggerListener.log CATALINA_HOME:            /Users/asukanagai/Desktop/Attendance management/apache-tomcat-10.1.7 2
30-Mar-2023 22:08:03.644 情報 [main] org.apache.catalina.startup.VersionLoggerListener.log コマンドライン引数:       -Djava.util.logging.config.file=/Users/asukanagai/Desktop/Attendance management/apache-tomcat-10.1.7 2/conf/logging.properties
30-Mar-2023 22:08:03.644 情報 [main] org.apache.catalina.startup.VersionLoggerListener.log コマンドライン引数:       -Djava.util.logging.manager=org.apache.juli.ClassLoaderLogManager
30-Mar-2023 22:08:03.644 情報 [main] org.apache.catalina.startup.VersionLoggerListener.log コマンドライン引数:       -Djdk.tls.ephemeralDHKeySize=2048
30-Mar-2023 22:08:03.644 情報 [main] org.apache.catalina.startup.VersionLoggerListener.log コマンドライン引数:       -Djava.protocol.handler.pkgs=org.apache.catalina.webresources
30-Mar-2023 22:08:03.644 情報 [main] org.apache.catalina.startup.VersionLoggerListener.log コマンドライン引数:       -Dorg.apache.catalina.security.SecurityListener.UMASK=0027
30-Mar-2023 22:08:03.644 情報 [main] org.apache.catalina.startup.VersionLoggerListener.log コマンドライン引数:       --add-opens=java.base/java.lang=ALL-UNNAMED
30-Mar-2023 22:08:03.644 情報 [main] org.apache.catalina.startup.VersionLoggerListener.log コマンドライン引数:       --add-opens=java.base/java.io=ALL-UNNAMED
30-Mar-2023 22:08:03.644 情報 [main] org.apache.catalina.startup.VersionLoggerListener.log コマンドライン引数:       --add-opens=java.base/java.util=ALL-UNNAMED
30-Mar-2023 22:08:03.644 情報 [main] org.apache.catalina.startup.VersionLoggerListener.log コマンドライン引数:       --add-opens=java.base/java.util.concurrent=ALL-UNNAMED
30-Mar-2023 22:08:03.644 情報 [main] org.apache.catalina.startup.VersionLoggerListener.log コマンドライン引数:       --add-opens=java.rmi/sun.rmi.transport=ALL-UNNAMED
30-Mar-2023 22:08:03.644 情報 [main] org.apache.catalina.startup.VersionLoggerListener.log コマンドライン引数:       -Dcatalina.base=/Users/asukanagai/Desktop/Attendance management/apache-tomcat-10.1.7 2
30-Mar-2023 22:08:03.644 情報 [main] org.apache.catalina.startup.VersionLoggerListener.log コマンドライン引数:       -Dcatalina.home=/Users/asukanagai/Desktop/Attendance management/apache-tomcat-10.1.7 2
30-Mar-2023 22:08:03.644 情報 [main] org.apache.catalina.startup.VersionLoggerListener.log コマンドライン引数:       -Djava.io.tmpdir=/Users/asukanagai/Desktop/Attendance management/apache-tomcat-10.1.7 2/temp
30-Mar-2023 22:08:03.649 情報 [main] org.apache.catalina.core.AprLifecycleListener.lifecycleEvent 商用環境に最適な性能を発揮する APR ベースの Tomcat ネイティブライブラリが java.library.path [/Users/asukanagai/Library/Java/Extensions:/Library/Java/Extensions:/Network/Library/Java/Extensions:/System/Library/Java/Extensions:/usr/lib/java:.] に存在しません。
30-Mar-2023 22:08:03.786 情報 [main] org.apache.coyote.AbstractProtocol.init プロトコルハンドラ ["http-nio-8080"] を初期化します。
30-Mar-2023 22:08:03.800 情報 [main] org.apache.catalina.startup.Catalina.load サーバーの初期化 [283] ミリ秒
30-Mar-2023 22:08:03.818 情報 [main] org.apache.catalina.core.StandardService.startInternal サービス [Catalina] を起動します
30-Mar-2023 22:08:03.818 情報 [main] org.apache.catalina.core.StandardEngine.startInternal サーブレットエンジンの起動：[Apache Tomcat/10.1.7]
30-Mar-2023 22:08:03.822 情報 [main] org.apache.catalina.startup.HostConfig.deployDirectory Web アプリケーションディレクトリ [/Users/asukanagai/Desktop/Attendance management/apache-tomcat-10.1.7 2/webapps/attendanceManagement] を配備します
30-Mar-2023 22:08:04.101 情報 [main] org.apache.jasper.servlet.TldScanner.scanJars 少なくとも1つのJARでTLDをスキャンしましたが、TLDが含まれていませんでした。スキャンしたもののTLDが見つからなかったJARの完全なリストについては、このロガーのデバッグログを有効にしてください。スキャン中に不要なJARをスキップすると、起動時間とJSPのコンパイル時間が短縮されます。
30-Mar-2023 22:08:04.123 情報 [main] org.apache.catalina.startup.HostConfig.deployDirectory ディレクトリ [/Users/asukanagai/Desktop/Attendance management/apache-tomcat-10.1.7 2/webapps/attendanceManagement] の Web アプリケーションの配備は [300] ミリ秒で完了しました。
30-Mar-2023 22:08:04.124 情報 [main] org.apache.catalina.startup.HostConfig.deployDirectory Web アプリケーションディレクトリ [/Users/asukanagai/Desktop/Attendance management/apache-tomcat-10.1.7 2/webapps/docs] を配備します
30-Mar-2023 22:08:04.135 情報 [main] org.apache.catalina.startup.HostConfig.deployDirectory ディレクトリ [/Users/asukanagai/Desktop/Attendance management/apache-tomcat-10.1.7 2/webapps/docs] の Web アプリケーションの配備は [11] ミリ秒で完了しました。
30-Mar-2023 22:08:04.135 情報 [main] org.apache.catalina.startup.HostConfig.deployDirectory Web アプリケーションディレクトリ [/Users/asukanagai/Desktop/Attendance management/apache-tomcat-10.1.7 2/webapps/manager] を配備します
30-Mar-2023 22:08:04.151 情報 [main] org.apache.catalina.startup.HostConfig.deployDirectory ディレクトリ [/Users/asukanagai/Desktop/Attendance management/apache-tomcat-10.1.7 2/webapps/manager] の Web アプリケーションの配備は [16] ミリ秒で完了しました。
30-Mar-2023 22:08:04.151 情報 [main] org.apache.catalina.startup.HostConfig.deployDirectory Web アプリケーションディレクトリ [/Users/asukanagai/Desktop/Attendance management/apache-tomcat-10.1.7 2/webapps/examples] を配備します
30-Mar-2023 22:08:04.256 情報 [main] org.apache.catalina.startup.HostConfig.deployDirectory ディレクトリ [/Users/asukanagai/Desktop/Attendance management/apache-tomcat-10.1.7 2/webapps/examples] の Web アプリケーションの配備は [105] ミリ秒で完了しました。
30-Mar-2023 22:08:04.256 情報 [main] org.apache.catalina.startup.HostConfig.deployDirectory Web アプリケーションディレクトリ [/Users/asukanagai/Desktop/Attendance management/apache-tomcat-10.1.7 2/webapps/ROOT] を配備します
30-Mar-2023 22:08:04.264 情報 [main] org.apache.catalina.startup.HostConfig.deployDirectory ディレクトリ [/Users/asukanagai/Desktop/Attendance management/apache-tomcat-10.1.7 2/webapps/ROOT] の Web アプリケーションの配備は [8] ミリ秒で完了しました。
30-Mar-2023 22:08:04.265 情報 [main] org.apache.catalina.startup.HostConfig.deployDirectory Web アプリケーションディレクトリ [/Users/asukanagai/Desktop/Attendance management/apache-tomcat-10.1.7 2/webapps/host-manager] を配備します
30-Mar-2023 22:08:04.274 情報 [main] org.apache.catalina.startup.HostConfig.deployDirectory ディレクトリ [/Users/asukanagai/Desktop/Attendance management/apache-tomcat-10.1.7 2/webapps/host-manager] の Web アプリケーションの配備は [9] ミリ秒で完了しました。
30-Mar-2023 22:08:04.275 情報 [main] org.apache.coyote.AbstractProtocol.start プロトコルハンドラー ["http-nio-8080"] を開始しました。
30-Mar-2023 22:08:04.281 情報 [main] org.apache.catalina.startup.Catalina.start サーバーの起動 [480] ミリ秒
30-Mar-2023 22:24:04.857 情報 [main] org.apache.catalina.core.StandardServer.await 有効なシャットダウンコマンドがシャットダウンポート経由で受信されました。 サーバーインスタンスを停止します。
30-Mar-2023 22:24:04.864 情報 [main] org.apache.coyote.AbstractProtocol.pause ProtocolHandler ["http-nio-8080"] を一時停止します。
30-Mar-2023 22:24:04.869 情報 [main] org.apache.catalina.core.StandardService.stopInternal サービス [Catalina] を停止します
30-Mar-2023 22:24:04.902 警告 [main] org.apache.catalina.loader.WebappClassLoaderBase.clearReferencesJdbc Web アプリケーション [attendanceManagement] は自身で登録した JDBC ドライバー [com.mysql.cj.jdbc.Driver] を停止時に解除できませんでした。メモリーリークの発生を防ぐには JDBC ドライバーを強制的に解除してください。
30-Mar-2023 22:24:04.903 警告 [main] org.apache.catalina.loader.WebappClassLoaderBase.clearReferencesThreads Webアプリケーション [attendanceManagement] は [mysql-cj-abandoned-connection-cleanup] という名前のスレッドを開始したようですが、停止に失敗しました。これはメモリリークを引き起こす可能性が非常に高いです。スレッドのスタックトレース: 
 java.base@18.0.2.1/java.lang.Object.wait(Native Method)
 java.base@18.0.2.1/java.lang.ref.ReferenceQueue.remove(ReferenceQueue.java:155)
 com.mysql.cj.jdbc.AbandonedConnectionCleanupThread.run(AbandonedConnectionCleanupThread.java:91)
 java.base@18.0.2.1/java.util.concurrent.ThreadPoolExecutor.runWorker(ThreadPoolExecutor.java:1136)
 java.base@18.0.2.1/java.util.concurrent.ThreadPoolExecutor$Worker.run(ThreadPoolExecutor.java:635)
 java.base@18.0.2.1/java.lang.Thread.run(Thread.java:833)
30-Mar-2023 22:24:04.911 情報 [main] org.apache.coyote.AbstractProtocol.stop ProtocolHandler ["http-nio-8080"]の停止中
30-Mar-2023 22:24:04.921 情報 [main] org.apache.coyote.AbstractProtocol.destroy ProtocolHandler ["http-nio-8080"] を破棄します。
30-Mar-2023 22:24:09.129 情報 [main] org.apache.catalina.startup.VersionLoggerListener.log Serverのバージョン名:     Apache Tomcat/10.1.7
30-Mar-2023 22:24:09.132 情報 [main] org.apache.catalina.startup.VersionLoggerListener.log Server ビルド:            Feb 27 2023 20:25:27 UTC
30-Mar-2023 22:24:09.132 情報 [main] org.apache.catalina.startup.VersionLoggerListener.log サーバーのバージョン番号: 10.1.7.0
30-Mar-2023 22:24:09.132 情報 [main] org.apache.catalina.startup.VersionLoggerListener.log OS 名:                    Mac OS X
30-Mar-2023 22:24:09.132 情報 [main] org.apache.catalina.startup.VersionLoggerListener.log OS バージョン:            12.1
30-Mar-2023 22:24:09.132 情報 [main] org.apache.catalina.startup.VersionLoggerListener.log アーキテクチャ:           aarch64
30-Mar-2023 22:24:09.132 情報 [main] org.apache.catalina.startup.VersionLoggerListener.log Java Home:                /Library/Java/JavaVirtualMachines/jdk-18.0.2.1.jdk/Contents/Home
30-Mar-2023 22:24:09.132 情報 [main] org.apache.catalina.startup.VersionLoggerListener.log JVM バージョン:           18.0.2.1+1-1
30-Mar-2023 22:24:09.132 情報 [main] org.apache.catalina.startup.VersionLoggerListener.log JVM ベンダ:               Oracle Corporation
30-Mar-2023 22:24:09.132 情報 [main] org.apache.catalina.startup.VersionLoggerListener.log CATALINA_BASE:            /Users/asukanagai/Desktop/Attendance management/apache-tomcat-10.1.7 2
30-Mar-2023 22:24:09.133 情報 [main] org.apache.catalina.startup.VersionLoggerListener.log CATALINA_HOME:            /Users/asukanagai/Desktop/Attendance management/apache-tomcat-10.1.7 2
30-Mar-2023 22:24:09.140 情報 [main] org.apache.catalina.startup.VersionLoggerListener.log コマンドライン引数:       -Djava.util.logging.config.file=/Users/asukanagai/Desktop/Attendance management/apache-tomcat-10.1.7 2/conf/logging.properties
30-Mar-2023 22:24:09.140 情報 [main] org.apache.catalina.startup.VersionLoggerListener.log コマンドライン引数:       -Djava.util.logging.manager=org.apache.juli.ClassLoaderLogManager
30-Mar-2023 22:24:09.141 情報 [main] org.apache.catalina.startup.VersionLoggerListener.log コマンドライン引数:       -Djdk.tls.ephemeralDHKeySize=2048
30-Mar-2023 22:24:09.141 情報 [main] org.apache.catalina.startup.VersionLoggerListener.log コマンドライン引数:       -Djava.protocol.handler.pkgs=org.apache.catalina.webresources
30-Mar-2023 22:24:09.141 情報 [main] org.apache.catalina.startup.VersionLoggerListener.log コマンドライン引数:       -Dorg.apache.catalina.security.SecurityListener.UMASK=0027
30-Mar-2023 22:24:09.141 情報 [main] org.apache.catalina.startup.VersionLoggerListener.log コマンドライン引数:       --add-opens=java.base/java.lang=ALL-UNNAMED
30-Mar-2023 22:24:09.141 情報 [main] org.apache.catalina.startup.VersionLoggerListener.log コマンドライン引数:       --add-opens=java.base/java.io=ALL-UNNAMED
30-Mar-2023 22:24:09.141 情報 [main] org.apache.catalina.startup.VersionLoggerListener.log コマンドライン引数:       --add-opens=java.base/java.util=ALL-UNNAMED
30-Mar-2023 22:24:09.141 情報 [main] org.apache.catalina.startup.VersionLoggerListener.log コマンドライン引数:       --add-opens=java.base/java.util.concurrent=ALL-UNNAMED
30-Mar-2023 22:24:09.141 情報 [main] org.apache.catalina.startup.VersionLoggerListener.log コマンドライン引数:       --add-opens=java.rmi/sun.rmi.transport=ALL-UNNAMED
30-Mar-2023 22:24:09.141 情報 [main] org.apache.catalina.startup.VersionLoggerListener.log コマンドライン引数:       -Dcatalina.base=/Users/asukanagai/Desktop/Attendance management/apache-tomcat-10.1.7 2
30-Mar-2023 22:24:09.141 情報 [main] org.apache.catalina.startup.VersionLoggerListener.log コマンドライン引数:       -Dcatalina.home=/Users/asukanagai/Desktop/Attendance management/apache-tomcat-10.1.7 2
30-Mar-2023 22:24:09.141 情報 [main] org.apache.catalina.startup.VersionLoggerListener.log コマンドライン引数:       -Djava.io.tmpdir=/Users/asukanagai/Desktop/Attendance management/apache-tomcat-10.1.7 2/temp
30-Mar-2023 22:24:09.145 情報 [main] org.apache.catalina.core.AprLifecycleListener.lifecycleEvent 商用環境に最適な性能を発揮する APR ベースの Tomcat ネイティブライブラリが java.library.path [/Users/asukanagai/Library/Java/Extensions:/Library/Java/Extensions:/Network/Library/Java/Extensions:/System/Library/Java/Extensions:/usr/lib/java:.] に存在しません。
30-Mar-2023 22:24:09.271 情報 [main] org.apache.coyote.AbstractProtocol.init プロトコルハンドラ ["http-nio-8080"] を初期化します。
30-Mar-2023 22:24:09.285 情報 [main] org.apache.catalina.startup.Catalina.load サーバーの初期化 [266] ミリ秒
30-Mar-2023 22:24:09.303 情報 [main] org.apache.catalina.core.StandardService.startInternal サービス [Catalina] を起動します
30-Mar-2023 22:24:09.303 情報 [main] org.apache.catalina.core.StandardEngine.startInternal サーブレットエンジンの起動：[Apache Tomcat/10.1.7]
30-Mar-2023 22:24:09.306 情報 [main] org.apache.catalina.startup.HostConfig.deployDirectory Web アプリケーションディレクトリ [/Users/asukanagai/Desktop/Attendance management/apache-tomcat-10.1.7 2/webapps/attendanceManagement] を配備します
30-Mar-2023 22:24:09.575 情報 [main] org.apache.jasper.servlet.TldScanner.scanJars 少なくとも1つのJARでTLDをスキャンしましたが、TLDが含まれていませんでした。スキャンしたもののTLDが見つからなかったJARの完全なリストについては、このロガーのデバッグログを有効にしてください。スキャン中に不要なJARをスキップすると、起動時間とJSPのコンパイル時間が短縮されます。
30-Mar-2023 22:24:09.596 情報 [main] org.apache.catalina.startup.HostConfig.deployDirectory ディレクトリ [/Users/asukanagai/Desktop/Attendance management/apache-tomcat-10.1.7 2/webapps/attendanceManagement] の Web アプリケーションの配備は [289] ミリ秒で完了しました。
30-Mar-2023 22:24:09.596 情報 [main] org.apache.catalina.startup.HostConfig.deployDirectory Web アプリケーションディレクトリ [/Users/asukanagai/Desktop/Attendance management/apache-tomcat-10.1.7 2/webapps/docs] を配備します
30-Mar-2023 22:24:09.607 情報 [main] org.apache.catalina.startup.HostConfig.deployDirectory ディレクトリ [/Users/asukanagai/Desktop/Attendance management/apache-tomcat-10.1.7 2/webapps/docs] の Web アプリケーションの配備は [11] ミリ秒で完了しました。
30-Mar-2023 22:24:09.607 情報 [main] org.apache.catalina.startup.HostConfig.deployDirectory Web アプリケーションディレクトリ [/Users/asukanagai/Desktop/Attendance management/apache-tomcat-10.1.7 2/webapps/manager] を配備します
30-Mar-2023 22:24:09.623 情報 [main] org.apache.catalina.startup.HostConfig.deployDirectory ディレクトリ [/Users/asukanagai/Desktop/Attendance management/apache-tomcat-10.1.7 2/webapps/manager] の Web アプリケーションの配備は [16] ミリ秒で完了しました。
30-Mar-2023 22:24:09.623 情報 [main] org.apache.catalina.startup.HostConfig.deployDirectory Web アプリケーションディレクトリ [/Users/asukanagai/Desktop/Attendance management/apache-tomcat-10.1.7 2/webapps/examples] を配備します
30-Mar-2023 22:24:09.743 情報 [main] org.apache.catalina.startup.HostConfig.deployDirectory ディレクトリ [/Users/asukanagai/Desktop/Attendance management/apache-tomcat-10.1.7 2/webapps/examples] の Web アプリケーションの配備は [120] ミリ秒で完了しました。
30-Mar-2023 22:24:09.743 情報 [main] org.apache.catalina.startup.HostConfig.deployDirectory Web アプリケーションディレクトリ [/Users/asukanagai/Desktop/Attendance management/apache-tomcat-10.1.7 2/webapps/ROOT] を配備します
30-Mar-2023 22:24:09.757 情報 [main] org.apache.catalina.startup.HostConfig.deployDirectory ディレクトリ [/Users/asukanagai/Desktop/Attendance management/apache-tomcat-10.1.7 2/webapps/ROOT] の Web アプリケーションの配備は [14] ミリ秒で完了しました。
30-Mar-2023 22:24:09.757 情報 [main] org.apache.catalina.startup.HostConfig.deployDirectory Web アプリケーションディレクトリ [/Users/asukanagai/Desktop/Attendance management/apache-tomcat-10.1.7 2/webapps/host-manager] を配備します
30-Mar-2023 22:24:09.767 情報 [main] org.apache.catalina.startup.HostConfig.deployDirectory ディレクトリ [/Users/asukanagai/Desktop/Attendance management/apache-tomcat-10.1.7 2/webapps/host-manager] の Web アプリケーションの配備は [10] ミリ秒で完了しました。
30-Mar-2023 22:24:09.769 情報 [main] org.apache.coyote.AbstractProtocol.start プロトコルハンドラー ["http-nio-8080"] を開始しました。
30-Mar-2023 22:24:09.776 情報 [main] org.apache.catalina.startup.Catalina.start サーバーの起動 [490] ミリ秒
