14-Apr-2023 23:07:00.250 情報 [main] org.apache.catalina.core.StandardServer.await 有効なシャットダウンコマンドがシャットダウンポート経由で受信されました。 サーバーインスタンスを停止します。
14-Apr-2023 23:07:00.283 情報 [main] org.apache.coyote.AbstractProtocol.pause ProtocolHandler ["http-nio-8080"] を一時停止します。
14-Apr-2023 23:07:00.304 情報 [main] org.apache.catalina.core.StandardService.stopInternal サービス [Catalina] を停止します
14-Apr-2023 23:07:00.433 警告 [main] org.apache.catalina.loader.WebappClassLoaderBase.clearReferencesJdbc Web アプリケーション [attendanceManagement] は自身で登録した JDBC ドライバー [com.mysql.cj.jdbc.Driver] を停止時に解除できませんでした。メモリーリークの発生を防ぐには JDBC ドライバーを強制的に解除してください。
14-Apr-2023 23:07:00.438 警告 [main] org.apache.catalina.loader.WebappClassLoaderBase.clearReferencesThreads Webアプリケーション [attendanceManagement] は [mysql-cj-abandoned-connection-cleanup] という名前のスレッドを開始したようですが、停止に失敗しました。これはメモリリークを引き起こす可能性が非常に高いです。スレッドのスタックトレース: 
 java.base@18.0.2.1/java.lang.Object.wait(Native Method)
 java.base@18.0.2.1/java.lang.ref.ReferenceQueue.remove(ReferenceQueue.java:155)
 com.mysql.cj.jdbc.AbandonedConnectionCleanupThread.run(AbandonedConnectionCleanupThread.java:91)
 java.base@18.0.2.1/java.util.concurrent.ThreadPoolExecutor.runWorker(ThreadPoolExecutor.java:1136)
 java.base@18.0.2.1/java.util.concurrent.ThreadPoolExecutor$Worker.run(ThreadPoolExecutor.java:635)
 java.base@18.0.2.1/java.lang.Thread.run(Thread.java:833)
14-Apr-2023 23:07:00.533 情報 [mysql-cj-abandoned-connection-cleanup] org.apache.catalina.loader.WebappClassLoaderBase.checkStateForResourceLoading 不正なアクセス: このWebアプリケーションのインスタンスは既に停止されています  Could not load []. 不正なアクセスを引き起こしたスレッドを終了させ、投げられたエラーによりデバッグ用に次のスタックトレースが生成されましたが，機能に影響はありません
	java.lang.IllegalStateException: 不正なアクセス: このWebアプリケーションのインスタンスは既に停止されています  Could not load []. 不正なアクセスを引き起こしたスレッドを終了させ、投げられたエラーによりデバッグ用に次のスタックトレースが生成されましたが，機能に影響はありません
		at org.apache.catalina.loader.WebappClassLoaderBase.checkStateForResourceLoading(WebappClassLoaderBase.java:1457)
		at org.apache.catalina.loader.WebappClassLoaderBase.getResource(WebappClassLoaderBase.java:1047)
		at com.mysql.cj.jdbc.AbandonedConnectionCleanupThread.checkThreadContextClassLoader(AbandonedConnectionCleanupThread.java:123)
		at com.mysql.cj.jdbc.AbandonedConnectionCleanupThread.run(AbandonedConnectionCleanupThread.java:90)
		at java.base/java.util.concurrent.ThreadPoolExecutor.runWorker(ThreadPoolExecutor.java:1136)
		at java.base/java.util.concurrent.ThreadPoolExecutor$Worker.run(ThreadPoolExecutor.java:635)
		at java.base/java.lang.Thread.run(Thread.java:833)
14-Apr-2023 23:07:00.534 情報 [mysql-cj-abandoned-connection-cleanup] org.apache.catalina.loader.WebappClassLoaderBase.checkStateForResourceLoading 不正なアクセス: このWebアプリケーションのインスタンスは既に停止されています  Could not load []. 不正なアクセスを引き起こしたスレッドを終了させ、投げられたエラーによりデバッグ用に次のスタックトレースが生成されましたが，機能に影響はありません
	java.lang.IllegalStateException: 不正なアクセス: このWebアプリケーションのインスタンスは既に停止されています  Could not load []. 不正なアクセスを引き起こしたスレッドを終了させ、投げられたエラーによりデバッグ用に次のスタックトレースが生成されましたが，機能に影響はありません
		at org.apache.catalina.loader.WebappClassLoaderBase.checkStateForResourceLoading(WebappClassLoaderBase.java:1457)
		at org.apache.catalina.loader.WebappClassLoaderBase.getResource(WebappClassLoaderBase.java:1047)
		at com.mysql.cj.jdbc.AbandonedConnectionCleanupThread.checkThreadContextClassLoader(AbandonedConnectionCleanupThread.java:123)
		at com.mysql.cj.jdbc.AbandonedConnectionCleanupThread.run(AbandonedConnectionCleanupThread.java:90)
		at java.base/java.util.concurrent.ThreadPoolExecutor.runWorker(ThreadPoolExecutor.java:1136)
		at java.base/java.util.concurrent.ThreadPoolExecutor$Worker.run(ThreadPoolExecutor.java:635)
		at java.base/java.lang.Thread.run(Thread.java:833)
14-Apr-2023 23:07:00.536 情報 [mysql-cj-abandoned-connection-cleanup] org.apache.catalina.loader.WebappClassLoaderBase.checkStateForResourceLoading 不正なアクセス: このWebアプリケーションのインスタンスは既に停止されています  Could not load []. 不正なアクセスを引き起こしたスレッドを終了させ、投げられたエラーによりデバッグ用に次のスタックトレースが生成されましたが，機能に影響はありません
	java.lang.IllegalStateException: 不正なアクセス: このWebアプリケーションのインスタンスは既に停止されています  Could not load []. 不正なアクセスを引き起こしたスレッドを終了させ、投げられたエラーによりデバッグ用に次のスタックトレースが生成されましたが，機能に影響はありません
		at org.apache.catalina.loader.WebappClassLoaderBase.checkStateForResourceLoading(WebappClassLoaderBase.java:1457)
		at org.apache.catalina.loader.WebappClassLoaderBase.getResource(WebappClassLoaderBase.java:1047)
		at com.mysql.cj.jdbc.AbandonedConnectionCleanupThread.checkThreadContextClassLoader(AbandonedConnectionCleanupThread.java:123)
		at com.mysql.cj.jdbc.AbandonedConnectionCleanupThread.run(AbandonedConnectionCleanupThread.java:90)
		at java.base/java.util.concurrent.ThreadPoolExecutor.runWorker(ThreadPoolExecutor.java:1136)
		at java.base/java.util.concurrent.ThreadPoolExecutor$Worker.run(ThreadPoolExecutor.java:635)
		at java.base/java.lang.Thread.run(Thread.java:833)
14-Apr-2023 23:07:00.538 情報 [mysql-cj-abandoned-connection-cleanup] org.apache.catalina.loader.WebappClassLoaderBase.checkStateForResourceLoading 不正なアクセス: このWebアプリケーションのインスタンスは既に停止されています  Could not load []. 不正なアクセスを引き起こしたスレッドを終了させ、投げられたエラーによりデバッグ用に次のスタックトレースが生成されましたが，機能に影響はありません
	java.lang.IllegalStateException: 不正なアクセス: このWebアプリケーションのインスタンスは既に停止されています  Could not load []. 不正なアクセスを引き起こしたスレッドを終了させ、投げられたエラーによりデバッグ用に次のスタックトレースが生成されましたが，機能に影響はありません
		at org.apache.catalina.loader.WebappClassLoaderBase.checkStateForResourceLoading(WebappClassLoaderBase.java:1457)
		at org.apache.catalina.loader.WebappClassLoaderBase.getResource(WebappClassLoaderBase.java:1047)
		at com.mysql.cj.jdbc.AbandonedConnectionCleanupThread.checkThreadContextClassLoader(AbandonedConnectionCleanupThread.java:123)
		at com.mysql.cj.jdbc.AbandonedConnectionCleanupThread.run(AbandonedConnectionCleanupThread.java:90)
		at java.base/java.util.concurrent.ThreadPoolExecutor.runWorker(ThreadPoolExecutor.java:1136)
		at java.base/java.util.concurrent.ThreadPoolExecutor$Worker.run(ThreadPoolExecutor.java:635)
		at java.base/java.lang.Thread.run(Thread.java:833)
14-Apr-2023 23:07:00.538 情報 [mysql-cj-abandoned-connection-cleanup] org.apache.catalina.loader.WebappClassLoaderBase.checkStateForResourceLoading 不正なアクセス: このWebアプリケーションのインスタンスは既に停止されています  Could not load []. 不正なアクセスを引き起こしたスレッドを終了させ、投げられたエラーによりデバッグ用に次のスタックトレースが生成されましたが，機能に影響はありません
	java.lang.IllegalStateException: 不正なアクセス: このWebアプリケーションのインスタンスは既に停止されています  Could not load []. 不正なアクセスを引き起こしたスレッドを終了させ、投げられたエラーによりデバッグ用に次のスタックトレースが生成されましたが，機能に影響はありません
		at org.apache.catalina.loader.WebappClassLoaderBase.checkStateForResourceLoading(WebappClassLoaderBase.java:1457)
		at org.apache.catalina.loader.WebappClassLoaderBase.getResource(WebappClassLoaderBase.java:1047)
		at com.mysql.cj.jdbc.AbandonedConnectionCleanupThread.checkThreadContextClassLoader(AbandonedConnectionCleanupThread.java:123)
		at com.mysql.cj.jdbc.AbandonedConnectionCleanupThread.run(AbandonedConnectionCleanupThread.java:90)
		at java.base/java.util.concurrent.ThreadPoolExecutor.runWorker(ThreadPoolExecutor.java:1136)
		at java.base/java.util.concurrent.ThreadPoolExecutor$Worker.run(ThreadPoolExecutor.java:635)
		at java.base/java.lang.Thread.run(Thread.java:833)
14-Apr-2023 23:07:00.541 情報 [mysql-cj-abandoned-connection-cleanup] org.apache.catalina.loader.WebappClassLoaderBase.checkStateForResourceLoading 不正なアクセス: このWebアプリケーションのインスタンスは既に停止されています  Could not load []. 不正なアクセスを引き起こしたスレッドを終了させ、投げられたエラーによりデバッグ用に次のスタックトレースが生成されましたが，機能に影響はありません
	java.lang.IllegalStateException: 不正なアクセス: このWebアプリケーションのインスタンスは既に停止されています  Could not load []. 不正なアクセスを引き起こしたスレッドを終了させ、投げられたエラーによりデバッグ用に次のスタックトレースが生成されましたが，機能に影響はありません
		at org.apache.catalina.loader.WebappClassLoaderBase.checkStateForResourceLoading(WebappClassLoaderBase.java:1457)
		at org.apache.catalina.loader.WebappClassLoaderBase.getResource(WebappClassLoaderBase.java:1047)
		at com.mysql.cj.jdbc.AbandonedConnectionCleanupThread.checkThreadContextClassLoader(AbandonedConnectionCleanupThread.java:123)
		at com.mysql.cj.jdbc.AbandonedConnectionCleanupThread.run(AbandonedConnectionCleanupThread.java:90)
		at java.base/java.util.concurrent.ThreadPoolExecutor.runWorker(ThreadPoolExecutor.java:1136)
		at java.base/java.util.concurrent.ThreadPoolExecutor$Worker.run(ThreadPoolExecutor.java:635)
		at java.base/java.lang.Thread.run(Thread.java:833)
14-Apr-2023 23:07:00.541 情報 [mysql-cj-abandoned-connection-cleanup] org.apache.catalina.loader.WebappClassLoaderBase.checkStateForResourceLoading 不正なアクセス: このWebアプリケーションのインスタンスは既に停止されています  Could not load []. 不正なアクセスを引き起こしたスレッドを終了させ、投げられたエラーによりデバッグ用に次のスタックトレースが生成されましたが，機能に影響はありません
	java.lang.IllegalStateException: 不正なアクセス: このWebアプリケーションのインスタンスは既に停止されています  Could not load []. 不正なアクセスを引き起こしたスレッドを終了させ、投げられたエラーによりデバッグ用に次のスタックトレースが生成されましたが，機能に影響はありません
		at org.apache.catalina.loader.WebappClassLoaderBase.checkStateForResourceLoading(WebappClassLoaderBase.java:1457)
		at org.apache.catalina.loader.WebappClassLoaderBase.getResource(WebappClassLoaderBase.java:1047)
		at com.mysql.cj.jdbc.AbandonedConnectionCleanupThread.checkThreadContextClassLoader(AbandonedConnectionCleanupThread.java:123)
		at com.mysql.cj.jdbc.AbandonedConnectionCleanupThread.run(AbandonedConnectionCleanupThread.java:90)
		at java.base/java.util.concurrent.ThreadPoolExecutor.runWorker(ThreadPoolExecutor.java:1136)
		at java.base/java.util.concurrent.ThreadPoolExecutor$Worker.run(ThreadPoolExecutor.java:635)
		at java.base/java.lang.Thread.run(Thread.java:833)
14-Apr-2023 23:07:00.544 情報 [mysql-cj-abandoned-connection-cleanup] org.apache.catalina.loader.WebappClassLoaderBase.checkStateForResourceLoading 不正なアクセス: このWebアプリケーションのインスタンスは既に停止されています  Could not load []. 不正なアクセスを引き起こしたスレッドを終了させ、投げられたエラーによりデバッグ用に次のスタックトレースが生成されましたが，機能に影響はありません
	java.lang.IllegalStateException: 不正なアクセス: このWebアプリケーションのインスタンスは既に停止されています  Could not load []. 不正なアクセスを引き起こしたスレッドを終了させ、投げられたエラーによりデバッグ用に次のスタックトレースが生成されましたが，機能に影響はありません
		at org.apache.catalina.loader.WebappClassLoaderBase.checkStateForResourceLoading(WebappClassLoaderBase.java:1457)
		at org.apache.catalina.loader.WebappClassLoaderBase.getResource(WebappClassLoaderBase.java:1047)
		at com.mysql.cj.jdbc.AbandonedConnectionCleanupThread.checkThreadContextClassLoader(AbandonedConnectionCleanupThread.java:123)
		at com.mysql.cj.jdbc.AbandonedConnectionCleanupThread.run(AbandonedConnectionCleanupThread.java:90)
		at java.base/java.util.concurrent.ThreadPoolExecutor.runWorker(ThreadPoolExecutor.java:1136)
		at java.base/java.util.concurrent.ThreadPoolExecutor$Worker.run(ThreadPoolExecutor.java:635)
		at java.base/java.lang.Thread.run(Thread.java:833)
14-Apr-2023 23:07:00.544 情報 [mysql-cj-abandoned-connection-cleanup] org.apache.catalina.loader.WebappClassLoaderBase.checkStateForResourceLoading 不正なアクセス: このWebアプリケーションのインスタンスは既に停止されています  Could not load []. 不正なアクセスを引き起こしたスレッドを終了させ、投げられたエラーによりデバッグ用に次のスタックトレースが生成されましたが，機能に影響はありません
	java.lang.IllegalStateException: 不正なアクセス: このWebアプリケーションのインスタンスは既に停止されています  Could not load []. 不正なアクセスを引き起こしたスレッドを終了させ、投げられたエラーによりデバッグ用に次のスタックトレースが生成されましたが，機能に影響はありません
		at org.apache.catalina.loader.WebappClassLoaderBase.checkStateForResourceLoading(WebappClassLoaderBase.java:1457)
		at org.apache.catalina.loader.WebappClassLoaderBase.getResource(WebappClassLoaderBase.java:1047)
		at com.mysql.cj.jdbc.AbandonedConnectionCleanupThread.checkThreadContextClassLoader(AbandonedConnectionCleanupThread.java:123)
		at com.mysql.cj.jdbc.AbandonedConnectionCleanupThread.run(AbandonedConnectionCleanupThread.java:90)
		at java.base/java.util.concurrent.ThreadPoolExecutor.runWorker(ThreadPoolExecutor.java:1136)
		at java.base/java.util.concurrent.ThreadPoolExecutor$Worker.run(ThreadPoolExecutor.java:635)
		at java.base/java.lang.Thread.run(Thread.java:833)
14-Apr-2023 23:07:00.545 情報 [mysql-cj-abandoned-connection-cleanup] org.apache.catalina.loader.WebappClassLoaderBase.checkStateForResourceLoading 不正なアクセス: このWebアプリケーションのインスタンスは既に停止されています  Could not load []. 不正なアクセスを引き起こしたスレッドを終了させ、投げられたエラーによりデバッグ用に次のスタックトレースが生成されましたが，機能に影響はありません
	java.lang.IllegalStateException: 不正なアクセス: このWebアプリケーションのインスタンスは既に停止されています  Could not load []. 不正なアクセスを引き起こしたスレッドを終了させ、投げられたエラーによりデバッグ用に次のスタックトレースが生成されましたが，機能に影響はありません
		at org.apache.catalina.loader.WebappClassLoaderBase.checkStateForResourceLoading(WebappClassLoaderBase.java:1457)
		at org.apache.catalina.loader.WebappClassLoaderBase.getResource(WebappClassLoaderBase.java:1047)
		at com.mysql.cj.jdbc.AbandonedConnectionCleanupThread.checkThreadContextClassLoader(AbandonedConnectionCleanupThread.java:123)
		at com.mysql.cj.jdbc.AbandonedConnectionCleanupThread.run(AbandonedConnectionCleanupThread.java:90)
		at java.base/java.util.concurrent.ThreadPoolExecutor.runWorker(ThreadPoolExecutor.java:1136)
		at java.base/java.util.concurrent.ThreadPoolExecutor$Worker.run(ThreadPoolExecutor.java:635)
		at java.base/java.lang.Thread.run(Thread.java:833)
14-Apr-2023 23:07:00.545 情報 [mysql-cj-abandoned-connection-cleanup] org.apache.catalina.loader.WebappClassLoaderBase.checkStateForResourceLoading 不正なアクセス: このWebアプリケーションのインスタンスは既に停止されています  Could not load []. 不正なアクセスを引き起こしたスレッドを終了させ、投げられたエラーによりデバッグ用に次のスタックトレースが生成されましたが，機能に影響はありません
	java.lang.IllegalStateException: 不正なアクセス: このWebアプリケーションのインスタンスは既に停止されています  Could not load []. 不正なアクセスを引き起こしたスレッドを終了させ、投げられたエラーによりデバッグ用に次のスタックトレースが生成されましたが，機能に影響はありません
		at org.apache.catalina.loader.WebappClassLoaderBase.checkStateForResourceLoading(WebappClassLoaderBase.java:1457)
		at org.apache.catalina.loader.WebappClassLoaderBase.getResource(WebappClassLoaderBase.java:1047)
		at com.mysql.cj.jdbc.AbandonedConnectionCleanupThread.checkThreadContextClassLoader(AbandonedConnectionCleanupThread.java:123)
		at com.mysql.cj.jdbc.AbandonedConnectionCleanupThread.run(AbandonedConnectionCleanupThread.java:90)
		at java.base/java.util.concurrent.ThreadPoolExecutor.runWorker(ThreadPoolExecutor.java:1136)
		at java.base/java.util.concurrent.ThreadPoolExecutor$Worker.run(ThreadPoolExecutor.java:635)
		at java.base/java.lang.Thread.run(Thread.java:833)
14-Apr-2023 23:07:00.547 情報 [mysql-cj-abandoned-connection-cleanup] org.apache.catalina.loader.WebappClassLoaderBase.checkStateForResourceLoading 不正なアクセス: このWebアプリケーションのインスタンスは既に停止されています  Could not load []. 不正なアクセスを引き起こしたスレッドを終了させ、投げられたエラーによりデバッグ用に次のスタックトレースが生成されましたが，機能に影響はありません
	java.lang.IllegalStateException: 不正なアクセス: このWebアプリケーションのインスタンスは既に停止されています  Could not load []. 不正なアクセスを引き起こしたスレッドを終了させ、投げられたエラーによりデバッグ用に次のスタックトレースが生成されましたが，機能に影響はありません
		at org.apache.catalina.loader.WebappClassLoaderBase.checkStateForResourceLoading(WebappClassLoaderBase.java:1457)
		at org.apache.catalina.loader.WebappClassLoaderBase.getResource(WebappClassLoaderBase.java:1047)
		at com.mysql.cj.jdbc.AbandonedConnectionCleanupThread.checkThreadContextClassLoader(AbandonedConnectionCleanupThread.java:123)
		at com.mysql.cj.jdbc.AbandonedConnectionCleanupThread.run(AbandonedConnectionCleanupThread.java:90)
		at java.base/java.util.concurrent.ThreadPoolExecutor.runWorker(ThreadPoolExecutor.java:1136)
		at java.base/java.util.concurrent.ThreadPoolExecutor$Worker.run(ThreadPoolExecutor.java:635)
		at java.base/java.lang.Thread.run(Thread.java:833)
14-Apr-2023 23:07:00.547 情報 [mysql-cj-abandoned-connection-cleanup] org.apache.catalina.loader.WebappClassLoaderBase.checkStateForResourceLoading 不正なアクセス: このWebアプリケーションのインスタンスは既に停止されています  Could not load []. 不正なアクセスを引き起こしたスレッドを終了させ、投げられたエラーによりデバッグ用に次のスタックトレースが生成されましたが，機能に影響はありません
	java.lang.IllegalStateException: 不正なアクセス: このWebアプリケーションのインスタンスは既に停止されています  Could not load []. 不正なアクセスを引き起こしたスレッドを終了させ、投げられたエラーによりデバッグ用に次のスタックトレースが生成されましたが，機能に影響はありません
		at org.apache.catalina.loader.WebappClassLoaderBase.checkStateForResourceLoading(WebappClassLoaderBase.java:1457)
		at org.apache.catalina.loader.WebappClassLoaderBase.getResource(WebappClassLoaderBase.java:1047)
		at com.mysql.cj.jdbc.AbandonedConnectionCleanupThread.checkThreadContextClassLoader(AbandonedConnectionCleanupThread.java:123)
		at com.mysql.cj.jdbc.AbandonedConnectionCleanupThread.run(AbandonedConnectionCleanupThread.java:90)
		at java.base/java.util.concurrent.ThreadPoolExecutor.runWorker(ThreadPoolExecutor.java:1136)
		at java.base/java.util.concurrent.ThreadPoolExecutor$Worker.run(ThreadPoolExecutor.java:635)
		at java.base/java.lang.Thread.run(Thread.java:833)
14-Apr-2023 23:07:00.549 情報 [mysql-cj-abandoned-connection-cleanup] org.apache.catalina.loader.WebappClassLoaderBase.checkStateForResourceLoading 不正なアクセス: このWebアプリケーションのインスタンスは既に停止されています  Could not load []. 不正なアクセスを引き起こしたスレッドを終了させ、投げられたエラーによりデバッグ用に次のスタックトレースが生成されましたが，機能に影響はありません
	java.lang.IllegalStateException: 不正なアクセス: このWebアプリケーションのインスタンスは既に停止されています  Could not load []. 不正なアクセスを引き起こしたスレッドを終了させ、投げられたエラーによりデバッグ用に次のスタックトレースが生成されましたが，機能に影響はありません
		at org.apache.catalina.loader.WebappClassLoaderBase.checkStateForResourceLoading(WebappClassLoaderBase.java:1457)
		at org.apache.catalina.loader.WebappClassLoaderBase.getResource(WebappClassLoaderBase.java:1047)
		at com.mysql.cj.jdbc.AbandonedConnectionCleanupThread.checkThreadContextClassLoader(AbandonedConnectionCleanupThread.java:123)
		at com.mysql.cj.jdbc.AbandonedConnectionCleanupThread.run(AbandonedConnectionCleanupThread.java:90)
		at java.base/java.util.concurrent.ThreadPoolExecutor.runWorker(ThreadPoolExecutor.java:1136)
		at java.base/java.util.concurrent.ThreadPoolExecutor$Worker.run(ThreadPoolExecutor.java:635)
		at java.base/java.lang.Thread.run(Thread.java:833)
14-Apr-2023 23:07:00.549 情報 [mysql-cj-abandoned-connection-cleanup] org.apache.catalina.loader.WebappClassLoaderBase.checkStateForResourceLoading 不正なアクセス: このWebアプリケーションのインスタンスは既に停止されています  Could not load []. 不正なアクセスを引き起こしたスレッドを終了させ、投げられたエラーによりデバッグ用に次のスタックトレースが生成されましたが，機能に影響はありません
	java.lang.IllegalStateException: 不正なアクセス: このWebアプリケーションのインスタンスは既に停止されています  Could not load []. 不正なアクセスを引き起こしたスレッドを終了させ、投げられたエラーによりデバッグ用に次のスタックトレースが生成されましたが，機能に影響はありません
		at org.apache.catalina.loader.WebappClassLoaderBase.checkStateForResourceLoading(WebappClassLoaderBase.java:1457)
		at org.apache.catalina.loader.WebappClassLoaderBase.getResource(WebappClassLoaderBase.java:1047)
		at com.mysql.cj.jdbc.AbandonedConnectionCleanupThread.checkThreadContextClassLoader(AbandonedConnectionCleanupThread.java:123)
		at com.mysql.cj.jdbc.AbandonedConnectionCleanupThread.run(AbandonedConnectionCleanupThread.java:90)
		at java.base/java.util.concurrent.ThreadPoolExecutor.runWorker(ThreadPoolExecutor.java:1136)
		at java.base/java.util.concurrent.ThreadPoolExecutor$Worker.run(ThreadPoolExecutor.java:635)
		at java.base/java.lang.Thread.run(Thread.java:833)
14-Apr-2023 23:07:00.552 情報 [mysql-cj-abandoned-connection-cleanup] org.apache.catalina.loader.WebappClassLoaderBase.checkStateForResourceLoading 不正なアクセス: このWebアプリケーションのインスタンスは既に停止されています  Could not load []. 不正なアクセスを引き起こしたスレッドを終了させ、投げられたエラーによりデバッグ用に次のスタックトレースが生成されましたが，機能に影響はありません
	java.lang.IllegalStateException: 不正なアクセス: このWebアプリケーションのインスタンスは既に停止されています  Could not load []. 不正なアクセスを引き起こしたスレッドを終了させ、投げられたエラーによりデバッグ用に次のスタックトレースが生成されましたが，機能に影響はありません
		at org.apache.catalina.loader.WebappClassLoaderBase.checkStateForResourceLoading(WebappClassLoaderBase.java:1457)
		at org.apache.catalina.loader.WebappClassLoaderBase.getResource(WebappClassLoaderBase.java:1047)
		at com.mysql.cj.jdbc.AbandonedConnectionCleanupThread.checkThreadContextClassLoader(AbandonedConnectionCleanupThread.java:123)
		at com.mysql.cj.jdbc.AbandonedConnectionCleanupThread.run(AbandonedConnectionCleanupThread.java:90)
		at java.base/java.util.concurrent.ThreadPoolExecutor.runWorker(ThreadPoolExecutor.java:1136)
		at java.base/java.util.concurrent.ThreadPoolExecutor$Worker.run(ThreadPoolExecutor.java:635)
		at java.base/java.lang.Thread.run(Thread.java:833)
14-Apr-2023 23:07:00.552 情報 [mysql-cj-abandoned-connection-cleanup] org.apache.catalina.loader.WebappClassLoaderBase.checkStateForResourceLoading 不正なアクセス: このWebアプリケーションのインスタンスは既に停止されています  Could not load []. 不正なアクセスを引き起こしたスレッドを終了させ、投げられたエラーによりデバッグ用に次のスタックトレースが生成されましたが，機能に影響はありません
	java.lang.IllegalStateException: 不正なアクセス: このWebアプリケーションのインスタンスは既に停止されています  Could not load []. 不正なアクセスを引き起こしたスレッドを終了させ、投げられたエラーによりデバッグ用に次のスタックトレースが生成されましたが，機能に影響はありません
		at org.apache.catalina.loader.WebappClassLoaderBase.checkStateForResourceLoading(WebappClassLoaderBase.java:1457)
		at org.apache.catalina.loader.WebappClassLoaderBase.getResource(WebappClassLoaderBase.java:1047)
		at com.mysql.cj.jdbc.AbandonedConnectionCleanupThread.checkThreadContextClassLoader(AbandonedConnectionCleanupThread.java:123)
		at com.mysql.cj.jdbc.AbandonedConnectionCleanupThread.run(AbandonedConnectionCleanupThread.java:90)
		at java.base/java.util.concurrent.ThreadPoolExecutor.runWorker(ThreadPoolExecutor.java:1136)
		at java.base/java.util.concurrent.ThreadPoolExecutor$Worker.run(ThreadPoolExecutor.java:635)
		at java.base/java.lang.Thread.run(Thread.java:833)
14-Apr-2023 23:07:00.555 情報 [main] org.apache.coyote.AbstractProtocol.stop ProtocolHandler ["http-nio-8080"]の停止中
14-Apr-2023 23:07:00.573 情報 [main] org.apache.coyote.AbstractProtocol.destroy ProtocolHandler ["http-nio-8080"] を破棄します。
14-Apr-2023 23:07:03.218 情報 [main] org.apache.catalina.startup.VersionLoggerListener.log Serverのバージョン名:     Apache Tomcat/10.1.7
14-Apr-2023 23:07:03.220 情報 [main] org.apache.catalina.startup.VersionLoggerListener.log Server ビルド:            Feb 27 2023 20:25:27 UTC
14-Apr-2023 23:07:03.220 情報 [main] org.apache.catalina.startup.VersionLoggerListener.log サーバーのバージョン番号: 10.1.7.0
14-Apr-2023 23:07:03.220 情報 [main] org.apache.catalina.startup.VersionLoggerListener.log OS 名:                    Mac OS X
14-Apr-2023 23:07:03.220 情報 [main] org.apache.catalina.startup.VersionLoggerListener.log OS バージョン:            12.1
14-Apr-2023 23:07:03.220 情報 [main] org.apache.catalina.startup.VersionLoggerListener.log アーキテクチャ:           aarch64
14-Apr-2023 23:07:03.220 情報 [main] org.apache.catalina.startup.VersionLoggerListener.log Java Home:                /Library/Java/JavaVirtualMachines/jdk-18.0.2.1.jdk/Contents/Home
14-Apr-2023 23:07:03.220 情報 [main] org.apache.catalina.startup.VersionLoggerListener.log JVM バージョン:           18.0.2.1+1-1
14-Apr-2023 23:07:03.220 情報 [main] org.apache.catalina.startup.VersionLoggerListener.log JVM ベンダ:               Oracle Corporation
14-Apr-2023 23:07:03.220 情報 [main] org.apache.catalina.startup.VersionLoggerListener.log CATALINA_BASE:            /Users/asukanagai/Desktop/Attendance management/apache-tomcat-10.1.7 2
14-Apr-2023 23:07:03.220 情報 [main] org.apache.catalina.startup.VersionLoggerListener.log CATALINA_HOME:            /Users/asukanagai/Desktop/Attendance management/apache-tomcat-10.1.7 2
14-Apr-2023 23:07:03.229 情報 [main] org.apache.catalina.startup.VersionLoggerListener.log コマンドライン引数:       -Djava.util.logging.config.file=/Users/asukanagai/Desktop/Attendance management/apache-tomcat-10.1.7 2/conf/logging.properties
14-Apr-2023 23:07:03.229 情報 [main] org.apache.catalina.startup.VersionLoggerListener.log コマンドライン引数:       -Djava.util.logging.manager=org.apache.juli.ClassLoaderLogManager
14-Apr-2023 23:07:03.229 情報 [main] org.apache.catalina.startup.VersionLoggerListener.log コマンドライン引数:       -Djdk.tls.ephemeralDHKeySize=2048
14-Apr-2023 23:07:03.230 情報 [main] org.apache.catalina.startup.VersionLoggerListener.log コマンドライン引数:       -Djava.protocol.handler.pkgs=org.apache.catalina.webresources
14-Apr-2023 23:07:03.230 情報 [main] org.apache.catalina.startup.VersionLoggerListener.log コマンドライン引数:       -Dorg.apache.catalina.security.SecurityListener.UMASK=0027
14-Apr-2023 23:07:03.230 情報 [main] org.apache.catalina.startup.VersionLoggerListener.log コマンドライン引数:       --add-opens=java.base/java.lang=ALL-UNNAMED
14-Apr-2023 23:07:03.230 情報 [main] org.apache.catalina.startup.VersionLoggerListener.log コマンドライン引数:       --add-opens=java.base/java.io=ALL-UNNAMED
14-Apr-2023 23:07:03.230 情報 [main] org.apache.catalina.startup.VersionLoggerListener.log コマンドライン引数:       --add-opens=java.base/java.util=ALL-UNNAMED
14-Apr-2023 23:07:03.230 情報 [main] org.apache.catalina.startup.VersionLoggerListener.log コマンドライン引数:       --add-opens=java.base/java.util.concurrent=ALL-UNNAMED
14-Apr-2023 23:07:03.230 情報 [main] org.apache.catalina.startup.VersionLoggerListener.log コマンドライン引数:       --add-opens=java.rmi/sun.rmi.transport=ALL-UNNAMED
14-Apr-2023 23:07:03.230 情報 [main] org.apache.catalina.startup.VersionLoggerListener.log コマンドライン引数:       -Dcatalina.base=/Users/asukanagai/Desktop/Attendance management/apache-tomcat-10.1.7 2
14-Apr-2023 23:07:03.230 情報 [main] org.apache.catalina.startup.VersionLoggerListener.log コマンドライン引数:       -Dcatalina.home=/Users/asukanagai/Desktop/Attendance management/apache-tomcat-10.1.7 2
14-Apr-2023 23:07:03.230 情報 [main] org.apache.catalina.startup.VersionLoggerListener.log コマンドライン引数:       -Djava.io.tmpdir=/Users/asukanagai/Desktop/Attendance management/apache-tomcat-10.1.7 2/temp
14-Apr-2023 23:07:03.235 情報 [main] org.apache.catalina.core.AprLifecycleListener.lifecycleEvent 商用環境に最適な性能を発揮する APR ベースの Tomcat ネイティブライブラリが java.library.path [/Users/asukanagai/Library/Java/Extensions:/Library/Java/Extensions:/Network/Library/Java/Extensions:/System/Library/Java/Extensions:/usr/lib/java:.] に存在しません。
14-Apr-2023 23:07:03.368 情報 [main] org.apache.coyote.AbstractProtocol.init プロトコルハンドラ ["http-nio-8080"] を初期化します。
14-Apr-2023 23:07:03.381 情報 [main] org.apache.catalina.startup.Catalina.load サーバーの初期化 [251] ミリ秒
14-Apr-2023 23:07:03.398 情報 [main] org.apache.catalina.core.StandardService.startInternal サービス [Catalina] を起動します
14-Apr-2023 23:07:03.398 情報 [main] org.apache.catalina.core.StandardEngine.startInternal サーブレットエンジンの起動：[Apache Tomcat/10.1.7]
14-Apr-2023 23:07:03.401 情報 [main] org.apache.catalina.startup.HostConfig.deployDirectory Web アプリケーションディレクトリ [/Users/asukanagai/Desktop/Attendance management/apache-tomcat-10.1.7 2/webapps/attendanceManagement] を配備します
14-Apr-2023 23:07:03.678 情報 [main] org.apache.jasper.servlet.TldScanner.scanJars 少なくとも1つのJARでTLDをスキャンしましたが、TLDが含まれていませんでした。スキャンしたもののTLDが見つからなかったJARの完全なリストについては、このロガーのデバッグログを有効にしてください。スキャン中に不要なJARをスキップすると、起動時間とJSPのコンパイル時間が短縮されます。
14-Apr-2023 23:07:03.699 情報 [main] org.apache.catalina.startup.HostConfig.deployDirectory ディレクトリ [/Users/asukanagai/Desktop/Attendance management/apache-tomcat-10.1.7 2/webapps/attendanceManagement] の Web アプリケーションの配備は [296] ミリ秒で完了しました。
14-Apr-2023 23:07:03.699 情報 [main] org.apache.catalina.startup.HostConfig.deployDirectory Web アプリケーションディレクトリ [/Users/asukanagai/Desktop/Attendance management/apache-tomcat-10.1.7 2/webapps/docs] を配備します
14-Apr-2023 23:07:03.710 情報 [main] org.apache.catalina.startup.HostConfig.deployDirectory ディレクトリ [/Users/asukanagai/Desktop/Attendance management/apache-tomcat-10.1.7 2/webapps/docs] の Web アプリケーションの配備は [11] ミリ秒で完了しました。
14-Apr-2023 23:07:03.710 情報 [main] org.apache.catalina.startup.HostConfig.deployDirectory Web アプリケーションディレクトリ [/Users/asukanagai/Desktop/Attendance management/apache-tomcat-10.1.7 2/webapps/manager] を配備します
14-Apr-2023 23:07:03.726 情報 [main] org.apache.catalina.startup.HostConfig.deployDirectory ディレクトリ [/Users/asukanagai/Desktop/Attendance management/apache-tomcat-10.1.7 2/webapps/manager] の Web アプリケーションの配備は [16] ミリ秒で完了しました。
14-Apr-2023 23:07:03.726 情報 [main] org.apache.catalina.startup.HostConfig.deployDirectory Web アプリケーションディレクトリ [/Users/asukanagai/Desktop/Attendance management/apache-tomcat-10.1.7 2/webapps/examples] を配備します
14-Apr-2023 23:07:03.823 情報 [main] org.apache.catalina.startup.HostConfig.deployDirectory ディレクトリ [/Users/asukanagai/Desktop/Attendance management/apache-tomcat-10.1.7 2/webapps/examples] の Web アプリケーションの配備は [97] ミリ秒で完了しました。
14-Apr-2023 23:07:03.823 情報 [main] org.apache.catalina.startup.HostConfig.deployDirectory Web アプリケーションディレクトリ [/Users/asukanagai/Desktop/Attendance management/apache-tomcat-10.1.7 2/webapps/ROOT] を配備します
14-Apr-2023 23:07:03.833 情報 [main] org.apache.catalina.startup.HostConfig.deployDirectory ディレクトリ [/Users/asukanagai/Desktop/Attendance management/apache-tomcat-10.1.7 2/webapps/ROOT] の Web アプリケーションの配備は [10] ミリ秒で完了しました。
14-Apr-2023 23:07:03.833 情報 [main] org.apache.catalina.startup.HostConfig.deployDirectory Web アプリケーションディレクトリ [/Users/asukanagai/Desktop/Attendance management/apache-tomcat-10.1.7 2/webapps/host-manager] を配備します
14-Apr-2023 23:07:03.843 情報 [main] org.apache.catalina.startup.HostConfig.deployDirectory ディレクトリ [/Users/asukanagai/Desktop/Attendance management/apache-tomcat-10.1.7 2/webapps/host-manager] の Web アプリケーションの配備は [9] ミリ秒で完了しました。
14-Apr-2023 23:07:03.844 情報 [main] org.apache.coyote.AbstractProtocol.start プロトコルハンドラー ["http-nio-8080"] を開始しました。
14-Apr-2023 23:07:03.856 情報 [main] org.apache.catalina.startup.Catalina.start サーバーの起動 [474] ミリ秒
14-Apr-2023 23:21:53.349 情報 [main] org.apache.catalina.core.StandardServer.await 有効なシャットダウンコマンドがシャットダウンポート経由で受信されました。 サーバーインスタンスを停止します。
14-Apr-2023 23:21:53.363 情報 [main] org.apache.coyote.AbstractProtocol.pause ProtocolHandler ["http-nio-8080"] を一時停止します。
14-Apr-2023 23:21:53.372 情報 [main] org.apache.catalina.core.StandardService.stopInternal サービス [Catalina] を停止します
14-Apr-2023 23:21:53.488 警告 [main] org.apache.catalina.loader.WebappClassLoaderBase.clearReferencesJdbc Web アプリケーション [attendanceManagement] は自身で登録した JDBC ドライバー [com.mysql.cj.jdbc.Driver] を停止時に解除できませんでした。メモリーリークの発生を防ぐには JDBC ドライバーを強制的に解除してください。
14-Apr-2023 23:21:53.494 警告 [main] org.apache.catalina.loader.WebappClassLoaderBase.clearReferencesThreads Webアプリケーション [attendanceManagement] は [mysql-cj-abandoned-connection-cleanup] という名前のスレッドを開始したようですが、停止に失敗しました。これはメモリリークを引き起こす可能性が非常に高いです。スレッドのスタックトレース: 
 java.base@18.0.2.1/java.lang.Object.wait(Native Method)
 java.base@18.0.2.1/java.lang.ref.ReferenceQueue.remove(ReferenceQueue.java:155)
 com.mysql.cj.jdbc.AbandonedConnectionCleanupThread.run(AbandonedConnectionCleanupThread.java:91)
 java.base@18.0.2.1/java.util.concurrent.ThreadPoolExecutor.runWorker(ThreadPoolExecutor.java:1136)
 java.base@18.0.2.1/java.util.concurrent.ThreadPoolExecutor$Worker.run(ThreadPoolExecutor.java:635)
 java.base@18.0.2.1/java.lang.Thread.run(Thread.java:833)
14-Apr-2023 23:21:53.509 情報 [main] org.apache.coyote.AbstractProtocol.stop ProtocolHandler ["http-nio-8080"]の停止中
14-Apr-2023 23:21:53.525 情報 [main] org.apache.coyote.AbstractProtocol.destroy ProtocolHandler ["http-nio-8080"] を破棄します。
14-Apr-2023 23:21:55.446 情報 [main] org.apache.catalina.startup.VersionLoggerListener.log Serverのバージョン名:     Apache Tomcat/10.1.7
14-Apr-2023 23:21:55.448 情報 [main] org.apache.catalina.startup.VersionLoggerListener.log Server ビルド:            Feb 27 2023 20:25:27 UTC
14-Apr-2023 23:21:55.448 情報 [main] org.apache.catalina.startup.VersionLoggerListener.log サーバーのバージョン番号: 10.1.7.0
14-Apr-2023 23:21:55.448 情報 [main] org.apache.catalina.startup.VersionLoggerListener.log OS 名:                    Mac OS X
14-Apr-2023 23:21:55.449 情報 [main] org.apache.catalina.startup.VersionLoggerListener.log OS バージョン:            12.1
14-Apr-2023 23:21:55.449 情報 [main] org.apache.catalina.startup.VersionLoggerListener.log アーキテクチャ:           aarch64
14-Apr-2023 23:21:55.449 情報 [main] org.apache.catalina.startup.VersionLoggerListener.log Java Home:                /Library/Java/JavaVirtualMachines/jdk-18.0.2.1.jdk/Contents/Home
14-Apr-2023 23:21:55.449 情報 [main] org.apache.catalina.startup.VersionLoggerListener.log JVM バージョン:           18.0.2.1+1-1
14-Apr-2023 23:21:55.449 情報 [main] org.apache.catalina.startup.VersionLoggerListener.log JVM ベンダ:               Oracle Corporation
14-Apr-2023 23:21:55.449 情報 [main] org.apache.catalina.startup.VersionLoggerListener.log CATALINA_BASE:            /Users/asukanagai/Desktop/Attendance management/apache-tomcat-10.1.7 2
14-Apr-2023 23:21:55.449 情報 [main] org.apache.catalina.startup.VersionLoggerListener.log CATALINA_HOME:            /Users/asukanagai/Desktop/Attendance management/apache-tomcat-10.1.7 2
14-Apr-2023 23:21:55.458 情報 [main] org.apache.catalina.startup.VersionLoggerListener.log コマンドライン引数:       -Djava.util.logging.config.file=/Users/asukanagai/Desktop/Attendance management/apache-tomcat-10.1.7 2/conf/logging.properties
14-Apr-2023 23:21:55.458 情報 [main] org.apache.catalina.startup.VersionLoggerListener.log コマンドライン引数:       -Djava.util.logging.manager=org.apache.juli.ClassLoaderLogManager
14-Apr-2023 23:21:55.458 情報 [main] org.apache.catalina.startup.VersionLoggerListener.log コマンドライン引数:       -Djdk.tls.ephemeralDHKeySize=2048
14-Apr-2023 23:21:55.458 情報 [main] org.apache.catalina.startup.VersionLoggerListener.log コマンドライン引数:       -Djava.protocol.handler.pkgs=org.apache.catalina.webresources
14-Apr-2023 23:21:55.458 情報 [main] org.apache.catalina.startup.VersionLoggerListener.log コマンドライン引数:       -Dorg.apache.catalina.security.SecurityListener.UMASK=0027
14-Apr-2023 23:21:55.458 情報 [main] org.apache.catalina.startup.VersionLoggerListener.log コマンドライン引数:       --add-opens=java.base/java.lang=ALL-UNNAMED
14-Apr-2023 23:21:55.458 情報 [main] org.apache.catalina.startup.VersionLoggerListener.log コマンドライン引数:       --add-opens=java.base/java.io=ALL-UNNAMED
14-Apr-2023 23:21:55.458 情報 [main] org.apache.catalina.startup.VersionLoggerListener.log コマンドライン引数:       --add-opens=java.base/java.util=ALL-UNNAMED
14-Apr-2023 23:21:55.458 情報 [main] org.apache.catalina.startup.VersionLoggerListener.log コマンドライン引数:       --add-opens=java.base/java.util.concurrent=ALL-UNNAMED
14-Apr-2023 23:21:55.458 情報 [main] org.apache.catalina.startup.VersionLoggerListener.log コマンドライン引数:       --add-opens=java.rmi/sun.rmi.transport=ALL-UNNAMED
14-Apr-2023 23:21:55.458 情報 [main] org.apache.catalina.startup.VersionLoggerListener.log コマンドライン引数:       -Dcatalina.base=/Users/asukanagai/Desktop/Attendance management/apache-tomcat-10.1.7 2
14-Apr-2023 23:21:55.458 情報 [main] org.apache.catalina.startup.VersionLoggerListener.log コマンドライン引数:       -Dcatalina.home=/Users/asukanagai/Desktop/Attendance management/apache-tomcat-10.1.7 2
14-Apr-2023 23:21:55.458 情報 [main] org.apache.catalina.startup.VersionLoggerListener.log コマンドライン引数:       -Djava.io.tmpdir=/Users/asukanagai/Desktop/Attendance management/apache-tomcat-10.1.7 2/temp
14-Apr-2023 23:21:55.463 情報 [main] org.apache.catalina.core.AprLifecycleListener.lifecycleEvent 商用環境に最適な性能を発揮する APR ベースの Tomcat ネイティブライブラリが java.library.path [/Users/asukanagai/Library/Java/Extensions:/Library/Java/Extensions:/Network/Library/Java/Extensions:/System/Library/Java/Extensions:/usr/lib/java:.] に存在しません。
14-Apr-2023 23:21:55.602 情報 [main] org.apache.coyote.AbstractProtocol.init プロトコルハンドラ ["http-nio-8080"] を初期化します。
14-Apr-2023 23:21:55.616 情報 [main] org.apache.catalina.startup.Catalina.load サーバーの初期化 [274] ミリ秒
14-Apr-2023 23:21:55.633 情報 [main] org.apache.catalina.core.StandardService.startInternal サービス [Catalina] を起動します
14-Apr-2023 23:21:55.633 情報 [main] org.apache.catalina.core.StandardEngine.startInternal サーブレットエンジンの起動：[Apache Tomcat/10.1.7]
14-Apr-2023 23:21:55.637 情報 [main] org.apache.catalina.startup.HostConfig.deployDirectory Web アプリケーションディレクトリ [/Users/asukanagai/Desktop/Attendance management/apache-tomcat-10.1.7 2/webapps/attendanceManagement] を配備します
14-Apr-2023 23:21:56.006 情報 [main] org.apache.jasper.servlet.TldScanner.scanJars 少なくとも1つのJARでTLDをスキャンしましたが、TLDが含まれていませんでした。スキャンしたもののTLDが見つからなかったJARの完全なリストについては、このロガーのデバッグログを有効にしてください。スキャン中に不要なJARをスキップすると、起動時間とJSPのコンパイル時間が短縮されます。
14-Apr-2023 23:21:56.068 情報 [main] org.apache.catalina.startup.HostConfig.deployDirectory ディレクトリ [/Users/asukanagai/Desktop/Attendance management/apache-tomcat-10.1.7 2/webapps/attendanceManagement] の Web アプリケーションの配備は [430] ミリ秒で完了しました。
14-Apr-2023 23:21:56.068 情報 [main] org.apache.catalina.startup.HostConfig.deployDirectory Web アプリケーションディレクトリ [/Users/asukanagai/Desktop/Attendance management/apache-tomcat-10.1.7 2/webapps/docs] を配備します
14-Apr-2023 23:21:56.085 情報 [main] org.apache.catalina.startup.HostConfig.deployDirectory ディレクトリ [/Users/asukanagai/Desktop/Attendance management/apache-tomcat-10.1.7 2/webapps/docs] の Web アプリケーションの配備は [16] ミリ秒で完了しました。
14-Apr-2023 23:21:56.085 情報 [main] org.apache.catalina.startup.HostConfig.deployDirectory Web アプリケーションディレクトリ [/Users/asukanagai/Desktop/Attendance management/apache-tomcat-10.1.7 2/webapps/manager] を配備します
14-Apr-2023 23:21:56.121 情報 [main] org.apache.catalina.startup.HostConfig.deployDirectory ディレクトリ [/Users/asukanagai/Desktop/Attendance management/apache-tomcat-10.1.7 2/webapps/manager] の Web アプリケーションの配備は [36] ミリ秒で完了しました。
14-Apr-2023 23:21:56.121 情報 [main] org.apache.catalina.startup.HostConfig.deployDirectory Web アプリケーションディレクトリ [/Users/asukanagai/Desktop/Attendance management/apache-tomcat-10.1.7 2/webapps/examples] を配備します
14-Apr-2023 23:21:56.386 情報 [main] org.apache.catalina.startup.HostConfig.deployDirectory ディレクトリ [/Users/asukanagai/Desktop/Attendance management/apache-tomcat-10.1.7 2/webapps/examples] の Web アプリケーションの配備は [265] ミリ秒で完了しました。
14-Apr-2023 23:21:56.386 情報 [main] org.apache.catalina.startup.HostConfig.deployDirectory Web アプリケーションディレクトリ [/Users/asukanagai/Desktop/Attendance management/apache-tomcat-10.1.7 2/webapps/ROOT] を配備します
14-Apr-2023 23:21:56.396 情報 [main] org.apache.catalina.startup.HostConfig.deployDirectory ディレクトリ [/Users/asukanagai/Desktop/Attendance management/apache-tomcat-10.1.7 2/webapps/ROOT] の Web アプリケーションの配備は [10] ミリ秒で完了しました。
14-Apr-2023 23:21:56.396 情報 [main] org.apache.catalina.startup.HostConfig.deployDirectory Web アプリケーションディレクトリ [/Users/asukanagai/Desktop/Attendance management/apache-tomcat-10.1.7 2/webapps/host-manager] を配備します
14-Apr-2023 23:21:56.415 情報 [main] org.apache.catalina.startup.HostConfig.deployDirectory ディレクトリ [/Users/asukanagai/Desktop/Attendance management/apache-tomcat-10.1.7 2/webapps/host-manager] の Web アプリケーションの配備は [19] ミリ秒で完了しました。
14-Apr-2023 23:21:56.421 情報 [main] org.apache.coyote.AbstractProtocol.start プロトコルハンドラー ["http-nio-8080"] を開始しました。
14-Apr-2023 23:21:56.438 情報 [main] org.apache.catalina.startup.Catalina.start サーバーの起動 [822] ミリ秒
14-Apr-2023 23:22:56.767 情報 [main] org.apache.catalina.core.StandardServer.await 有効なシャットダウンコマンドがシャットダウンポート経由で受信されました。 サーバーインスタンスを停止します。
14-Apr-2023 23:22:56.775 情報 [main] org.apache.coyote.AbstractProtocol.pause ProtocolHandler ["http-nio-8080"] を一時停止します。
14-Apr-2023 23:22:56.778 情報 [main] org.apache.catalina.core.StandardService.stopInternal サービス [Catalina] を停止します
14-Apr-2023 23:22:56.811 警告 [main] org.apache.catalina.loader.WebappClassLoaderBase.clearReferencesJdbc Web アプリケーション [attendanceManagement] は自身で登録した JDBC ドライバー [com.mysql.cj.jdbc.Driver] を停止時に解除できませんでした。メモリーリークの発生を防ぐには JDBC ドライバーを強制的に解除してください。
14-Apr-2023 23:22:56.811 警告 [main] org.apache.catalina.loader.WebappClassLoaderBase.clearReferencesThreads Webアプリケーション [attendanceManagement] は [mysql-cj-abandoned-connection-cleanup] という名前のスレッドを開始したようですが、停止に失敗しました。これはメモリリークを引き起こす可能性が非常に高いです。スレッドのスタックトレース: 
 java.base@18.0.2.1/java.lang.Object.wait(Native Method)
 java.base@18.0.2.1/java.lang.ref.ReferenceQueue.remove(ReferenceQueue.java:155)
 com.mysql.cj.jdbc.AbandonedConnectionCleanupThread.run(AbandonedConnectionCleanupThread.java:91)
 java.base@18.0.2.1/java.util.concurrent.ThreadPoolExecutor.runWorker(ThreadPoolExecutor.java:1136)
 java.base@18.0.2.1/java.util.concurrent.ThreadPoolExecutor$Worker.run(ThreadPoolExecutor.java:635)
 java.base@18.0.2.1/java.lang.Thread.run(Thread.java:833)
14-Apr-2023 23:22:56.828 情報 [main] org.apache.coyote.AbstractProtocol.stop ProtocolHandler ["http-nio-8080"]の停止中
14-Apr-2023 23:22:56.852 情報 [main] org.apache.coyote.AbstractProtocol.destroy ProtocolHandler ["http-nio-8080"] を破棄します。
14-Apr-2023 23:22:58.730 情報 [main] org.apache.catalina.startup.VersionLoggerListener.log Serverのバージョン名:     Apache Tomcat/10.1.7
14-Apr-2023 23:22:58.731 情報 [main] org.apache.catalina.startup.VersionLoggerListener.log Server ビルド:            Feb 27 2023 20:25:27 UTC
14-Apr-2023 23:22:58.731 情報 [main] org.apache.catalina.startup.VersionLoggerListener.log サーバーのバージョン番号: 10.1.7.0
14-Apr-2023 23:22:58.731 情報 [main] org.apache.catalina.startup.VersionLoggerListener.log OS 名:                    Mac OS X
14-Apr-2023 23:22:58.732 情報 [main] org.apache.catalina.startup.VersionLoggerListener.log OS バージョン:            12.1
14-Apr-2023 23:22:58.732 情報 [main] org.apache.catalina.startup.VersionLoggerListener.log アーキテクチャ:           aarch64
14-Apr-2023 23:22:58.732 情報 [main] org.apache.catalina.startup.VersionLoggerListener.log Java Home:                /Library/Java/JavaVirtualMachines/jdk-18.0.2.1.jdk/Contents/Home
14-Apr-2023 23:22:58.732 情報 [main] org.apache.catalina.startup.VersionLoggerListener.log JVM バージョン:           18.0.2.1+1-1
14-Apr-2023 23:22:58.732 情報 [main] org.apache.catalina.startup.VersionLoggerListener.log JVM ベンダ:               Oracle Corporation
14-Apr-2023 23:22:58.732 情報 [main] org.apache.catalina.startup.VersionLoggerListener.log CATALINA_BASE:            /Users/asukanagai/Desktop/Attendance management/apache-tomcat-10.1.7 2
14-Apr-2023 23:22:58.732 情報 [main] org.apache.catalina.startup.VersionLoggerListener.log CATALINA_HOME:            /Users/asukanagai/Desktop/Attendance management/apache-tomcat-10.1.7 2
14-Apr-2023 23:22:58.746 情報 [main] org.apache.catalina.startup.VersionLoggerListener.log コマンドライン引数:       -Djava.util.logging.config.file=/Users/asukanagai/Desktop/Attendance management/apache-tomcat-10.1.7 2/conf/logging.properties
14-Apr-2023 23:22:58.746 情報 [main] org.apache.catalina.startup.VersionLoggerListener.log コマンドライン引数:       -Djava.util.logging.manager=org.apache.juli.ClassLoaderLogManager
14-Apr-2023 23:22:58.746 情報 [main] org.apache.catalina.startup.VersionLoggerListener.log コマンドライン引数:       -Djdk.tls.ephemeralDHKeySize=2048
14-Apr-2023 23:22:58.746 情報 [main] org.apache.catalina.startup.VersionLoggerListener.log コマンドライン引数:       -Djava.protocol.handler.pkgs=org.apache.catalina.webresources
14-Apr-2023 23:22:58.746 情報 [main] org.apache.catalina.startup.VersionLoggerListener.log コマンドライン引数:       -Dorg.apache.catalina.security.SecurityListener.UMASK=0027
14-Apr-2023 23:22:58.746 情報 [main] org.apache.catalina.startup.VersionLoggerListener.log コマンドライン引数:       --add-opens=java.base/java.lang=ALL-UNNAMED
14-Apr-2023 23:22:58.746 情報 [main] org.apache.catalina.startup.VersionLoggerListener.log コマンドライン引数:       --add-opens=java.base/java.io=ALL-UNNAMED
14-Apr-2023 23:22:58.746 情報 [main] org.apache.catalina.startup.VersionLoggerListener.log コマンドライン引数:       --add-opens=java.base/java.util=ALL-UNNAMED
14-Apr-2023 23:22:58.746 情報 [main] org.apache.catalina.startup.VersionLoggerListener.log コマンドライン引数:       --add-opens=java.base/java.util.concurrent=ALL-UNNAMED
14-Apr-2023 23:22:58.746 情報 [main] org.apache.catalina.startup.VersionLoggerListener.log コマンドライン引数:       --add-opens=java.rmi/sun.rmi.transport=ALL-UNNAMED
14-Apr-2023 23:22:58.746 情報 [main] org.apache.catalina.startup.VersionLoggerListener.log コマンドライン引数:       -Dcatalina.base=/Users/asukanagai/Desktop/Attendance management/apache-tomcat-10.1.7 2
14-Apr-2023 23:22:58.746 情報 [main] org.apache.catalina.startup.VersionLoggerListener.log コマンドライン引数:       -Dcatalina.home=/Users/asukanagai/Desktop/Attendance management/apache-tomcat-10.1.7 2
14-Apr-2023 23:22:58.746 情報 [main] org.apache.catalina.startup.VersionLoggerListener.log コマンドライン引数:       -Djava.io.tmpdir=/Users/asukanagai/Desktop/Attendance management/apache-tomcat-10.1.7 2/temp
14-Apr-2023 23:22:58.751 情報 [main] org.apache.catalina.core.AprLifecycleListener.lifecycleEvent 商用環境に最適な性能を発揮する APR ベースの Tomcat ネイティブライブラリが java.library.path [/Users/asukanagai/Library/Java/Extensions:/Library/Java/Extensions:/Network/Library/Java/Extensions:/System/Library/Java/Extensions:/usr/lib/java:.] に存在しません。
14-Apr-2023 23:22:58.882 情報 [main] org.apache.coyote.AbstractProtocol.init プロトコルハンドラ ["http-nio-8080"] を初期化します。
14-Apr-2023 23:22:58.895 情報 [main] org.apache.catalina.startup.Catalina.load サーバーの初期化 [252] ミリ秒
14-Apr-2023 23:22:58.912 情報 [main] org.apache.catalina.core.StandardService.startInternal サービス [Catalina] を起動します
14-Apr-2023 23:22:58.912 情報 [main] org.apache.catalina.core.StandardEngine.startInternal サーブレットエンジンの起動：[Apache Tomcat/10.1.7]
14-Apr-2023 23:22:58.915 情報 [main] org.apache.catalina.startup.HostConfig.deployDirectory Web アプリケーションディレクトリ [/Users/asukanagai/Desktop/Attendance management/apache-tomcat-10.1.7 2/webapps/attendanceManagement] を配備します
14-Apr-2023 23:22:59.205 情報 [main] org.apache.jasper.servlet.TldScanner.scanJars 少なくとも1つのJARでTLDをスキャンしましたが、TLDが含まれていませんでした。スキャンしたもののTLDが見つからなかったJARの完全なリストについては、このロガーのデバッグログを有効にしてください。スキャン中に不要なJARをスキップすると、起動時間とJSPのコンパイル時間が短縮されます。
14-Apr-2023 23:22:59.226 情報 [main] org.apache.catalina.startup.HostConfig.deployDirectory ディレクトリ [/Users/asukanagai/Desktop/Attendance management/apache-tomcat-10.1.7 2/webapps/attendanceManagement] の Web アプリケーションの配備は [310] ミリ秒で完了しました。
14-Apr-2023 23:22:59.226 情報 [main] org.apache.catalina.startup.HostConfig.deployDirectory Web アプリケーションディレクトリ [/Users/asukanagai/Desktop/Attendance management/apache-tomcat-10.1.7 2/webapps/docs] を配備します
14-Apr-2023 23:22:59.237 情報 [main] org.apache.catalina.startup.HostConfig.deployDirectory ディレクトリ [/Users/asukanagai/Desktop/Attendance management/apache-tomcat-10.1.7 2/webapps/docs] の Web アプリケーションの配備は [11] ミリ秒で完了しました。
14-Apr-2023 23:22:59.238 情報 [main] org.apache.catalina.startup.HostConfig.deployDirectory Web アプリケーションディレクトリ [/Users/asukanagai/Desktop/Attendance management/apache-tomcat-10.1.7 2/webapps/manager] を配備します
14-Apr-2023 23:22:59.254 情報 [main] org.apache.catalina.startup.HostConfig.deployDirectory ディレクトリ [/Users/asukanagai/Desktop/Attendance management/apache-tomcat-10.1.7 2/webapps/manager] の Web アプリケーションの配備は [15] ミリ秒で完了しました。
14-Apr-2023 23:22:59.254 情報 [main] org.apache.catalina.startup.HostConfig.deployDirectory Web アプリケーションディレクトリ [/Users/asukanagai/Desktop/Attendance management/apache-tomcat-10.1.7 2/webapps/examples] を配備します
14-Apr-2023 23:22:59.372 情報 [main] org.apache.catalina.startup.HostConfig.deployDirectory ディレクトリ [/Users/asukanagai/Desktop/Attendance management/apache-tomcat-10.1.7 2/webapps/examples] の Web アプリケーションの配備は [118] ミリ秒で完了しました。
14-Apr-2023 23:22:59.372 情報 [main] org.apache.catalina.startup.HostConfig.deployDirectory Web アプリケーションディレクトリ [/Users/asukanagai/Desktop/Attendance management/apache-tomcat-10.1.7 2/webapps/ROOT] を配備します
14-Apr-2023 23:22:59.380 情報 [main] org.apache.catalina.startup.HostConfig.deployDirectory ディレクトリ [/Users/asukanagai/Desktop/Attendance management/apache-tomcat-10.1.7 2/webapps/ROOT] の Web アプリケーションの配備は [8] ミリ秒で完了しました。
14-Apr-2023 23:22:59.381 情報 [main] org.apache.catalina.startup.HostConfig.deployDirectory Web アプリケーションディレクトリ [/Users/asukanagai/Desktop/Attendance management/apache-tomcat-10.1.7 2/webapps/host-manager] を配備します
14-Apr-2023 23:22:59.391 情報 [main] org.apache.catalina.startup.HostConfig.deployDirectory ディレクトリ [/Users/asukanagai/Desktop/Attendance management/apache-tomcat-10.1.7 2/webapps/host-manager] の Web アプリケーションの配備は [10] ミリ秒で完了しました。
14-Apr-2023 23:22:59.392 情報 [main] org.apache.coyote.AbstractProtocol.start プロトコルハンドラー ["http-nio-8080"] を開始しました。
14-Apr-2023 23:22:59.398 情報 [main] org.apache.catalina.startup.Catalina.start サーバーの起動 [503] ミリ秒
14-Apr-2023 23:23:07.995 情報 [main] org.apache.catalina.core.StandardServer.await 有効なシャットダウンコマンドがシャットダウンポート経由で受信されました。 サーバーインスタンスを停止します。
14-Apr-2023 23:23:07.995 情報 [main] org.apache.coyote.AbstractProtocol.pause ProtocolHandler ["http-nio-8080"] を一時停止します。
14-Apr-2023 23:23:07.998 情報 [main] org.apache.catalina.core.StandardService.stopInternal サービス [Catalina] を停止します
14-Apr-2023 23:23:08.014 情報 [main] org.apache.coyote.AbstractProtocol.stop ProtocolHandler ["http-nio-8080"]の停止中
14-Apr-2023 23:23:08.024 情報 [main] org.apache.coyote.AbstractProtocol.destroy ProtocolHandler ["http-nio-8080"] を破棄します。
14-Apr-2023 23:23:10.613 情報 [main] org.apache.catalina.startup.VersionLoggerListener.log Serverのバージョン名:     Apache Tomcat/10.1.7
14-Apr-2023 23:23:10.614 情報 [main] org.apache.catalina.startup.VersionLoggerListener.log Server ビルド:            Feb 27 2023 20:25:27 UTC
14-Apr-2023 23:23:10.615 情報 [main] org.apache.catalina.startup.VersionLoggerListener.log サーバーのバージョン番号: 10.1.7.0
14-Apr-2023 23:23:10.615 情報 [main] org.apache.catalina.startup.VersionLoggerListener.log OS 名:                    Mac OS X
14-Apr-2023 23:23:10.615 情報 [main] org.apache.catalina.startup.VersionLoggerListener.log OS バージョン:            12.1
14-Apr-2023 23:23:10.615 情報 [main] org.apache.catalina.startup.VersionLoggerListener.log アーキテクチャ:           aarch64
14-Apr-2023 23:23:10.615 情報 [main] org.apache.catalina.startup.VersionLoggerListener.log Java Home:                /Library/Java/JavaVirtualMachines/jdk-18.0.2.1.jdk/Contents/Home
14-Apr-2023 23:23:10.615 情報 [main] org.apache.catalina.startup.VersionLoggerListener.log JVM バージョン:           18.0.2.1+1-1
14-Apr-2023 23:23:10.615 情報 [main] org.apache.catalina.startup.VersionLoggerListener.log JVM ベンダ:               Oracle Corporation
14-Apr-2023 23:23:10.615 情報 [main] org.apache.catalina.startup.VersionLoggerListener.log CATALINA_BASE:            /Users/asukanagai/Desktop/Attendance management/apache-tomcat-10.1.7 2
14-Apr-2023 23:23:10.615 情報 [main] org.apache.catalina.startup.VersionLoggerListener.log CATALINA_HOME:            /Users/asukanagai/Desktop/Attendance management/apache-tomcat-10.1.7 2
14-Apr-2023 23:23:10.621 情報 [main] org.apache.catalina.startup.VersionLoggerListener.log コマンドライン引数:       -Djava.util.logging.config.file=/Users/asukanagai/Desktop/Attendance management/apache-tomcat-10.1.7 2/conf/logging.properties
14-Apr-2023 23:23:10.621 情報 [main] org.apache.catalina.startup.VersionLoggerListener.log コマンドライン引数:       -Djava.util.logging.manager=org.apache.juli.ClassLoaderLogManager
14-Apr-2023 23:23:10.621 情報 [main] org.apache.catalina.startup.VersionLoggerListener.log コマンドライン引数:       -Djdk.tls.ephemeralDHKeySize=2048
14-Apr-2023 23:23:10.621 情報 [main] org.apache.catalina.startup.VersionLoggerListener.log コマンドライン引数:       -Djava.protocol.handler.pkgs=org.apache.catalina.webresources
14-Apr-2023 23:23:10.621 情報 [main] org.apache.catalina.startup.VersionLoggerListener.log コマンドライン引数:       -Dorg.apache.catalina.security.SecurityListener.UMASK=0027
14-Apr-2023 23:23:10.621 情報 [main] org.apache.catalina.startup.VersionLoggerListener.log コマンドライン引数:       --add-opens=java.base/java.lang=ALL-UNNAMED
14-Apr-2023 23:23:10.621 情報 [main] org.apache.catalina.startup.VersionLoggerListener.log コマンドライン引数:       --add-opens=java.base/java.io=ALL-UNNAMED
14-Apr-2023 23:23:10.621 情報 [main] org.apache.catalina.startup.VersionLoggerListener.log コマンドライン引数:       --add-opens=java.base/java.util=ALL-UNNAMED
14-Apr-2023 23:23:10.621 情報 [main] org.apache.catalina.startup.VersionLoggerListener.log コマンドライン引数:       --add-opens=java.base/java.util.concurrent=ALL-UNNAMED
14-Apr-2023 23:23:10.621 情報 [main] org.apache.catalina.startup.VersionLoggerListener.log コマンドライン引数:       --add-opens=java.rmi/sun.rmi.transport=ALL-UNNAMED
14-Apr-2023 23:23:10.621 情報 [main] org.apache.catalina.startup.VersionLoggerListener.log コマンドライン引数:       -Dcatalina.base=/Users/asukanagai/Desktop/Attendance management/apache-tomcat-10.1.7 2
14-Apr-2023 23:23:10.621 情報 [main] org.apache.catalina.startup.VersionLoggerListener.log コマンドライン引数:       -Dcatalina.home=/Users/asukanagai/Desktop/Attendance management/apache-tomcat-10.1.7 2
14-Apr-2023 23:23:10.621 情報 [main] org.apache.catalina.startup.VersionLoggerListener.log コマンドライン引数:       -Djava.io.tmpdir=/Users/asukanagai/Desktop/Attendance management/apache-tomcat-10.1.7 2/temp
14-Apr-2023 23:23:10.626 情報 [main] org.apache.catalina.core.AprLifecycleListener.lifecycleEvent 商用環境に最適な性能を発揮する APR ベースの Tomcat ネイティブライブラリが java.library.path [/Users/asukanagai/Library/Java/Extensions:/Library/Java/Extensions:/Network/Library/Java/Extensions:/System/Library/Java/Extensions:/usr/lib/java:.] に存在しません。
14-Apr-2023 23:23:10.745 情報 [main] org.apache.coyote.AbstractProtocol.init プロトコルハンドラ ["http-nio-8080"] を初期化します。
14-Apr-2023 23:23:10.758 情報 [main] org.apache.catalina.startup.Catalina.load サーバーの初期化 [236] ミリ秒
14-Apr-2023 23:23:10.775 情報 [main] org.apache.catalina.core.StandardService.startInternal サービス [Catalina] を起動します
14-Apr-2023 23:23:10.775 情報 [main] org.apache.catalina.core.StandardEngine.startInternal サーブレットエンジンの起動：[Apache Tomcat/10.1.7]
14-Apr-2023 23:23:10.778 情報 [main] org.apache.catalina.startup.HostConfig.deployDirectory Web アプリケーションディレクトリ [/Users/asukanagai/Desktop/Attendance management/apache-tomcat-10.1.7 2/webapps/attendanceManagement] を配備します
14-Apr-2023 23:23:11.044 情報 [main] org.apache.jasper.servlet.TldScanner.scanJars 少なくとも1つのJARでTLDをスキャンしましたが、TLDが含まれていませんでした。スキャンしたもののTLDが見つからなかったJARの完全なリストについては、このロガーのデバッグログを有効にしてください。スキャン中に不要なJARをスキップすると、起動時間とJSPのコンパイル時間が短縮されます。
14-Apr-2023 23:23:11.063 情報 [main] org.apache.catalina.startup.HostConfig.deployDirectory ディレクトリ [/Users/asukanagai/Desktop/Attendance management/apache-tomcat-10.1.7 2/webapps/attendanceManagement] の Web アプリケーションの配備は [284] ミリ秒で完了しました。
14-Apr-2023 23:23:11.063 情報 [main] org.apache.catalina.startup.HostConfig.deployDirectory Web アプリケーションディレクトリ [/Users/asukanagai/Desktop/Attendance management/apache-tomcat-10.1.7 2/webapps/docs] を配備します
14-Apr-2023 23:23:11.074 情報 [main] org.apache.catalina.startup.HostConfig.deployDirectory ディレクトリ [/Users/asukanagai/Desktop/Attendance management/apache-tomcat-10.1.7 2/webapps/docs] の Web アプリケーションの配備は [11] ミリ秒で完了しました。
14-Apr-2023 23:23:11.074 情報 [main] org.apache.catalina.startup.HostConfig.deployDirectory Web アプリケーションディレクトリ [/Users/asukanagai/Desktop/Attendance management/apache-tomcat-10.1.7 2/webapps/manager] を配備します
14-Apr-2023 23:23:11.092 情報 [main] org.apache.catalina.startup.HostConfig.deployDirectory ディレクトリ [/Users/asukanagai/Desktop/Attendance management/apache-tomcat-10.1.7 2/webapps/manager] の Web アプリケーションの配備は [18] ミリ秒で完了しました。
14-Apr-2023 23:23:11.092 情報 [main] org.apache.catalina.startup.HostConfig.deployDirectory Web アプリケーションディレクトリ [/Users/asukanagai/Desktop/Attendance management/apache-tomcat-10.1.7 2/webapps/examples] を配備します
14-Apr-2023 23:23:11.246 情報 [main] org.apache.catalina.startup.HostConfig.deployDirectory ディレクトリ [/Users/asukanagai/Desktop/Attendance management/apache-tomcat-10.1.7 2/webapps/examples] の Web アプリケーションの配備は [154] ミリ秒で完了しました。
14-Apr-2023 23:23:11.247 情報 [main] org.apache.catalina.startup.HostConfig.deployDirectory Web アプリケーションディレクトリ [/Users/asukanagai/Desktop/Attendance management/apache-tomcat-10.1.7 2/webapps/ROOT] を配備します
14-Apr-2023 23:23:11.257 情報 [main] org.apache.catalina.startup.HostConfig.deployDirectory ディレクトリ [/Users/asukanagai/Desktop/Attendance management/apache-tomcat-10.1.7 2/webapps/ROOT] の Web アプリケーションの配備は [10] ミリ秒で完了しました。
14-Apr-2023 23:23:11.257 情報 [main] org.apache.catalina.startup.HostConfig.deployDirectory Web アプリケーションディレクトリ [/Users/asukanagai/Desktop/Attendance management/apache-tomcat-10.1.7 2/webapps/host-manager] を配備します
14-Apr-2023 23:23:11.269 情報 [main] org.apache.catalina.startup.HostConfig.deployDirectory ディレクトリ [/Users/asukanagai/Desktop/Attendance management/apache-tomcat-10.1.7 2/webapps/host-manager] の Web アプリケーションの配備は [12] ミリ秒で完了しました。
14-Apr-2023 23:23:11.271 情報 [main] org.apache.coyote.AbstractProtocol.start プロトコルハンドラー ["http-nio-8080"] を開始しました。
14-Apr-2023 23:23:11.277 情報 [main] org.apache.catalina.startup.Catalina.start サーバーの起動 [518] ミリ秒
