09-Apr-2023 16:52:26.623 情報 [main] org.apache.catalina.core.ApplicationContext.log SessionListener: contextDestroyed()
09-Apr-2023 16:52:26.623 情報 [main] org.apache.catalina.core.ApplicationContext.log ContextListener: contextDestroyed()
09-Apr-2023 16:52:30.927 情報 [main] org.apache.catalina.core.ApplicationContext.log ContextListener: contextInitialized()
09-Apr-2023 16:52:30.927 情報 [main] org.apache.catalina.core.ApplicationContext.log SessionListener: contextInitialized()
09-Apr-2023 16:52:30.927 情報 [main] org.apache.catalina.core.ApplicationContext.log ContextListener: attributeAdded('StockTicker', 'async.Stockticker@1698d7c0')
09-Apr-2023 16:53:36.525 情報 [main] org.apache.catalina.core.ApplicationContext.log SessionListener: contextDestroyed()
09-Apr-2023 16:53:36.525 情報 [main] org.apache.catalina.core.ApplicationContext.log ContextListener: contextDestroyed()
09-Apr-2023 16:53:39.444 情報 [main] org.apache.catalina.core.ApplicationContext.log ContextListener: contextInitialized()
09-Apr-2023 16:53:39.444 情報 [main] org.apache.catalina.core.ApplicationContext.log SessionListener: contextInitialized()
09-Apr-2023 16:53:39.445 情報 [main] org.apache.catalina.core.ApplicationContext.log ContextListener: attributeAdded('StockTicker', 'async.Stockticker@1698d7c0')
09-Apr-2023 16:56:19.150 情報 [main] org.apache.catalina.core.ApplicationContext.log SessionListener: contextDestroyed()
09-Apr-2023 16:56:19.150 情報 [main] org.apache.catalina.core.ApplicationContext.log ContextListener: contextDestroyed()
09-Apr-2023 16:56:24.777 情報 [main] org.apache.catalina.core.ApplicationContext.log ContextListener: contextInitialized()
09-Apr-2023 16:56:24.777 情報 [main] org.apache.catalina.core.ApplicationContext.log SessionListener: contextInitialized()
09-Apr-2023 16:56:24.777 情報 [main] org.apache.catalina.core.ApplicationContext.log ContextListener: attributeAdded('StockTicker', 'async.Stockticker@7c455e96')
09-Apr-2023 16:58:48.061 情報 [main] org.apache.catalina.core.ApplicationContext.log SessionListener: contextDestroyed()
09-Apr-2023 16:58:48.061 情報 [main] org.apache.catalina.core.ApplicationContext.log ContextListener: contextDestroyed()
09-Apr-2023 16:58:51.553 情報 [main] org.apache.catalina.core.ApplicationContext.log ContextListener: contextInitialized()
09-Apr-2023 16:58:51.553 情報 [main] org.apache.catalina.core.ApplicationContext.log SessionListener: contextInitialized()
09-Apr-2023 16:58:51.553 情報 [main] org.apache.catalina.core.ApplicationContext.log ContextListener: attributeAdded('StockTicker', 'async.Stockticker@1698d7c0')
09-Apr-2023 16:59:31.791 情報 [main] org.apache.catalina.core.ApplicationContext.log SessionListener: contextDestroyed()
09-Apr-2023 16:59:31.791 情報 [main] org.apache.catalina.core.ApplicationContext.log ContextListener: contextDestroyed()
09-Apr-2023 16:59:34.504 情報 [main] org.apache.catalina.core.ApplicationContext.log ContextListener: contextInitialized()
09-Apr-2023 16:59:34.504 情報 [main] org.apache.catalina.core.ApplicationContext.log SessionListener: contextInitialized()
09-Apr-2023 16:59:34.505 情報 [main] org.apache.catalina.core.ApplicationContext.log ContextListener: attributeAdded('StockTicker', 'async.Stockticker@5bcde458')
09-Apr-2023 17:04:22.108 情報 [main] org.apache.catalina.core.ApplicationContext.log SessionListener: contextDestroyed()
09-Apr-2023 17:04:22.108 情報 [main] org.apache.catalina.core.ApplicationContext.log ContextListener: contextDestroyed()
09-Apr-2023 17:04:24.800 情報 [main] org.apache.catalina.core.ApplicationContext.log ContextListener: contextInitialized()
09-Apr-2023 17:04:24.800 情報 [main] org.apache.catalina.core.ApplicationContext.log SessionListener: contextInitialized()
09-Apr-2023 17:04:24.800 情報 [main] org.apache.catalina.core.ApplicationContext.log ContextListener: attributeAdded('StockTicker', 'async.Stockticker@73ba6fe6')
09-Apr-2023 17:05:37.306 情報 [main] org.apache.catalina.core.ApplicationContext.log SessionListener: contextDestroyed()
09-Apr-2023 17:05:37.306 情報 [main] org.apache.catalina.core.ApplicationContext.log ContextListener: contextDestroyed()
09-Apr-2023 17:05:40.418 情報 [main] org.apache.catalina.core.ApplicationContext.log ContextListener: contextInitialized()
09-Apr-2023 17:05:40.418 情報 [main] org.apache.catalina.core.ApplicationContext.log SessionListener: contextInitialized()
09-Apr-2023 17:05:40.418 情報 [main] org.apache.catalina.core.ApplicationContext.log ContextListener: attributeAdded('StockTicker', 'async.Stockticker@5bcde458')
09-Apr-2023 17:23:40.657 情報 [main] org.apache.catalina.core.ApplicationContext.log SessionListener: contextDestroyed()
09-Apr-2023 17:23:40.657 情報 [main] org.apache.catalina.core.ApplicationContext.log ContextListener: contextDestroyed()
09-Apr-2023 17:23:44.644 情報 [main] org.apache.catalina.core.ApplicationContext.log ContextListener: contextInitialized()
09-Apr-2023 17:23:44.644 情報 [main] org.apache.catalina.core.ApplicationContext.log SessionListener: contextInitialized()
09-Apr-2023 17:23:44.645 情報 [main] org.apache.catalina.core.ApplicationContext.log ContextListener: attributeAdded('StockTicker', 'async.Stockticker@985696')
09-Apr-2023 17:24:19.886 情報 [main] org.apache.catalina.core.ApplicationContext.log SessionListener: contextDestroyed()
09-Apr-2023 17:24:19.886 情報 [main] org.apache.catalina.core.ApplicationContext.log ContextListener: contextDestroyed()
09-Apr-2023 17:24:22.773 情報 [main] org.apache.catalina.core.ApplicationContext.log ContextListener: contextInitialized()
09-Apr-2023 17:24:22.773 情報 [main] org.apache.catalina.core.ApplicationContext.log SessionListener: contextInitialized()
09-Apr-2023 17:24:22.774 情報 [main] org.apache.catalina.core.ApplicationContext.log ContextListener: attributeAdded('StockTicker', 'async.Stockticker@281f23f2')
09-Apr-2023 17:24:58.694 情報 [main] org.apache.catalina.core.ApplicationContext.log SessionListener: contextDestroyed()
09-Apr-2023 17:24:58.694 情報 [main] org.apache.catalina.core.ApplicationContext.log ContextListener: contextDestroyed()
09-Apr-2023 17:25:02.641 情報 [main] org.apache.catalina.core.ApplicationContext.log ContextListener: contextInitialized()
09-Apr-2023 17:25:02.641 情報 [main] org.apache.catalina.core.ApplicationContext.log SessionListener: contextInitialized()
09-Apr-2023 17:25:02.641 情報 [main] org.apache.catalina.core.ApplicationContext.log ContextListener: attributeAdded('StockTicker', 'async.Stockticker@1f1cae23')
09-Apr-2023 17:26:06.442 情報 [main] org.apache.catalina.core.ApplicationContext.log SessionListener: contextDestroyed()
09-Apr-2023 17:26:06.442 情報 [main] org.apache.catalina.core.ApplicationContext.log ContextListener: contextDestroyed()
09-Apr-2023 17:26:09.645 情報 [main] org.apache.catalina.core.ApplicationContext.log ContextListener: contextInitialized()
09-Apr-2023 17:26:09.645 情報 [main] org.apache.catalina.core.ApplicationContext.log SessionListener: contextInitialized()
09-Apr-2023 17:26:09.646 情報 [main] org.apache.catalina.core.ApplicationContext.log ContextListener: attributeAdded('StockTicker', 'async.Stockticker@985696')
09-Apr-2023 17:35:29.511 情報 [main] org.apache.catalina.core.ApplicationContext.log SessionListener: contextDestroyed()
09-Apr-2023 17:35:29.511 情報 [main] org.apache.catalina.core.ApplicationContext.log ContextListener: contextDestroyed()
09-Apr-2023 17:35:33.254 情報 [main] org.apache.catalina.core.ApplicationContext.log ContextListener: contextInitialized()
09-Apr-2023 17:35:33.254 情報 [main] org.apache.catalina.core.ApplicationContext.log SessionListener: contextInitialized()
09-Apr-2023 17:35:33.254 情報 [main] org.apache.catalina.core.ApplicationContext.log ContextListener: attributeAdded('StockTicker', 'async.Stockticker@985696')
09-Apr-2023 17:43:14.415 情報 [main] org.apache.catalina.core.ApplicationContext.log SessionListener: contextDestroyed()
09-Apr-2023 17:43:14.415 情報 [main] org.apache.catalina.core.ApplicationContext.log ContextListener: contextDestroyed()
09-Apr-2023 17:43:17.651 情報 [main] org.apache.catalina.core.ApplicationContext.log ContextListener: contextInitialized()
09-Apr-2023 17:43:17.651 情報 [main] org.apache.catalina.core.ApplicationContext.log SessionListener: contextInitialized()
09-Apr-2023 17:43:17.652 情報 [main] org.apache.catalina.core.ApplicationContext.log ContextListener: attributeAdded('StockTicker', 'async.Stockticker@bdc8014')
09-Apr-2023 17:43:53.866 情報 [main] org.apache.catalina.core.ApplicationContext.log SessionListener: contextDestroyed()
09-Apr-2023 17:43:53.866 情報 [main] org.apache.catalina.core.ApplicationContext.log ContextListener: contextDestroyed()
09-Apr-2023 17:43:56.788 情報 [main] org.apache.catalina.core.ApplicationContext.log ContextListener: contextInitialized()
09-Apr-2023 17:43:56.788 情報 [main] org.apache.catalina.core.ApplicationContext.log SessionListener: contextInitialized()
09-Apr-2023 17:43:56.789 情報 [main] org.apache.catalina.core.ApplicationContext.log ContextListener: attributeAdded('StockTicker', 'async.Stockticker@73ba6fe6')
09-Apr-2023 17:44:59.277 情報 [main] org.apache.catalina.core.ApplicationContext.log SessionListener: contextDestroyed()
09-Apr-2023 17:44:59.277 情報 [main] org.apache.catalina.core.ApplicationContext.log ContextListener: contextDestroyed()
09-Apr-2023 17:45:02.712 情報 [main] org.apache.catalina.core.ApplicationContext.log ContextListener: contextInitialized()
09-Apr-2023 17:45:02.712 情報 [main] org.apache.catalina.core.ApplicationContext.log SessionListener: contextInitialized()
09-Apr-2023 17:45:02.713 情報 [main] org.apache.catalina.core.ApplicationContext.log ContextListener: attributeAdded('StockTicker', 'async.Stockticker@985696')
09-Apr-2023 17:47:27.505 情報 [main] org.apache.catalina.core.ApplicationContext.log SessionListener: contextDestroyed()
09-Apr-2023 17:47:27.505 情報 [main] org.apache.catalina.core.ApplicationContext.log ContextListener: contextDestroyed()
09-Apr-2023 17:47:32.227 情報 [main] org.apache.catalina.core.ApplicationContext.log ContextListener: contextInitialized()
09-Apr-2023 17:47:32.227 情報 [main] org.apache.catalina.core.ApplicationContext.log SessionListener: contextInitialized()
09-Apr-2023 17:47:32.228 情報 [main] org.apache.catalina.core.ApplicationContext.log ContextListener: attributeAdded('StockTicker', 'async.Stockticker@985696')
09-Apr-2023 17:51:55.374 情報 [main] org.apache.catalina.core.ApplicationContext.log SessionListener: contextDestroyed()
09-Apr-2023 17:51:55.374 情報 [main] org.apache.catalina.core.ApplicationContext.log ContextListener: contextDestroyed()
09-Apr-2023 17:52:01.069 情報 [main] org.apache.catalina.core.ApplicationContext.log ContextListener: contextInitialized()
09-Apr-2023 17:52:01.070 情報 [main] org.apache.catalina.core.ApplicationContext.log SessionListener: contextInitialized()
09-Apr-2023 17:52:01.070 情報 [main] org.apache.catalina.core.ApplicationContext.log ContextListener: attributeAdded('StockTicker', 'async.Stockticker@1f1cae23')
09-Apr-2023 17:56:18.689 情報 [main] org.apache.catalina.core.ApplicationContext.log SessionListener: contextDestroyed()
09-Apr-2023 17:56:18.690 情報 [main] org.apache.catalina.core.ApplicationContext.log ContextListener: contextDestroyed()
09-Apr-2023 17:56:23.039 情報 [main] org.apache.catalina.core.ApplicationContext.log ContextListener: contextInitialized()
09-Apr-2023 17:56:23.039 情報 [main] org.apache.catalina.core.ApplicationContext.log SessionListener: contextInitialized()
09-Apr-2023 17:56:23.039 情報 [main] org.apache.catalina.core.ApplicationContext.log ContextListener: attributeAdded('StockTicker', 'async.Stockticker@985696')
09-Apr-2023 17:56:54.155 情報 [main] org.apache.catalina.core.ApplicationContext.log ContextListener: contextInitialized()
09-Apr-2023 17:56:54.155 情報 [main] org.apache.catalina.core.ApplicationContext.log SessionListener: contextInitialized()
09-Apr-2023 17:56:54.156 情報 [main] org.apache.catalina.core.ApplicationContext.log ContextListener: attributeAdded('StockTicker', 'async.Stockticker@4912d525')
09-Apr-2023 17:56:54.184 情報 [main] org.apache.catalina.core.ApplicationContext.log SessionListener: contextDestroyed()
09-Apr-2023 17:56:54.184 情報 [main] org.apache.catalina.core.ApplicationContext.log ContextListener: contextDestroyed()
09-Apr-2023 18:16:48.035 情報 [main] org.apache.catalina.core.ApplicationContext.log SessionListener: contextDestroyed()
09-Apr-2023 18:16:48.035 情報 [main] org.apache.catalina.core.ApplicationContext.log ContextListener: contextDestroyed()
09-Apr-2023 18:16:50.597 情報 [main] org.apache.catalina.core.ApplicationContext.log ContextListener: contextInitialized()
09-Apr-2023 18:16:50.597 情報 [main] org.apache.catalina.core.ApplicationContext.log SessionListener: contextInitialized()
09-Apr-2023 18:16:50.597 情報 [main] org.apache.catalina.core.ApplicationContext.log ContextListener: attributeAdded('StockTicker', 'async.Stockticker@5bcde458')
