02-Apr-2023 14:13:21.457 情報 [main] org.apache.catalina.core.ApplicationContext.log SessionListener: contextDestroyed()
02-Apr-2023 14:13:21.457 情報 [main] org.apache.catalina.core.ApplicationContext.log ContextListener: contextDestroyed()
02-Apr-2023 14:13:26.436 情報 [main] org.apache.catalina.core.ApplicationContext.log ContextListener: contextInitialized()
02-Apr-2023 14:13:26.436 情報 [main] org.apache.catalina.core.ApplicationContext.log SessionListener: contextInitialized()
02-Apr-2023 14:13:26.437 情報 [main] org.apache.catalina.core.ApplicationContext.log ContextListener: attributeAdded('StockTicker', 'async.Stockticker@985696')
02-Apr-2023 14:30:17.909 情報 [main] org.apache.catalina.core.ApplicationContext.log SessionListener: contextDestroyed()
02-Apr-2023 14:30:17.909 情報 [main] org.apache.catalina.core.ApplicationContext.log ContextListener: contextDestroyed()
02-Apr-2023 14:30:20.272 情報 [main] org.apache.catalina.core.ApplicationContext.log ContextListener: contextInitialized()
02-Apr-2023 14:30:20.272 情報 [main] org.apache.catalina.core.ApplicationContext.log SessionListener: contextInitialized()
02-Apr-2023 14:30:20.272 情報 [main] org.apache.catalina.core.ApplicationContext.log ContextListener: attributeAdded('StockTicker', 'async.Stockticker@79ab34c1')
02-Apr-2023 14:33:06.771 情報 [main] org.apache.catalina.core.ApplicationContext.log SessionListener: contextDestroyed()
02-Apr-2023 14:33:06.771 情報 [main] org.apache.catalina.core.ApplicationContext.log ContextListener: contextDestroyed()
02-Apr-2023 14:33:09.282 情報 [main] org.apache.catalina.core.ApplicationContext.log ContextListener: contextInitialized()
02-Apr-2023 14:33:09.282 情報 [main] org.apache.catalina.core.ApplicationContext.log SessionListener: contextInitialized()
02-Apr-2023 14:33:09.282 情報 [main] org.apache.catalina.core.ApplicationContext.log ContextListener: attributeAdded('StockTicker', 'async.Stockticker@1698d7c0')
02-Apr-2023 15:25:01.038 情報 [main] org.apache.catalina.core.ApplicationContext.log SessionListener: contextDestroyed()
02-Apr-2023 15:25:01.038 情報 [main] org.apache.catalina.core.ApplicationContext.log ContextListener: contextDestroyed()
02-Apr-2023 15:25:03.775 情報 [main] org.apache.catalina.core.ApplicationContext.log ContextListener: contextInitialized()
02-Apr-2023 15:25:03.775 情報 [main] org.apache.catalina.core.ApplicationContext.log SessionListener: contextInitialized()
02-Apr-2023 15:25:03.775 情報 [main] org.apache.catalina.core.ApplicationContext.log ContextListener: attributeAdded('StockTicker', 'async.Stockticker@1f1cae23')
02-Apr-2023 15:43:03.904 情報 [main] org.apache.catalina.core.ApplicationContext.log SessionListener: contextDestroyed()
02-Apr-2023 15:43:03.904 情報 [main] org.apache.catalina.core.ApplicationContext.log ContextListener: contextDestroyed()
02-Apr-2023 15:43:06.306 情報 [main] org.apache.catalina.core.ApplicationContext.log ContextListener: contextInitialized()
02-Apr-2023 15:43:06.306 情報 [main] org.apache.catalina.core.ApplicationContext.log SessionListener: contextInitialized()
02-Apr-2023 15:43:06.307 情報 [main] org.apache.catalina.core.ApplicationContext.log ContextListener: attributeAdded('StockTicker', 'async.Stockticker@281f23f2')
02-Apr-2023 15:46:02.905 情報 [main] org.apache.catalina.core.ApplicationContext.log SessionListener: contextDestroyed()
02-Apr-2023 15:46:02.905 情報 [main] org.apache.catalina.core.ApplicationContext.log ContextListener: contextDestroyed()
02-Apr-2023 15:46:05.635 情報 [main] org.apache.catalina.core.ApplicationContext.log ContextListener: contextInitialized()
02-Apr-2023 15:46:05.635 情報 [main] org.apache.catalina.core.ApplicationContext.log SessionListener: contextInitialized()
02-Apr-2023 15:46:05.635 情報 [main] org.apache.catalina.core.ApplicationContext.log ContextListener: attributeAdded('StockTicker', 'async.Stockticker@985696')
02-Apr-2023 15:49:40.333 情報 [main] org.apache.catalina.core.ApplicationContext.log SessionListener: contextDestroyed()
02-Apr-2023 15:49:40.333 情報 [main] org.apache.catalina.core.ApplicationContext.log ContextListener: contextDestroyed()
02-Apr-2023 15:49:43.387 情報 [main] org.apache.catalina.core.ApplicationContext.log ContextListener: contextInitialized()
02-Apr-2023 15:49:43.387 情報 [main] org.apache.catalina.core.ApplicationContext.log SessionListener: contextInitialized()
02-Apr-2023 15:49:43.387 情報 [main] org.apache.catalina.core.ApplicationContext.log ContextListener: attributeAdded('StockTicker', 'async.Stockticker@7c455e96')
02-Apr-2023 16:05:58.597 重大 [http-nio-8080-exec-2] org.apache.catalina.core.ApplicationDispatcher.invoke サーブレット [jsp] のServlet.service()が例外を投げました
	org.apache.jasper.JasperException: JSPのクラスをコンパイルできません: 

JSPファイル: [/WEB-INF/views/list.jsp] の中の [28] 行目でエラーが発生しました
Type mismatch: cannot convert from Object to Integer
25:                             List<Integer> idList = (List<Integer>)request.getAttribute("idList");
26:                             HashMap<Integer,String> nameMap = (HashMap<Integer,String>)request.getAttribute("nameMap");
27:                             HashMap<Integer,String> mailMap = (HashMap<Integer,String>)request.getAttribute("mailMap");
28:                             Integer loginId = request.getAttribute("loginId");
29:                             for(Integer id:idList){  
30:                             %>
31:                             <tr>


Stacktrace:
		at org.apache.jasper.compiler.DefaultErrorHandler.javacError(DefaultErrorHandler.java:102)
		at org.apache.jasper.compiler.ErrorDispatcher.javacError(ErrorDispatcher.java:213)
		at org.apache.jasper.compiler.JDTCompiler.generateClass(JDTCompiler.java:513)
		at org.apache.jasper.compiler.Compiler.compile(Compiler.java:402)
		at org.apache.jasper.compiler.Compiler.compile(Compiler.java:372)
		at org.apache.jasper.compiler.Compiler.compile(Compiler.java:356)
		at org.apache.jasper.JspCompilationContext.compile(JspCompilationContext.java:603)
		at org.apache.jasper.servlet.JspServletWrapper.service(JspServletWrapper.java:396)
		at org.apache.jasper.servlet.JspServlet.serviceJspFile(JspServlet.java:380)
		at org.apache.jasper.servlet.JspServlet.service(JspServlet.java:328)
		at jakarta.servlet.http.HttpServlet.service(HttpServlet.java:631)
		at org.apache.catalina.core.ApplicationFilterChain.internalDoFilter(ApplicationFilterChain.java:205)
		at org.apache.catalina.core.ApplicationFilterChain.doFilter(ApplicationFilterChain.java:149)
		at org.apache.tomcat.websocket.server.WsFilter.doFilter(WsFilter.java:53)
		at org.apache.catalina.core.ApplicationFilterChain.internalDoFilter(ApplicationFilterChain.java:174)
		at org.apache.catalina.core.ApplicationFilterChain.doFilter(ApplicationFilterChain.java:149)
		at org.apache.catalina.core.ApplicationDispatcher.invoke(ApplicationDispatcher.java:642)
		at org.apache.catalina.core.ApplicationDispatcher.processRequest(ApplicationDispatcher.java:408)
		at org.apache.catalina.core.ApplicationDispatcher.doForward(ApplicationDispatcher.java:340)
		at org.apache.catalina.core.ApplicationDispatcher.forward(ApplicationDispatcher.java:277)
		at ListServlet.doGet(ListServlet.java:80)
		at jakarta.servlet.http.HttpServlet.service(HttpServlet.java:537)
		at jakarta.servlet.http.HttpServlet.service(HttpServlet.java:631)
		at org.apache.catalina.core.ApplicationFilterChain.internalDoFilter(ApplicationFilterChain.java:205)
		at org.apache.catalina.core.ApplicationFilterChain.doFilter(ApplicationFilterChain.java:149)
		at org.apache.tomcat.websocket.server.WsFilter.doFilter(WsFilter.java:53)
		at org.apache.catalina.core.ApplicationFilterChain.internalDoFilter(ApplicationFilterChain.java:174)
		at org.apache.catalina.core.ApplicationFilterChain.doFilter(ApplicationFilterChain.java:149)
		at org.apache.catalina.core.StandardWrapperValve.invoke(StandardWrapperValve.java:166)
		at org.apache.catalina.core.StandardContextValve.invoke(StandardContextValve.java:90)
		at org.apache.catalina.authenticator.AuthenticatorBase.invoke(AuthenticatorBase.java:493)
		at org.apache.catalina.core.StandardHostValve.invoke(StandardHostValve.java:115)
		at org.apache.catalina.valves.ErrorReportValve.invoke(ErrorReportValve.java:93)
		at org.apache.catalina.valves.AbstractAccessLogValve.invoke(AbstractAccessLogValve.java:676)
		at org.apache.catalina.core.StandardEngineValve.invoke(StandardEngineValve.java:74)
		at org.apache.catalina.connector.CoyoteAdapter.service(CoyoteAdapter.java:341)
		at org.apache.coyote.http11.Http11Processor.service(Http11Processor.java:390)
		at org.apache.coyote.AbstractProcessorLight.process(AbstractProcessorLight.java:63)
		at org.apache.coyote.AbstractProtocol$ConnectionHandler.process(AbstractProtocol.java:894)
		at org.apache.tomcat.util.net.NioEndpoint$SocketProcessor.doRun(NioEndpoint.java:1741)
		at org.apache.tomcat.util.net.SocketProcessorBase.run(SocketProcessorBase.java:52)
		at org.apache.tomcat.util.threads.ThreadPoolExecutor.runWorker(ThreadPoolExecutor.java:1191)
		at org.apache.tomcat.util.threads.ThreadPoolExecutor$Worker.run(ThreadPoolExecutor.java:659)
		at org.apache.tomcat.util.threads.TaskThread$WrappingRunnable.run(TaskThread.java:61)
		at java.base/java.lang.Thread.run(Thread.java:833)
02-Apr-2023 16:05:58.598 重大 [http-nio-8080-exec-2] org.apache.catalina.core.StandardWrapperValve.invoke パス [/attendanceManagement] を持つコンテキスト内のサーブレット [List] のServlet.service() が例外 [JSPのクラスをコンパイルできません: 

JSPファイル: [/WEB-INF/views/list.jsp] の中の [28] 行目でエラーが発生しました
Type mismatch: cannot convert from Object to Integer
25:                             List<Integer> idList = (List<Integer>)request.getAttribute("idList");
26:                             HashMap<Integer,String> nameMap = (HashMap<Integer,String>)request.getAttribute("nameMap");
27:                             HashMap<Integer,String> mailMap = (HashMap<Integer,String>)request.getAttribute("mailMap");
28:                             Integer loginId = request.getAttribute("loginId");
29:                             for(Integer id:idList){  
30:                             %>
31:                             <tr>


Stacktrace:] が根本的要因と共に投げられました
	org.apache.jasper.JasperException: JSPのクラスをコンパイルできません: 

JSPファイル: [/WEB-INF/views/list.jsp] の中の [28] 行目でエラーが発生しました
Type mismatch: cannot convert from Object to Integer
25:                             List<Integer> idList = (List<Integer>)request.getAttribute("idList");
26:                             HashMap<Integer,String> nameMap = (HashMap<Integer,String>)request.getAttribute("nameMap");
27:                             HashMap<Integer,String> mailMap = (HashMap<Integer,String>)request.getAttribute("mailMap");
28:                             Integer loginId = request.getAttribute("loginId");
29:                             for(Integer id:idList){  
30:                             %>
31:                             <tr>


Stacktrace:
		at org.apache.jasper.compiler.DefaultErrorHandler.javacError(DefaultErrorHandler.java:102)
		at org.apache.jasper.compiler.ErrorDispatcher.javacError(ErrorDispatcher.java:213)
		at org.apache.jasper.compiler.JDTCompiler.generateClass(JDTCompiler.java:513)
		at org.apache.jasper.compiler.Compiler.compile(Compiler.java:402)
		at org.apache.jasper.compiler.Compiler.compile(Compiler.java:372)
		at org.apache.jasper.compiler.Compiler.compile(Compiler.java:356)
		at org.apache.jasper.JspCompilationContext.compile(JspCompilationContext.java:603)
		at org.apache.jasper.servlet.JspServletWrapper.service(JspServletWrapper.java:396)
		at org.apache.jasper.servlet.JspServlet.serviceJspFile(JspServlet.java:380)
		at org.apache.jasper.servlet.JspServlet.service(JspServlet.java:328)
		at jakarta.servlet.http.HttpServlet.service(HttpServlet.java:631)
		at org.apache.catalina.core.ApplicationFilterChain.internalDoFilter(ApplicationFilterChain.java:205)
		at org.apache.catalina.core.ApplicationFilterChain.doFilter(ApplicationFilterChain.java:149)
		at org.apache.tomcat.websocket.server.WsFilter.doFilter(WsFilter.java:53)
		at org.apache.catalina.core.ApplicationFilterChain.internalDoFilter(ApplicationFilterChain.java:174)
		at org.apache.catalina.core.ApplicationFilterChain.doFilter(ApplicationFilterChain.java:149)
		at org.apache.catalina.core.ApplicationDispatcher.invoke(ApplicationDispatcher.java:642)
		at org.apache.catalina.core.ApplicationDispatcher.processRequest(ApplicationDispatcher.java:408)
		at org.apache.catalina.core.ApplicationDispatcher.doForward(ApplicationDispatcher.java:340)
		at org.apache.catalina.core.ApplicationDispatcher.forward(ApplicationDispatcher.java:277)
		at ListServlet.doGet(ListServlet.java:80)
		at jakarta.servlet.http.HttpServlet.service(HttpServlet.java:537)
		at jakarta.servlet.http.HttpServlet.service(HttpServlet.java:631)
		at org.apache.catalina.core.ApplicationFilterChain.internalDoFilter(ApplicationFilterChain.java:205)
		at org.apache.catalina.core.ApplicationFilterChain.doFilter(ApplicationFilterChain.java:149)
		at org.apache.tomcat.websocket.server.WsFilter.doFilter(WsFilter.java:53)
		at org.apache.catalina.core.ApplicationFilterChain.internalDoFilter(ApplicationFilterChain.java:174)
		at org.apache.catalina.core.ApplicationFilterChain.doFilter(ApplicationFilterChain.java:149)
		at org.apache.catalina.core.StandardWrapperValve.invoke(StandardWrapperValve.java:166)
		at org.apache.catalina.core.StandardContextValve.invoke(StandardContextValve.java:90)
		at org.apache.catalina.authenticator.AuthenticatorBase.invoke(AuthenticatorBase.java:493)
		at org.apache.catalina.core.StandardHostValve.invoke(StandardHostValve.java:115)
		at org.apache.catalina.valves.ErrorReportValve.invoke(ErrorReportValve.java:93)
		at org.apache.catalina.valves.AbstractAccessLogValve.invoke(AbstractAccessLogValve.java:676)
		at org.apache.catalina.core.StandardEngineValve.invoke(StandardEngineValve.java:74)
		at org.apache.catalina.connector.CoyoteAdapter.service(CoyoteAdapter.java:341)
		at org.apache.coyote.http11.Http11Processor.service(Http11Processor.java:390)
		at org.apache.coyote.AbstractProcessorLight.process(AbstractProcessorLight.java:63)
		at org.apache.coyote.AbstractProtocol$ConnectionHandler.process(AbstractProtocol.java:894)
		at org.apache.tomcat.util.net.NioEndpoint$SocketProcessor.doRun(NioEndpoint.java:1741)
		at org.apache.tomcat.util.net.SocketProcessorBase.run(SocketProcessorBase.java:52)
		at org.apache.tomcat.util.threads.ThreadPoolExecutor.runWorker(ThreadPoolExecutor.java:1191)
		at org.apache.tomcat.util.threads.ThreadPoolExecutor$Worker.run(ThreadPoolExecutor.java:659)
		at org.apache.tomcat.util.threads.TaskThread$WrappingRunnable.run(TaskThread.java:61)
		at java.base/java.lang.Thread.run(Thread.java:833)
02-Apr-2023 17:27:16.252 重大 [http-nio-8080-exec-3] org.apache.catalina.core.ApplicationDispatcher.invoke サーブレット [jsp] のServlet.service()が例外を投げました
	org.apache.jasper.JasperException: JSPのクラスをコンパイルできません: 

JSPファイル: [/WEB-INF/views/calendar.jsp] の中の [31] 行目でエラーが発生しました
Syntax error, insert ";" to complete Statement
28:                             for(Integer id:idList){  
29:                             %>
30:                             <tr>
31:                                 <th scope='row'><a href='/attendanceManagement/show?dating=<% daringMap.get(id) %>'><%=daringMap.get(id)%></a></th>
32:                                 <td>Mark</td>
33:                                 <td>Otto</td>
34:                                 <td>@mdo</td>


Stacktrace:
		at org.apache.jasper.compiler.DefaultErrorHandler.javacError(DefaultErrorHandler.java:102)
		at org.apache.jasper.compiler.ErrorDispatcher.javacError(ErrorDispatcher.java:213)
		at org.apache.jasper.compiler.JDTCompiler.generateClass(JDTCompiler.java:513)
		at org.apache.jasper.compiler.Compiler.compile(Compiler.java:402)
		at org.apache.jasper.compiler.Compiler.compile(Compiler.java:372)
		at org.apache.jasper.compiler.Compiler.compile(Compiler.java:356)
		at org.apache.jasper.JspCompilationContext.compile(JspCompilationContext.java:603)
		at org.apache.jasper.servlet.JspServletWrapper.service(JspServletWrapper.java:396)
		at org.apache.jasper.servlet.JspServlet.serviceJspFile(JspServlet.java:380)
		at org.apache.jasper.servlet.JspServlet.service(JspServlet.java:328)
		at jakarta.servlet.http.HttpServlet.service(HttpServlet.java:631)
		at org.apache.catalina.core.ApplicationFilterChain.internalDoFilter(ApplicationFilterChain.java:205)
		at org.apache.catalina.core.ApplicationFilterChain.doFilter(ApplicationFilterChain.java:149)
		at org.apache.tomcat.websocket.server.WsFilter.doFilter(WsFilter.java:53)
		at org.apache.catalina.core.ApplicationFilterChain.internalDoFilter(ApplicationFilterChain.java:174)
		at org.apache.catalina.core.ApplicationFilterChain.doFilter(ApplicationFilterChain.java:149)
		at org.apache.catalina.core.ApplicationDispatcher.invoke(ApplicationDispatcher.java:642)
		at org.apache.catalina.core.ApplicationDispatcher.processRequest(ApplicationDispatcher.java:408)
		at org.apache.catalina.core.ApplicationDispatcher.doForward(ApplicationDispatcher.java:340)
		at org.apache.catalina.core.ApplicationDispatcher.forward(ApplicationDispatcher.java:277)
		at CalendarServlet.doGet(CalendarServlet.java:79)
		at jakarta.servlet.http.HttpServlet.service(HttpServlet.java:537)
		at jakarta.servlet.http.HttpServlet.service(HttpServlet.java:631)
		at org.apache.catalina.core.ApplicationFilterChain.internalDoFilter(ApplicationFilterChain.java:205)
		at org.apache.catalina.core.ApplicationFilterChain.doFilter(ApplicationFilterChain.java:149)
		at org.apache.tomcat.websocket.server.WsFilter.doFilter(WsFilter.java:53)
		at org.apache.catalina.core.ApplicationFilterChain.internalDoFilter(ApplicationFilterChain.java:174)
		at org.apache.catalina.core.ApplicationFilterChain.doFilter(ApplicationFilterChain.java:149)
		at org.apache.catalina.core.StandardWrapperValve.invoke(StandardWrapperValve.java:166)
		at org.apache.catalina.core.StandardContextValve.invoke(StandardContextValve.java:90)
		at org.apache.catalina.authenticator.AuthenticatorBase.invoke(AuthenticatorBase.java:493)
		at org.apache.catalina.core.StandardHostValve.invoke(StandardHostValve.java:115)
		at org.apache.catalina.valves.ErrorReportValve.invoke(ErrorReportValve.java:93)
		at org.apache.catalina.valves.AbstractAccessLogValve.invoke(AbstractAccessLogValve.java:676)
		at org.apache.catalina.core.StandardEngineValve.invoke(StandardEngineValve.java:74)
		at org.apache.catalina.connector.CoyoteAdapter.service(CoyoteAdapter.java:341)
		at org.apache.coyote.http11.Http11Processor.service(Http11Processor.java:390)
		at org.apache.coyote.AbstractProcessorLight.process(AbstractProcessorLight.java:63)
		at org.apache.coyote.AbstractProtocol$ConnectionHandler.process(AbstractProtocol.java:894)
		at org.apache.tomcat.util.net.NioEndpoint$SocketProcessor.doRun(NioEndpoint.java:1741)
		at org.apache.tomcat.util.net.SocketProcessorBase.run(SocketProcessorBase.java:52)
		at org.apache.tomcat.util.threads.ThreadPoolExecutor.runWorker(ThreadPoolExecutor.java:1191)
		at org.apache.tomcat.util.threads.ThreadPoolExecutor$Worker.run(ThreadPoolExecutor.java:659)
		at org.apache.tomcat.util.threads.TaskThread$WrappingRunnable.run(TaskThread.java:61)
		at java.base/java.lang.Thread.run(Thread.java:833)
02-Apr-2023 17:27:16.253 重大 [http-nio-8080-exec-3] org.apache.catalina.core.StandardWrapperValve.invoke パス [/attendanceManagement] を持つコンテキスト内のサーブレット [Calendar] のServlet.service() が例外 [JSPのクラスをコンパイルできません: 

JSPファイル: [/WEB-INF/views/calendar.jsp] の中の [31] 行目でエラーが発生しました
Syntax error, insert ";" to complete Statement
28:                             for(Integer id:idList){  
29:                             %>
30:                             <tr>
31:                                 <th scope='row'><a href='/attendanceManagement/show?dating=<% daringMap.get(id) %>'><%=daringMap.get(id)%></a></th>
32:                                 <td>Mark</td>
33:                                 <td>Otto</td>
34:                                 <td>@mdo</td>


Stacktrace:] が根本的要因と共に投げられました
	org.apache.jasper.JasperException: JSPのクラスをコンパイルできません: 

JSPファイル: [/WEB-INF/views/calendar.jsp] の中の [31] 行目でエラーが発生しました
Syntax error, insert ";" to complete Statement
28:                             for(Integer id:idList){  
29:                             %>
30:                             <tr>
31:                                 <th scope='row'><a href='/attendanceManagement/show?dating=<% daringMap.get(id) %>'><%=daringMap.get(id)%></a></th>
32:                                 <td>Mark</td>
33:                                 <td>Otto</td>
34:                                 <td>@mdo</td>


Stacktrace:
		at org.apache.jasper.compiler.DefaultErrorHandler.javacError(DefaultErrorHandler.java:102)
		at org.apache.jasper.compiler.ErrorDispatcher.javacError(ErrorDispatcher.java:213)
		at org.apache.jasper.compiler.JDTCompiler.generateClass(JDTCompiler.java:513)
		at org.apache.jasper.compiler.Compiler.compile(Compiler.java:402)
		at org.apache.jasper.compiler.Compiler.compile(Compiler.java:372)
		at org.apache.jasper.compiler.Compiler.compile(Compiler.java:356)
		at org.apache.jasper.JspCompilationContext.compile(JspCompilationContext.java:603)
		at org.apache.jasper.servlet.JspServletWrapper.service(JspServletWrapper.java:396)
		at org.apache.jasper.servlet.JspServlet.serviceJspFile(JspServlet.java:380)
		at org.apache.jasper.servlet.JspServlet.service(JspServlet.java:328)
		at jakarta.servlet.http.HttpServlet.service(HttpServlet.java:631)
		at org.apache.catalina.core.ApplicationFilterChain.internalDoFilter(ApplicationFilterChain.java:205)
		at org.apache.catalina.core.ApplicationFilterChain.doFilter(ApplicationFilterChain.java:149)
		at org.apache.tomcat.websocket.server.WsFilter.doFilter(WsFilter.java:53)
		at org.apache.catalina.core.ApplicationFilterChain.internalDoFilter(ApplicationFilterChain.java:174)
		at org.apache.catalina.core.ApplicationFilterChain.doFilter(ApplicationFilterChain.java:149)
		at org.apache.catalina.core.ApplicationDispatcher.invoke(ApplicationDispatcher.java:642)
		at org.apache.catalina.core.ApplicationDispatcher.processRequest(ApplicationDispatcher.java:408)
		at org.apache.catalina.core.ApplicationDispatcher.doForward(ApplicationDispatcher.java:340)
		at org.apache.catalina.core.ApplicationDispatcher.forward(ApplicationDispatcher.java:277)
		at CalendarServlet.doGet(CalendarServlet.java:79)
		at jakarta.servlet.http.HttpServlet.service(HttpServlet.java:537)
		at jakarta.servlet.http.HttpServlet.service(HttpServlet.java:631)
		at org.apache.catalina.core.ApplicationFilterChain.internalDoFilter(ApplicationFilterChain.java:205)
		at org.apache.catalina.core.ApplicationFilterChain.doFilter(ApplicationFilterChain.java:149)
		at org.apache.tomcat.websocket.server.WsFilter.doFilter(WsFilter.java:53)
		at org.apache.catalina.core.ApplicationFilterChain.internalDoFilter(ApplicationFilterChain.java:174)
		at org.apache.catalina.core.ApplicationFilterChain.doFilter(ApplicationFilterChain.java:149)
		at org.apache.catalina.core.StandardWrapperValve.invoke(StandardWrapperValve.java:166)
		at org.apache.catalina.core.StandardContextValve.invoke(StandardContextValve.java:90)
		at org.apache.catalina.authenticator.AuthenticatorBase.invoke(AuthenticatorBase.java:493)
		at org.apache.catalina.core.StandardHostValve.invoke(StandardHostValve.java:115)
		at org.apache.catalina.valves.ErrorReportValve.invoke(ErrorReportValve.java:93)
		at org.apache.catalina.valves.AbstractAccessLogValve.invoke(AbstractAccessLogValve.java:676)
		at org.apache.catalina.core.StandardEngineValve.invoke(StandardEngineValve.java:74)
		at org.apache.catalina.connector.CoyoteAdapter.service(CoyoteAdapter.java:341)
		at org.apache.coyote.http11.Http11Processor.service(Http11Processor.java:390)
		at org.apache.coyote.AbstractProcessorLight.process(AbstractProcessorLight.java:63)
		at org.apache.coyote.AbstractProtocol$ConnectionHandler.process(AbstractProtocol.java:894)
		at org.apache.tomcat.util.net.NioEndpoint$SocketProcessor.doRun(NioEndpoint.java:1741)
		at org.apache.tomcat.util.net.SocketProcessorBase.run(SocketProcessorBase.java:52)
		at org.apache.tomcat.util.threads.ThreadPoolExecutor.runWorker(ThreadPoolExecutor.java:1191)
		at org.apache.tomcat.util.threads.ThreadPoolExecutor$Worker.run(ThreadPoolExecutor.java:659)
		at org.apache.tomcat.util.threads.TaskThread$WrappingRunnable.run(TaskThread.java:61)
		at java.base/java.lang.Thread.run(Thread.java:833)
02-Apr-2023 17:42:19.510 情報 [main] org.apache.catalina.core.ApplicationContext.log SessionListener: contextDestroyed()
02-Apr-2023 17:42:19.510 情報 [main] org.apache.catalina.core.ApplicationContext.log ContextListener: contextDestroyed()
02-Apr-2023 17:42:25.316 情報 [main] org.apache.catalina.core.ApplicationContext.log ContextListener: contextInitialized()
02-Apr-2023 17:42:25.316 情報 [main] org.apache.catalina.core.ApplicationContext.log SessionListener: contextInitialized()
02-Apr-2023 17:42:25.317 情報 [main] org.apache.catalina.core.ApplicationContext.log ContextListener: attributeAdded('StockTicker', 'async.Stockticker@7c455e96')
02-Apr-2023 18:00:54.078 情報 [main] org.apache.catalina.core.ApplicationContext.log SessionListener: contextDestroyed()
02-Apr-2023 18:00:54.078 情報 [main] org.apache.catalina.core.ApplicationContext.log ContextListener: contextDestroyed()
02-Apr-2023 18:00:58.148 情報 [main] org.apache.catalina.core.ApplicationContext.log ContextListener: contextInitialized()
02-Apr-2023 18:00:58.148 情報 [main] org.apache.catalina.core.ApplicationContext.log SessionListener: contextInitialized()
02-Apr-2023 18:00:58.149 情報 [main] org.apache.catalina.core.ApplicationContext.log ContextListener: attributeAdded('StockTicker', 'async.Stockticker@215a34b4')
02-Apr-2023 18:54:01.144 情報 [main] org.apache.catalina.core.ApplicationContext.log SessionListener: contextDestroyed()
02-Apr-2023 18:54:01.144 情報 [main] org.apache.catalina.core.ApplicationContext.log ContextListener: contextDestroyed()
02-Apr-2023 18:54:04.962 情報 [main] org.apache.catalina.core.ApplicationContext.log ContextListener: contextInitialized()
02-Apr-2023 18:54:04.962 情報 [main] org.apache.catalina.core.ApplicationContext.log SessionListener: contextInitialized()
02-Apr-2023 18:54:04.962 情報 [main] org.apache.catalina.core.ApplicationContext.log ContextListener: attributeAdded('StockTicker', 'async.Stockticker@985696')
02-Apr-2023 22:15:17.135 重大 [http-nio-8080-exec-11] org.apache.catalina.core.ApplicationDispatcher.invoke サーブレット [jsp] のServlet.service()が例外を投げました
	org.apache.jasper.JasperException: JSPのクラスをコンパイルできません: 

JSPファイル: [/WEB-INF/views/calendar.jsp] の中の [31] 行目でエラーが発生しました
id cannot be resolved to a type
28:                             for(Integer id:idList){  
29:                             %>
30:                             <tr>
31:                                 <th scope='row'><a href="/attendanceManagement/show?calendar_id=<% id %>&dating=<%= daringMap.get(id) %>"><%=daringMap.get(id)%></a></th>
32:                                 <td>Mark</td>
33:                                 <td>Otto</td>
34:                                 <td>@mdo</td>


JSPファイル: [/WEB-INF/views/calendar.jsp] の中の [31] 行目でエラーが発生しました
Duplicate local variable out
28:                             for(Integer id:idList){  
29:                             %>
30:                             <tr>
31:                                 <th scope='row'><a href="/attendanceManagement/show?calendar_id=<% id %>&dating=<%= daringMap.get(id) %>"><%=daringMap.get(id)%></a></th>
32:                                 <td>Mark</td>
33:                                 <td>Otto</td>
34:                                 <td>@mdo</td>


JSPファイル: [/WEB-INF/views/calendar.jsp] の中の [31] 行目でエラーが発生しました
Syntax error on token ".", ; expected
28:                             for(Integer id:idList){  
29:                             %>
30:                             <tr>
31:                                 <th scope='row'><a href="/attendanceManagement/show?calendar_id=<% id %>&dating=<%= daringMap.get(id) %>"><%=daringMap.get(id)%></a></th>
32:                                 <td>Mark</td>
33:                                 <td>Otto</td>
34:                                 <td>@mdo</td>


JSPファイル: [/WEB-INF/views/calendar.jsp] の中の [31] 行目でエラーが発生しました
The method write(String) is undefined for the type calendar_jsp
28:                             for(Integer id:idList){  
29:                             %>
30:                             <tr>
31:                                 <th scope='row'><a href="/attendanceManagement/show?calendar_id=<% id %>&dating=<%= daringMap.get(id) %>"><%=daringMap.get(id)%></a></th>
32:                                 <td>Mark</td>
33:                                 <td>Otto</td>
34:                                 <td>@mdo</td>


Stacktrace:
		at org.apache.jasper.compiler.DefaultErrorHandler.javacError(DefaultErrorHandler.java:102)
		at org.apache.jasper.compiler.ErrorDispatcher.javacError(ErrorDispatcher.java:213)
		at org.apache.jasper.compiler.JDTCompiler.generateClass(JDTCompiler.java:513)
		at org.apache.jasper.compiler.Compiler.compile(Compiler.java:402)
		at org.apache.jasper.compiler.Compiler.compile(Compiler.java:372)
		at org.apache.jasper.compiler.Compiler.compile(Compiler.java:356)
		at org.apache.jasper.JspCompilationContext.compile(JspCompilationContext.java:603)
		at org.apache.jasper.servlet.JspServletWrapper.service(JspServletWrapper.java:396)
		at org.apache.jasper.servlet.JspServlet.serviceJspFile(JspServlet.java:380)
		at org.apache.jasper.servlet.JspServlet.service(JspServlet.java:328)
		at jakarta.servlet.http.HttpServlet.service(HttpServlet.java:631)
		at org.apache.catalina.core.ApplicationFilterChain.internalDoFilter(ApplicationFilterChain.java:205)
		at org.apache.catalina.core.ApplicationFilterChain.doFilter(ApplicationFilterChain.java:149)
		at org.apache.tomcat.websocket.server.WsFilter.doFilter(WsFilter.java:53)
		at org.apache.catalina.core.ApplicationFilterChain.internalDoFilter(ApplicationFilterChain.java:174)
		at org.apache.catalina.core.ApplicationFilterChain.doFilter(ApplicationFilterChain.java:149)
		at org.apache.catalina.core.ApplicationDispatcher.invoke(ApplicationDispatcher.java:642)
		at org.apache.catalina.core.ApplicationDispatcher.processRequest(ApplicationDispatcher.java:408)
		at org.apache.catalina.core.ApplicationDispatcher.doForward(ApplicationDispatcher.java:340)
		at org.apache.catalina.core.ApplicationDispatcher.forward(ApplicationDispatcher.java:277)
		at CalendarServlet.doGet(CalendarServlet.java:79)
		at jakarta.servlet.http.HttpServlet.service(HttpServlet.java:537)
		at jakarta.servlet.http.HttpServlet.service(HttpServlet.java:631)
		at org.apache.catalina.core.ApplicationFilterChain.internalDoFilter(ApplicationFilterChain.java:205)
		at org.apache.catalina.core.ApplicationFilterChain.doFilter(ApplicationFilterChain.java:149)
		at org.apache.tomcat.websocket.server.WsFilter.doFilter(WsFilter.java:53)
		at org.apache.catalina.core.ApplicationFilterChain.internalDoFilter(ApplicationFilterChain.java:174)
		at org.apache.catalina.core.ApplicationFilterChain.doFilter(ApplicationFilterChain.java:149)
		at org.apache.catalina.core.StandardWrapperValve.invoke(StandardWrapperValve.java:166)
		at org.apache.catalina.core.StandardContextValve.invoke(StandardContextValve.java:90)
		at org.apache.catalina.authenticator.AuthenticatorBase.invoke(AuthenticatorBase.java:493)
		at org.apache.catalina.core.StandardHostValve.invoke(StandardHostValve.java:115)
		at org.apache.catalina.valves.ErrorReportValve.invoke(ErrorReportValve.java:93)
		at org.apache.catalina.valves.AbstractAccessLogValve.invoke(AbstractAccessLogValve.java:676)
		at org.apache.catalina.core.StandardEngineValve.invoke(StandardEngineValve.java:74)
		at org.apache.catalina.connector.CoyoteAdapter.service(CoyoteAdapter.java:341)
		at org.apache.coyote.http11.Http11Processor.service(Http11Processor.java:390)
		at org.apache.coyote.AbstractProcessorLight.process(AbstractProcessorLight.java:63)
		at org.apache.coyote.AbstractProtocol$ConnectionHandler.process(AbstractProtocol.java:894)
		at org.apache.tomcat.util.net.NioEndpoint$SocketProcessor.doRun(NioEndpoint.java:1741)
		at org.apache.tomcat.util.net.SocketProcessorBase.run(SocketProcessorBase.java:52)
		at org.apache.tomcat.util.threads.ThreadPoolExecutor.runWorker(ThreadPoolExecutor.java:1191)
		at org.apache.tomcat.util.threads.ThreadPoolExecutor$Worker.run(ThreadPoolExecutor.java:659)
		at org.apache.tomcat.util.threads.TaskThread$WrappingRunnable.run(TaskThread.java:61)
		at java.base/java.lang.Thread.run(Thread.java:833)
02-Apr-2023 22:15:17.136 重大 [http-nio-8080-exec-11] org.apache.catalina.core.StandardWrapperValve.invoke パス [/attendanceManagement] を持つコンテキスト内のサーブレット [Calendar] のServlet.service() が例外 [JSPのクラスをコンパイルできません: 

JSPファイル: [/WEB-INF/views/calendar.jsp] の中の [31] 行目でエラーが発生しました
id cannot be resolved to a type
28:                             for(Integer id:idList){  
29:                             %>
30:                             <tr>
31:                                 <th scope='row'><a href="/attendanceManagement/show?calendar_id=<% id %>&dating=<%= daringMap.get(id) %>"><%=daringMap.get(id)%></a></th>
32:                                 <td>Mark</td>
33:                                 <td>Otto</td>
34:                                 <td>@mdo</td>


JSPファイル: [/WEB-INF/views/calendar.jsp] の中の [31] 行目でエラーが発生しました
Duplicate local variable out
28:                             for(Integer id:idList){  
29:                             %>
30:                             <tr>
31:                                 <th scope='row'><a href="/attendanceManagement/show?calendar_id=<% id %>&dating=<%= daringMap.get(id) %>"><%=daringMap.get(id)%></a></th>
32:                                 <td>Mark</td>
33:                                 <td>Otto</td>
34:                                 <td>@mdo</td>


JSPファイル: [/WEB-INF/views/calendar.jsp] の中の [31] 行目でエラーが発生しました
Syntax error on token ".", ; expected
28:                             for(Integer id:idList){  
29:                             %>
30:                             <tr>
31:                                 <th scope='row'><a href="/attendanceManagement/show?calendar_id=<% id %>&dating=<%= daringMap.get(id) %>"><%=daringMap.get(id)%></a></th>
32:                                 <td>Mark</td>
33:                                 <td>Otto</td>
34:                                 <td>@mdo</td>


JSPファイル: [/WEB-INF/views/calendar.jsp] の中の [31] 行目でエラーが発生しました
The method write(String) is undefined for the type calendar_jsp
28:                             for(Integer id:idList){  
29:                             %>
30:                             <tr>
31:                                 <th scope='row'><a href="/attendanceManagement/show?calendar_id=<% id %>&dating=<%= daringMap.get(id) %>"><%=daringMap.get(id)%></a></th>
32:                                 <td>Mark</td>
33:                                 <td>Otto</td>
34:                                 <td>@mdo</td>


Stacktrace:] が根本的要因と共に投げられました
	org.apache.jasper.JasperException: JSPのクラスをコンパイルできません: 

JSPファイル: [/WEB-INF/views/calendar.jsp] の中の [31] 行目でエラーが発生しました
id cannot be resolved to a type
28:                             for(Integer id:idList){  
29:                             %>
30:                             <tr>
31:                                 <th scope='row'><a href="/attendanceManagement/show?calendar_id=<% id %>&dating=<%= daringMap.get(id) %>"><%=daringMap.get(id)%></a></th>
32:                                 <td>Mark</td>
33:                                 <td>Otto</td>
34:                                 <td>@mdo</td>


JSPファイル: [/WEB-INF/views/calendar.jsp] の中の [31] 行目でエラーが発生しました
Duplicate local variable out
28:                             for(Integer id:idList){  
29:                             %>
30:                             <tr>
31:                                 <th scope='row'><a href="/attendanceManagement/show?calendar_id=<% id %>&dating=<%= daringMap.get(id) %>"><%=daringMap.get(id)%></a></th>
32:                                 <td>Mark</td>
33:                                 <td>Otto</td>
34:                                 <td>@mdo</td>


JSPファイル: [/WEB-INF/views/calendar.jsp] の中の [31] 行目でエラーが発生しました
Syntax error on token ".", ; expected
28:                             for(Integer id:idList){  
29:                             %>
30:                             <tr>
31:                                 <th scope='row'><a href="/attendanceManagement/show?calendar_id=<% id %>&dating=<%= daringMap.get(id) %>"><%=daringMap.get(id)%></a></th>
32:                                 <td>Mark</td>
33:                                 <td>Otto</td>
34:                                 <td>@mdo</td>


JSPファイル: [/WEB-INF/views/calendar.jsp] の中の [31] 行目でエラーが発生しました
The method write(String) is undefined for the type calendar_jsp
28:                             for(Integer id:idList){  
29:                             %>
30:                             <tr>
31:                                 <th scope='row'><a href="/attendanceManagement/show?calendar_id=<% id %>&dating=<%= daringMap.get(id) %>"><%=daringMap.get(id)%></a></th>
32:                                 <td>Mark</td>
33:                                 <td>Otto</td>
34:                                 <td>@mdo</td>


Stacktrace:
		at org.apache.jasper.compiler.DefaultErrorHandler.javacError(DefaultErrorHandler.java:102)
		at org.apache.jasper.compiler.ErrorDispatcher.javacError(ErrorDispatcher.java:213)
		at org.apache.jasper.compiler.JDTCompiler.generateClass(JDTCompiler.java:513)
		at org.apache.jasper.compiler.Compiler.compile(Compiler.java:402)
		at org.apache.jasper.compiler.Compiler.compile(Compiler.java:372)
		at org.apache.jasper.compiler.Compiler.compile(Compiler.java:356)
		at org.apache.jasper.JspCompilationContext.compile(JspCompilationContext.java:603)
		at org.apache.jasper.servlet.JspServletWrapper.service(JspServletWrapper.java:396)
		at org.apache.jasper.servlet.JspServlet.serviceJspFile(JspServlet.java:380)
		at org.apache.jasper.servlet.JspServlet.service(JspServlet.java:328)
		at jakarta.servlet.http.HttpServlet.service(HttpServlet.java:631)
		at org.apache.catalina.core.ApplicationFilterChain.internalDoFilter(ApplicationFilterChain.java:205)
		at org.apache.catalina.core.ApplicationFilterChain.doFilter(ApplicationFilterChain.java:149)
		at org.apache.tomcat.websocket.server.WsFilter.doFilter(WsFilter.java:53)
		at org.apache.catalina.core.ApplicationFilterChain.internalDoFilter(ApplicationFilterChain.java:174)
		at org.apache.catalina.core.ApplicationFilterChain.doFilter(ApplicationFilterChain.java:149)
		at org.apache.catalina.core.ApplicationDispatcher.invoke(ApplicationDispatcher.java:642)
		at org.apache.catalina.core.ApplicationDispatcher.processRequest(ApplicationDispatcher.java:408)
		at org.apache.catalina.core.ApplicationDispatcher.doForward(ApplicationDispatcher.java:340)
		at org.apache.catalina.core.ApplicationDispatcher.forward(ApplicationDispatcher.java:277)
		at CalendarServlet.doGet(CalendarServlet.java:79)
		at jakarta.servlet.http.HttpServlet.service(HttpServlet.java:537)
		at jakarta.servlet.http.HttpServlet.service(HttpServlet.java:631)
		at org.apache.catalina.core.ApplicationFilterChain.internalDoFilter(ApplicationFilterChain.java:205)
		at org.apache.catalina.core.ApplicationFilterChain.doFilter(ApplicationFilterChain.java:149)
		at org.apache.tomcat.websocket.server.WsFilter.doFilter(WsFilter.java:53)
		at org.apache.catalina.core.ApplicationFilterChain.internalDoFilter(ApplicationFilterChain.java:174)
		at org.apache.catalina.core.ApplicationFilterChain.doFilter(ApplicationFilterChain.java:149)
		at org.apache.catalina.core.StandardWrapperValve.invoke(StandardWrapperValve.java:166)
		at org.apache.catalina.core.StandardContextValve.invoke(StandardContextValve.java:90)
		at org.apache.catalina.authenticator.AuthenticatorBase.invoke(AuthenticatorBase.java:493)
		at org.apache.catalina.core.StandardHostValve.invoke(StandardHostValve.java:115)
		at org.apache.catalina.valves.ErrorReportValve.invoke(ErrorReportValve.java:93)
		at org.apache.catalina.valves.AbstractAccessLogValve.invoke(AbstractAccessLogValve.java:676)
		at org.apache.catalina.core.StandardEngineValve.invoke(StandardEngineValve.java:74)
		at org.apache.catalina.connector.CoyoteAdapter.service(CoyoteAdapter.java:341)
		at org.apache.coyote.http11.Http11Processor.service(Http11Processor.java:390)
		at org.apache.coyote.AbstractProcessorLight.process(AbstractProcessorLight.java:63)
		at org.apache.coyote.AbstractProtocol$ConnectionHandler.process(AbstractProtocol.java:894)
		at org.apache.tomcat.util.net.NioEndpoint$SocketProcessor.doRun(NioEndpoint.java:1741)
		at org.apache.tomcat.util.net.SocketProcessorBase.run(SocketProcessorBase.java:52)
		at org.apache.tomcat.util.threads.ThreadPoolExecutor.runWorker(ThreadPoolExecutor.java:1191)
		at org.apache.tomcat.util.threads.ThreadPoolExecutor$Worker.run(ThreadPoolExecutor.java:659)
		at org.apache.tomcat.util.threads.TaskThread$WrappingRunnable.run(TaskThread.java:61)
		at java.base/java.lang.Thread.run(Thread.java:833)
02-Apr-2023 22:15:44.276 情報 [main] org.apache.catalina.core.ApplicationContext.log SessionListener: contextDestroyed()
02-Apr-2023 22:15:44.276 情報 [main] org.apache.catalina.core.ApplicationContext.log ContextListener: contextDestroyed()
02-Apr-2023 22:15:47.957 情報 [main] org.apache.catalina.core.ApplicationContext.log ContextListener: contextInitialized()
02-Apr-2023 22:15:47.957 情報 [main] org.apache.catalina.core.ApplicationContext.log SessionListener: contextInitialized()
02-Apr-2023 22:15:47.958 情報 [main] org.apache.catalina.core.ApplicationContext.log ContextListener: attributeAdded('StockTicker', 'async.Stockticker@73ba6fe6')
02-Apr-2023 22:15:58.243 重大 [http-nio-8080-exec-4] org.apache.catalina.core.ApplicationDispatcher.invoke サーブレット [jsp] のServlet.service()が例外を投げました
	org.apache.jasper.JasperException: JSPのクラスをコンパイルできません: 

JSPファイル: [/WEB-INF/views/calendar.jsp] の中の [31] 行目でエラーが発生しました
id cannot be resolved to a type
28:                             for(Integer id:idList){  
29:                             %>
30:                             <tr>
31:                                 <th scope='row'><a href="/attendanceManagement/show?calendar_id=<% id %>&dating=<%= daringMap.get(id) %>"><%=daringMap.get(id)%></a></th>
32:                                 <td>Mark</td>
33:                                 <td>Otto</td>
34:                                 <td>@mdo</td>


JSPファイル: [/WEB-INF/views/calendar.jsp] の中の [31] 行目でエラーが発生しました
Duplicate local variable out
28:                             for(Integer id:idList){  
29:                             %>
30:                             <tr>
31:                                 <th scope='row'><a href="/attendanceManagement/show?calendar_id=<% id %>&dating=<%= daringMap.get(id) %>"><%=daringMap.get(id)%></a></th>
32:                                 <td>Mark</td>
33:                                 <td>Otto</td>
34:                                 <td>@mdo</td>


JSPファイル: [/WEB-INF/views/calendar.jsp] の中の [31] 行目でエラーが発生しました
Syntax error on token ".", ; expected
28:                             for(Integer id:idList){  
29:                             %>
30:                             <tr>
31:                                 <th scope='row'><a href="/attendanceManagement/show?calendar_id=<% id %>&dating=<%= daringMap.get(id) %>"><%=daringMap.get(id)%></a></th>
32:                                 <td>Mark</td>
33:                                 <td>Otto</td>
34:                                 <td>@mdo</td>


JSPファイル: [/WEB-INF/views/calendar.jsp] の中の [31] 行目でエラーが発生しました
The method write(String) is undefined for the type calendar_jsp
28:                             for(Integer id:idList){  
29:                             %>
30:                             <tr>
31:                                 <th scope='row'><a href="/attendanceManagement/show?calendar_id=<% id %>&dating=<%= daringMap.get(id) %>"><%=daringMap.get(id)%></a></th>
32:                                 <td>Mark</td>
33:                                 <td>Otto</td>
34:                                 <td>@mdo</td>


Stacktrace:
		at org.apache.jasper.compiler.DefaultErrorHandler.javacError(DefaultErrorHandler.java:102)
		at org.apache.jasper.compiler.ErrorDispatcher.javacError(ErrorDispatcher.java:213)
		at org.apache.jasper.compiler.JDTCompiler.generateClass(JDTCompiler.java:513)
		at org.apache.jasper.compiler.Compiler.compile(Compiler.java:402)
		at org.apache.jasper.compiler.Compiler.compile(Compiler.java:372)
		at org.apache.jasper.compiler.Compiler.compile(Compiler.java:356)
		at org.apache.jasper.JspCompilationContext.compile(JspCompilationContext.java:603)
		at org.apache.jasper.servlet.JspServletWrapper.service(JspServletWrapper.java:396)
		at org.apache.jasper.servlet.JspServlet.serviceJspFile(JspServlet.java:380)
		at org.apache.jasper.servlet.JspServlet.service(JspServlet.java:328)
		at jakarta.servlet.http.HttpServlet.service(HttpServlet.java:631)
		at org.apache.catalina.core.ApplicationFilterChain.internalDoFilter(ApplicationFilterChain.java:205)
		at org.apache.catalina.core.ApplicationFilterChain.doFilter(ApplicationFilterChain.java:149)
		at org.apache.tomcat.websocket.server.WsFilter.doFilter(WsFilter.java:53)
		at org.apache.catalina.core.ApplicationFilterChain.internalDoFilter(ApplicationFilterChain.java:174)
		at org.apache.catalina.core.ApplicationFilterChain.doFilter(ApplicationFilterChain.java:149)
		at org.apache.catalina.core.ApplicationDispatcher.invoke(ApplicationDispatcher.java:642)
		at org.apache.catalina.core.ApplicationDispatcher.processRequest(ApplicationDispatcher.java:408)
		at org.apache.catalina.core.ApplicationDispatcher.doForward(ApplicationDispatcher.java:340)
		at org.apache.catalina.core.ApplicationDispatcher.forward(ApplicationDispatcher.java:277)
		at CalendarServlet.doGet(CalendarServlet.java:79)
		at jakarta.servlet.http.HttpServlet.service(HttpServlet.java:537)
		at jakarta.servlet.http.HttpServlet.service(HttpServlet.java:631)
		at org.apache.catalina.core.ApplicationFilterChain.internalDoFilter(ApplicationFilterChain.java:205)
		at org.apache.catalina.core.ApplicationFilterChain.doFilter(ApplicationFilterChain.java:149)
		at org.apache.tomcat.websocket.server.WsFilter.doFilter(WsFilter.java:53)
		at org.apache.catalina.core.ApplicationFilterChain.internalDoFilter(ApplicationFilterChain.java:174)
		at org.apache.catalina.core.ApplicationFilterChain.doFilter(ApplicationFilterChain.java:149)
		at org.apache.catalina.core.StandardWrapperValve.invoke(StandardWrapperValve.java:166)
		at org.apache.catalina.core.StandardContextValve.invoke(StandardContextValve.java:90)
		at org.apache.catalina.authenticator.AuthenticatorBase.invoke(AuthenticatorBase.java:493)
		at org.apache.catalina.core.StandardHostValve.invoke(StandardHostValve.java:115)
		at org.apache.catalina.valves.ErrorReportValve.invoke(ErrorReportValve.java:93)
		at org.apache.catalina.valves.AbstractAccessLogValve.invoke(AbstractAccessLogValve.java:676)
		at org.apache.catalina.core.StandardEngineValve.invoke(StandardEngineValve.java:74)
		at org.apache.catalina.connector.CoyoteAdapter.service(CoyoteAdapter.java:341)
		at org.apache.coyote.http11.Http11Processor.service(Http11Processor.java:390)
		at org.apache.coyote.AbstractProcessorLight.process(AbstractProcessorLight.java:63)
		at org.apache.coyote.AbstractProtocol$ConnectionHandler.process(AbstractProtocol.java:894)
		at org.apache.tomcat.util.net.NioEndpoint$SocketProcessor.doRun(NioEndpoint.java:1741)
		at org.apache.tomcat.util.net.SocketProcessorBase.run(SocketProcessorBase.java:52)
		at org.apache.tomcat.util.threads.ThreadPoolExecutor.runWorker(ThreadPoolExecutor.java:1191)
		at org.apache.tomcat.util.threads.ThreadPoolExecutor$Worker.run(ThreadPoolExecutor.java:659)
		at org.apache.tomcat.util.threads.TaskThread$WrappingRunnable.run(TaskThread.java:61)
		at java.base/java.lang.Thread.run(Thread.java:833)
02-Apr-2023 22:15:58.243 重大 [http-nio-8080-exec-4] org.apache.catalina.core.StandardWrapperValve.invoke パス [/attendanceManagement] を持つコンテキスト内のサーブレット [Calendar] のServlet.service() が例外 [JSPのクラスをコンパイルできません: 

JSPファイル: [/WEB-INF/views/calendar.jsp] の中の [31] 行目でエラーが発生しました
id cannot be resolved to a type
28:                             for(Integer id:idList){  
29:                             %>
30:                             <tr>
31:                                 <th scope='row'><a href="/attendanceManagement/show?calendar_id=<% id %>&dating=<%= daringMap.get(id) %>"><%=daringMap.get(id)%></a></th>
32:                                 <td>Mark</td>
33:                                 <td>Otto</td>
34:                                 <td>@mdo</td>


JSPファイル: [/WEB-INF/views/calendar.jsp] の中の [31] 行目でエラーが発生しました
Duplicate local variable out
28:                             for(Integer id:idList){  
29:                             %>
30:                             <tr>
31:                                 <th scope='row'><a href="/attendanceManagement/show?calendar_id=<% id %>&dating=<%= daringMap.get(id) %>"><%=daringMap.get(id)%></a></th>
32:                                 <td>Mark</td>
33:                                 <td>Otto</td>
34:                                 <td>@mdo</td>


JSPファイル: [/WEB-INF/views/calendar.jsp] の中の [31] 行目でエラーが発生しました
Syntax error on token ".", ; expected
28:                             for(Integer id:idList){  
29:                             %>
30:                             <tr>
31:                                 <th scope='row'><a href="/attendanceManagement/show?calendar_id=<% id %>&dating=<%= daringMap.get(id) %>"><%=daringMap.get(id)%></a></th>
32:                                 <td>Mark</td>
33:                                 <td>Otto</td>
34:                                 <td>@mdo</td>


JSPファイル: [/WEB-INF/views/calendar.jsp] の中の [31] 行目でエラーが発生しました
The method write(String) is undefined for the type calendar_jsp
28:                             for(Integer id:idList){  
29:                             %>
30:                             <tr>
31:                                 <th scope='row'><a href="/attendanceManagement/show?calendar_id=<% id %>&dating=<%= daringMap.get(id) %>"><%=daringMap.get(id)%></a></th>
32:                                 <td>Mark</td>
33:                                 <td>Otto</td>
34:                                 <td>@mdo</td>


Stacktrace:] が根本的要因と共に投げられました
	org.apache.jasper.JasperException: JSPのクラスをコンパイルできません: 

JSPファイル: [/WEB-INF/views/calendar.jsp] の中の [31] 行目でエラーが発生しました
id cannot be resolved to a type
28:                             for(Integer id:idList){  
29:                             %>
30:                             <tr>
31:                                 <th scope='row'><a href="/attendanceManagement/show?calendar_id=<% id %>&dating=<%= daringMap.get(id) %>"><%=daringMap.get(id)%></a></th>
32:                                 <td>Mark</td>
33:                                 <td>Otto</td>
34:                                 <td>@mdo</td>


JSPファイル: [/WEB-INF/views/calendar.jsp] の中の [31] 行目でエラーが発生しました
Duplicate local variable out
28:                             for(Integer id:idList){  
29:                             %>
30:                             <tr>
31:                                 <th scope='row'><a href="/attendanceManagement/show?calendar_id=<% id %>&dating=<%= daringMap.get(id) %>"><%=daringMap.get(id)%></a></th>
32:                                 <td>Mark</td>
33:                                 <td>Otto</td>
34:                                 <td>@mdo</td>


JSPファイル: [/WEB-INF/views/calendar.jsp] の中の [31] 行目でエラーが発生しました
Syntax error on token ".", ; expected
28:                             for(Integer id:idList){  
29:                             %>
30:                             <tr>
31:                                 <th scope='row'><a href="/attendanceManagement/show?calendar_id=<% id %>&dating=<%= daringMap.get(id) %>"><%=daringMap.get(id)%></a></th>
32:                                 <td>Mark</td>
33:                                 <td>Otto</td>
34:                                 <td>@mdo</td>


JSPファイル: [/WEB-INF/views/calendar.jsp] の中の [31] 行目でエラーが発生しました
The method write(String) is undefined for the type calendar_jsp
28:                             for(Integer id:idList){  
29:                             %>
30:                             <tr>
31:                                 <th scope='row'><a href="/attendanceManagement/show?calendar_id=<% id %>&dating=<%= daringMap.get(id) %>"><%=daringMap.get(id)%></a></th>
32:                                 <td>Mark</td>
33:                                 <td>Otto</td>
34:                                 <td>@mdo</td>


Stacktrace:
		at org.apache.jasper.compiler.DefaultErrorHandler.javacError(DefaultErrorHandler.java:102)
		at org.apache.jasper.compiler.ErrorDispatcher.javacError(ErrorDispatcher.java:213)
		at org.apache.jasper.compiler.JDTCompiler.generateClass(JDTCompiler.java:513)
		at org.apache.jasper.compiler.Compiler.compile(Compiler.java:402)
		at org.apache.jasper.compiler.Compiler.compile(Compiler.java:372)
		at org.apache.jasper.compiler.Compiler.compile(Compiler.java:356)
		at org.apache.jasper.JspCompilationContext.compile(JspCompilationContext.java:603)
		at org.apache.jasper.servlet.JspServletWrapper.service(JspServletWrapper.java:396)
		at org.apache.jasper.servlet.JspServlet.serviceJspFile(JspServlet.java:380)
		at org.apache.jasper.servlet.JspServlet.service(JspServlet.java:328)
		at jakarta.servlet.http.HttpServlet.service(HttpServlet.java:631)
		at org.apache.catalina.core.ApplicationFilterChain.internalDoFilter(ApplicationFilterChain.java:205)
		at org.apache.catalina.core.ApplicationFilterChain.doFilter(ApplicationFilterChain.java:149)
		at org.apache.tomcat.websocket.server.WsFilter.doFilter(WsFilter.java:53)
		at org.apache.catalina.core.ApplicationFilterChain.internalDoFilter(ApplicationFilterChain.java:174)
		at org.apache.catalina.core.ApplicationFilterChain.doFilter(ApplicationFilterChain.java:149)
		at org.apache.catalina.core.ApplicationDispatcher.invoke(ApplicationDispatcher.java:642)
		at org.apache.catalina.core.ApplicationDispatcher.processRequest(ApplicationDispatcher.java:408)
		at org.apache.catalina.core.ApplicationDispatcher.doForward(ApplicationDispatcher.java:340)
		at org.apache.catalina.core.ApplicationDispatcher.forward(ApplicationDispatcher.java:277)
		at CalendarServlet.doGet(CalendarServlet.java:79)
		at jakarta.servlet.http.HttpServlet.service(HttpServlet.java:537)
		at jakarta.servlet.http.HttpServlet.service(HttpServlet.java:631)
		at org.apache.catalina.core.ApplicationFilterChain.internalDoFilter(ApplicationFilterChain.java:205)
		at org.apache.catalina.core.ApplicationFilterChain.doFilter(ApplicationFilterChain.java:149)
		at org.apache.tomcat.websocket.server.WsFilter.doFilter(WsFilter.java:53)
		at org.apache.catalina.core.ApplicationFilterChain.internalDoFilter(ApplicationFilterChain.java:174)
		at org.apache.catalina.core.ApplicationFilterChain.doFilter(ApplicationFilterChain.java:149)
		at org.apache.catalina.core.StandardWrapperValve.invoke(StandardWrapperValve.java:166)
		at org.apache.catalina.core.StandardContextValve.invoke(StandardContextValve.java:90)
		at org.apache.catalina.authenticator.AuthenticatorBase.invoke(AuthenticatorBase.java:493)
		at org.apache.catalina.core.StandardHostValve.invoke(StandardHostValve.java:115)
		at org.apache.catalina.valves.ErrorReportValve.invoke(ErrorReportValve.java:93)
		at org.apache.catalina.valves.AbstractAccessLogValve.invoke(AbstractAccessLogValve.java:676)
		at org.apache.catalina.core.StandardEngineValve.invoke(StandardEngineValve.java:74)
		at org.apache.catalina.connector.CoyoteAdapter.service(CoyoteAdapter.java:341)
		at org.apache.coyote.http11.Http11Processor.service(Http11Processor.java:390)
		at org.apache.coyote.AbstractProcessorLight.process(AbstractProcessorLight.java:63)
		at org.apache.coyote.AbstractProtocol$ConnectionHandler.process(AbstractProtocol.java:894)
		at org.apache.tomcat.util.net.NioEndpoint$SocketProcessor.doRun(NioEndpoint.java:1741)
		at org.apache.tomcat.util.net.SocketProcessorBase.run(SocketProcessorBase.java:52)
		at org.apache.tomcat.util.threads.ThreadPoolExecutor.runWorker(ThreadPoolExecutor.java:1191)
		at org.apache.tomcat.util.threads.ThreadPoolExecutor$Worker.run(ThreadPoolExecutor.java:659)
		at org.apache.tomcat.util.threads.TaskThread$WrappingRunnable.run(TaskThread.java:61)
		at java.base/java.lang.Thread.run(Thread.java:833)
