14-Apr-2023 23:07:00.446 情報 [main] org.apache.catalina.core.ApplicationContext.log SessionListener: contextDestroyed()
14-Apr-2023 23:07:00.446 情報 [main] org.apache.catalina.core.ApplicationContext.log ContextListener: contextDestroyed()
14-Apr-2023 23:07:03.819 情報 [main] org.apache.catalina.core.ApplicationContext.log ContextListener: contextInitialized()
14-Apr-2023 23:07:03.820 情報 [main] org.apache.catalina.core.ApplicationContext.log SessionListener: contextInitialized()
14-Apr-2023 23:07:03.820 情報 [main] org.apache.catalina.core.ApplicationContext.log ContextListener: attributeAdded('StockTicker', 'async.Stockticker@79ab34c1')
14-Apr-2023 23:21:53.501 情報 [main] org.apache.catalina.core.ApplicationContext.log SessionListener: contextDestroyed()
14-Apr-2023 23:21:53.502 情報 [main] org.apache.catalina.core.ApplicationContext.log ContextListener: contextDestroyed()
14-Apr-2023 23:21:56.381 情報 [main] org.apache.catalina.core.ApplicationContext.log ContextListener: contextInitialized()
14-Apr-2023 23:21:56.381 情報 [main] org.apache.catalina.core.ApplicationContext.log SessionListener: contextInitialized()
14-Apr-2023 23:21:56.381 情報 [main] org.apache.catalina.core.ApplicationContext.log ContextListener: attributeAdded('StockTicker', 'async.Stockticker@77bd7fe7')
14-Apr-2023 23:22:56.823 情報 [main] org.apache.catalina.core.ApplicationContext.log SessionListener: contextDestroyed()
14-Apr-2023 23:22:56.823 情報 [main] org.apache.catalina.core.ApplicationContext.log ContextListener: contextDestroyed()
14-Apr-2023 23:22:59.368 情報 [main] org.apache.catalina.core.ApplicationContext.log ContextListener: contextInitialized()
14-Apr-2023 23:22:59.368 情報 [main] org.apache.catalina.core.ApplicationContext.log SessionListener: contextInitialized()
14-Apr-2023 23:22:59.369 情報 [main] org.apache.catalina.core.ApplicationContext.log ContextListener: attributeAdded('StockTicker', 'async.Stockticker@1698d7c0')
14-Apr-2023 23:23:08.009 情報 [main] org.apache.catalina.core.ApplicationContext.log SessionListener: contextDestroyed()
14-Apr-2023 23:23:08.009 情報 [main] org.apache.catalina.core.ApplicationContext.log ContextListener: contextDestroyed()
14-Apr-2023 23:23:11.242 情報 [main] org.apache.catalina.core.ApplicationContext.log ContextListener: contextInitialized()
14-Apr-2023 23:23:11.242 情報 [main] org.apache.catalina.core.ApplicationContext.log SessionListener: contextInitialized()
14-Apr-2023 23:23:11.243 情報 [main] org.apache.catalina.core.ApplicationContext.log ContextListener: attributeAdded('StockTicker', 'async.Stockticker@985696')
