11-Apr-2023 20:55:07.592 情報 [main] org.apache.catalina.core.ApplicationContext.log SessionListener: contextDestroyed()
11-Apr-2023 20:55:07.592 情報 [main] org.apache.catalina.core.ApplicationContext.log ContextListener: contextDestroyed()
11-Apr-2023 20:55:12.303 情報 [main] org.apache.catalina.core.ApplicationContext.log ContextListener: contextInitialized()
11-Apr-2023 20:55:12.303 情報 [main] org.apache.catalina.core.ApplicationContext.log SessionListener: contextInitialized()
11-Apr-2023 20:55:12.303 情報 [main] org.apache.catalina.core.ApplicationContext.log ContextListener: attributeAdded('StockTicker', 'async.Stockticker@5bcde458')
11-Apr-2023 21:08:11.817 情報 [main] org.apache.catalina.core.ApplicationContext.log SessionListener: contextDestroyed()
11-Apr-2023 21:08:11.817 情報 [main] org.apache.catalina.core.ApplicationContext.log ContextListener: contextDestroyed()
11-Apr-2023 21:08:14.763 情報 [main] org.apache.catalina.core.ApplicationContext.log ContextListener: contextInitialized()
11-Apr-2023 21:08:14.763 情報 [main] org.apache.catalina.core.ApplicationContext.log SessionListener: contextInitialized()
11-Apr-2023 21:08:14.764 情報 [main] org.apache.catalina.core.ApplicationContext.log ContextListener: attributeAdded('StockTicker', 'async.Stockticker@281f23f2')
11-Apr-2023 21:15:53.486 情報 [main] org.apache.catalina.core.ApplicationContext.log SessionListener: contextDestroyed()
11-Apr-2023 21:15:53.486 情報 [main] org.apache.catalina.core.ApplicationContext.log ContextListener: contextDestroyed()
11-Apr-2023 21:15:57.546 情報 [main] org.apache.catalina.core.ApplicationContext.log ContextListener: contextInitialized()
11-Apr-2023 21:15:57.546 情報 [main] org.apache.catalina.core.ApplicationContext.log SessionListener: contextInitialized()
11-Apr-2023 21:15:57.546 情報 [main] org.apache.catalina.core.ApplicationContext.log ContextListener: attributeAdded('StockTicker', 'async.Stockticker@5bcde458')
11-Apr-2023 21:22:22.116 情報 [main] org.apache.catalina.core.ApplicationContext.log SessionListener: contextDestroyed()
11-Apr-2023 21:22:22.116 情報 [main] org.apache.catalina.core.ApplicationContext.log ContextListener: contextDestroyed()
11-Apr-2023 21:22:24.667 情報 [main] org.apache.catalina.core.ApplicationContext.log ContextListener: contextInitialized()
11-Apr-2023 21:22:24.667 情報 [main] org.apache.catalina.core.ApplicationContext.log SessionListener: contextInitialized()
11-Apr-2023 21:22:24.667 情報 [main] org.apache.catalina.core.ApplicationContext.log ContextListener: attributeAdded('StockTicker', 'async.Stockticker@bdc8014')
11-Apr-2023 21:24:16.574 情報 [main] org.apache.catalina.core.ApplicationContext.log SessionListener: contextDestroyed()
11-Apr-2023 21:24:16.574 情報 [main] org.apache.catalina.core.ApplicationContext.log ContextListener: contextDestroyed()
11-Apr-2023 21:24:19.433 情報 [main] org.apache.catalina.core.ApplicationContext.log ContextListener: contextInitialized()
11-Apr-2023 21:24:19.433 情報 [main] org.apache.catalina.core.ApplicationContext.log SessionListener: contextInitialized()
11-Apr-2023 21:24:19.433 情報 [main] org.apache.catalina.core.ApplicationContext.log ContextListener: attributeAdded('StockTicker', 'async.Stockticker@985696')
11-Apr-2023 21:28:54.059 情報 [main] org.apache.catalina.core.ApplicationContext.log SessionListener: contextDestroyed()
11-Apr-2023 21:28:54.059 情報 [main] org.apache.catalina.core.ApplicationContext.log ContextListener: contextDestroyed()
11-Apr-2023 21:28:56.943 情報 [main] org.apache.catalina.core.ApplicationContext.log ContextListener: contextInitialized()
11-Apr-2023 21:28:56.943 情報 [main] org.apache.catalina.core.ApplicationContext.log SessionListener: contextInitialized()
11-Apr-2023 21:28:56.944 情報 [main] org.apache.catalina.core.ApplicationContext.log ContextListener: attributeAdded('StockTicker', 'async.Stockticker@5bcde458')
11-Apr-2023 21:30:07.487 情報 [main] org.apache.catalina.core.ApplicationContext.log SessionListener: contextDestroyed()
11-Apr-2023 21:30:07.487 情報 [main] org.apache.catalina.core.ApplicationContext.log ContextListener: contextDestroyed()
11-Apr-2023 21:30:10.034 情報 [main] org.apache.catalina.core.ApplicationContext.log ContextListener: contextInitialized()
11-Apr-2023 21:30:10.034 情報 [main] org.apache.catalina.core.ApplicationContext.log SessionListener: contextInitialized()
11-Apr-2023 21:30:10.035 情報 [main] org.apache.catalina.core.ApplicationContext.log ContextListener: attributeAdded('StockTicker', 'async.Stockticker@1698d7c0')
11-Apr-2023 21:31:57.311 情報 [main] org.apache.catalina.core.ApplicationContext.log SessionListener: contextDestroyed()
11-Apr-2023 21:31:57.311 情報 [main] org.apache.catalina.core.ApplicationContext.log ContextListener: contextDestroyed()
11-Apr-2023 21:32:00.140 情報 [main] org.apache.catalina.core.ApplicationContext.log ContextListener: contextInitialized()
11-Apr-2023 21:32:00.140 情報 [main] org.apache.catalina.core.ApplicationContext.log SessionListener: contextInitialized()
11-Apr-2023 21:32:00.140 情報 [main] org.apache.catalina.core.ApplicationContext.log ContextListener: attributeAdded('StockTicker', 'async.Stockticker@5bcde458')
11-Apr-2023 21:38:45.957 情報 [main] org.apache.catalina.core.ApplicationContext.log SessionListener: contextDestroyed()
11-Apr-2023 21:38:45.957 情報 [main] org.apache.catalina.core.ApplicationContext.log ContextListener: contextDestroyed()
11-Apr-2023 21:38:48.664 情報 [main] org.apache.catalina.core.ApplicationContext.log ContextListener: contextInitialized()
11-Apr-2023 21:38:48.664 情報 [main] org.apache.catalina.core.ApplicationContext.log SessionListener: contextInitialized()
11-Apr-2023 21:38:48.665 情報 [main] org.apache.catalina.core.ApplicationContext.log ContextListener: attributeAdded('StockTicker', 'async.Stockticker@1f1cae23')
11-Apr-2023 21:59:48.477 情報 [main] org.apache.catalina.core.ApplicationContext.log SessionListener: contextDestroyed()
11-Apr-2023 21:59:48.477 情報 [main] org.apache.catalina.core.ApplicationContext.log ContextListener: contextDestroyed()
11-Apr-2023 21:59:51.221 情報 [main] org.apache.catalina.core.ApplicationContext.log ContextListener: contextInitialized()
11-Apr-2023 21:59:51.221 情報 [main] org.apache.catalina.core.ApplicationContext.log SessionListener: contextInitialized()
11-Apr-2023 21:59:51.222 情報 [main] org.apache.catalina.core.ApplicationContext.log ContextListener: attributeAdded('StockTicker', 'async.Stockticker@215a34b4')
11-Apr-2023 22:04:58.792 情報 [main] org.apache.catalina.core.ApplicationContext.log SessionListener: contextDestroyed()
11-Apr-2023 22:04:58.792 情報 [main] org.apache.catalina.core.ApplicationContext.log ContextListener: contextDestroyed()
11-Apr-2023 22:05:02.038 情報 [main] org.apache.catalina.core.ApplicationContext.log ContextListener: contextInitialized()
11-Apr-2023 22:05:02.039 情報 [main] org.apache.catalina.core.ApplicationContext.log SessionListener: contextInitialized()
11-Apr-2023 22:05:02.039 情報 [main] org.apache.catalina.core.ApplicationContext.log ContextListener: attributeAdded('StockTicker', 'async.Stockticker@215a34b4')
11-Apr-2023 22:20:46.025 情報 [main] org.apache.catalina.core.ApplicationContext.log SessionListener: contextDestroyed()
11-Apr-2023 22:20:46.025 情報 [main] org.apache.catalina.core.ApplicationContext.log ContextListener: contextDestroyed()
11-Apr-2023 22:20:49.328 情報 [main] org.apache.catalina.core.ApplicationContext.log ContextListener: contextInitialized()
11-Apr-2023 22:20:49.328 情報 [main] org.apache.catalina.core.ApplicationContext.log SessionListener: contextInitialized()
11-Apr-2023 22:20:49.329 情報 [main] org.apache.catalina.core.ApplicationContext.log ContextListener: attributeAdded('StockTicker', 'async.Stockticker@1698d7c0')
11-Apr-2023 23:12:20.511 情報 [main] org.apache.catalina.core.ApplicationContext.log SessionListener: contextDestroyed()
11-Apr-2023 23:12:20.511 情報 [main] org.apache.catalina.core.ApplicationContext.log ContextListener: contextDestroyed()
11-Apr-2023 23:12:23.340 情報 [main] org.apache.catalina.core.ApplicationContext.log ContextListener: contextInitialized()
11-Apr-2023 23:12:23.341 情報 [main] org.apache.catalina.core.ApplicationContext.log SessionListener: contextInitialized()
11-Apr-2023 23:12:23.341 情報 [main] org.apache.catalina.core.ApplicationContext.log ContextListener: attributeAdded('StockTicker', 'async.Stockticker@bdc8014')
11-Apr-2023 23:16:09.143 情報 [main] org.apache.catalina.core.ApplicationContext.log SessionListener: contextDestroyed()
11-Apr-2023 23:16:09.144 情報 [main] org.apache.catalina.core.ApplicationContext.log ContextListener: contextDestroyed()
11-Apr-2023 23:16:12.048 情報 [main] org.apache.catalina.core.ApplicationContext.log ContextListener: contextInitialized()
11-Apr-2023 23:16:12.048 情報 [main] org.apache.catalina.core.ApplicationContext.log SessionListener: contextInitialized()
11-Apr-2023 23:16:12.048 情報 [main] org.apache.catalina.core.ApplicationContext.log ContextListener: attributeAdded('StockTicker', 'async.Stockticker@73ba6fe6')
11-Apr-2023 23:37:20.311 重大 [http-nio-8080-exec-7] org.apache.catalina.core.StandardWrapperValve.invoke サーブレット [WorkingTimeResist] のServlet.service()が例外を投げました
	java.lang.NumberFormatException: For input string: ""
		at java.base/java.lang.NumberFormatException.forInputString(NumberFormatException.java:67)
		at java.base/java.lang.Integer.parseInt(Integer.java:678)
		at java.base/java.lang.Integer.valueOf(Integer.java:995)
		at WorkingTimeResistServlet.doPost(WorkingTimeResistServlet.java:54)
		at jakarta.servlet.http.HttpServlet.service(HttpServlet.java:563)
		at jakarta.servlet.http.HttpServlet.service(HttpServlet.java:631)
		at org.apache.catalina.core.ApplicationFilterChain.internalDoFilter(ApplicationFilterChain.java:205)
		at org.apache.catalina.core.ApplicationFilterChain.doFilter(ApplicationFilterChain.java:149)
		at org.apache.tomcat.websocket.server.WsFilter.doFilter(WsFilter.java:53)
		at org.apache.catalina.core.ApplicationFilterChain.internalDoFilter(ApplicationFilterChain.java:174)
		at org.apache.catalina.core.ApplicationFilterChain.doFilter(ApplicationFilterChain.java:149)
		at org.apache.catalina.core.StandardWrapperValve.invoke(StandardWrapperValve.java:166)
		at org.apache.catalina.core.StandardContextValve.invoke(StandardContextValve.java:90)
		at org.apache.catalina.authenticator.AuthenticatorBase.invoke(AuthenticatorBase.java:493)
		at org.apache.catalina.core.StandardHostValve.invoke(StandardHostValve.java:115)
		at org.apache.catalina.valves.ErrorReportValve.invoke(ErrorReportValve.java:93)
		at org.apache.catalina.valves.AbstractAccessLogValve.invoke(AbstractAccessLogValve.java:676)
		at org.apache.catalina.core.StandardEngineValve.invoke(StandardEngineValve.java:74)
		at org.apache.catalina.connector.CoyoteAdapter.service(CoyoteAdapter.java:341)
		at org.apache.coyote.http11.Http11Processor.service(Http11Processor.java:390)
		at org.apache.coyote.AbstractProcessorLight.process(AbstractProcessorLight.java:63)
		at org.apache.coyote.AbstractProtocol$ConnectionHandler.process(AbstractProtocol.java:894)
		at org.apache.tomcat.util.net.NioEndpoint$SocketProcessor.doRun(NioEndpoint.java:1741)
		at org.apache.tomcat.util.net.SocketProcessorBase.run(SocketProcessorBase.java:52)
		at org.apache.tomcat.util.threads.ThreadPoolExecutor.runWorker(ThreadPoolExecutor.java:1191)
		at org.apache.tomcat.util.threads.ThreadPoolExecutor$Worker.run(ThreadPoolExecutor.java:659)
		at org.apache.tomcat.util.threads.TaskThread$WrappingRunnable.run(TaskThread.java:61)
		at java.base/java.lang.Thread.run(Thread.java:833)
