12-Apr-2023 19:41:14.007 情報 [main] org.apache.catalina.core.ApplicationContext.log SessionListener: contextDestroyed()
12-Apr-2023 19:41:14.007 情報 [main] org.apache.catalina.core.ApplicationContext.log ContextListener: contextDestroyed()
12-Apr-2023 19:41:20.989 情報 [main] org.apache.catalina.core.ApplicationContext.log ContextListener: contextInitialized()
12-Apr-2023 19:41:20.989 情報 [main] org.apache.catalina.core.ApplicationContext.log SessionListener: contextInitialized()
12-Apr-2023 19:41:20.990 情報 [main] org.apache.catalina.core.ApplicationContext.log ContextListener: attributeAdded('StockTicker', 'async.Stockticker@5bcde458')
12-Apr-2023 19:42:42.670 重大 [http-nio-8080-exec-9] org.apache.catalina.core.StandardWrapperValve.invoke サーブレット [WorkingTimeResist] のServlet.service()が例外を投げました
	java.lang.NumberFormatException: For input string: "22:46"
		at java.base/java.lang.NumberFormatException.forInputString(NumberFormatException.java:67)
		at java.base/java.lang.Integer.parseInt(Integer.java:668)
		at java.base/java.lang.Integer.valueOf(Integer.java:995)
		at WorkingTimeResistServlet.doPost(WorkingTimeResistServlet.java:54)
		at jakarta.servlet.http.HttpServlet.service(HttpServlet.java:563)
		at jakarta.servlet.http.HttpServlet.service(HttpServlet.java:631)
		at org.apache.catalina.core.ApplicationFilterChain.internalDoFilter(ApplicationFilterChain.java:205)
		at org.apache.catalina.core.ApplicationFilterChain.doFilter(ApplicationFilterChain.java:149)
		at org.apache.tomcat.websocket.server.WsFilter.doFilter(WsFilter.java:53)
		at org.apache.catalina.core.ApplicationFilterChain.internalDoFilter(ApplicationFilterChain.java:174)
		at org.apache.catalina.core.ApplicationFilterChain.doFilter(ApplicationFilterChain.java:149)
		at org.apache.catalina.core.StandardWrapperValve.invoke(StandardWrapperValve.java:166)
		at org.apache.catalina.core.StandardContextValve.invoke(StandardContextValve.java:90)
		at org.apache.catalina.authenticator.AuthenticatorBase.invoke(AuthenticatorBase.java:493)
		at org.apache.catalina.core.StandardHostValve.invoke(StandardHostValve.java:115)
		at org.apache.catalina.valves.ErrorReportValve.invoke(ErrorReportValve.java:93)
		at org.apache.catalina.valves.AbstractAccessLogValve.invoke(AbstractAccessLogValve.java:676)
		at org.apache.catalina.core.StandardEngineValve.invoke(StandardEngineValve.java:74)
		at org.apache.catalina.connector.CoyoteAdapter.service(CoyoteAdapter.java:341)
		at org.apache.coyote.http11.Http11Processor.service(Http11Processor.java:390)
		at org.apache.coyote.AbstractProcessorLight.process(AbstractProcessorLight.java:63)
		at org.apache.coyote.AbstractProtocol$ConnectionHandler.process(AbstractProtocol.java:894)
		at org.apache.tomcat.util.net.NioEndpoint$SocketProcessor.doRun(NioEndpoint.java:1741)
		at org.apache.tomcat.util.net.SocketProcessorBase.run(SocketProcessorBase.java:52)
		at org.apache.tomcat.util.threads.ThreadPoolExecutor.runWorker(ThreadPoolExecutor.java:1191)
		at org.apache.tomcat.util.threads.ThreadPoolExecutor$Worker.run(ThreadPoolExecutor.java:659)
		at org.apache.tomcat.util.threads.TaskThread$WrappingRunnable.run(TaskThread.java:61)
		at java.base/java.lang.Thread.run(Thread.java:833)
12-Apr-2023 19:54:01.297 情報 [main] org.apache.catalina.core.ApplicationContext.log SessionListener: contextDestroyed()
12-Apr-2023 19:54:01.297 情報 [main] org.apache.catalina.core.ApplicationContext.log ContextListener: contextDestroyed()
12-Apr-2023 19:54:04.179 情報 [main] org.apache.catalina.core.ApplicationContext.log ContextListener: contextInitialized()
12-Apr-2023 19:54:04.179 情報 [main] org.apache.catalina.core.ApplicationContext.log SessionListener: contextInitialized()
12-Apr-2023 19:54:04.180 情報 [main] org.apache.catalina.core.ApplicationContext.log ContextListener: attributeAdded('StockTicker', 'async.Stockticker@1698d7c0')
12-Apr-2023 19:54:29.853 重大 [http-nio-8080-exec-10] org.apache.catalina.core.StandardWrapperValve.invoke サーブレット [WorkingTimeResist] のServlet.service()が例外を投げました
	java.lang.NumberFormatException: For input string: "20:55"
		at java.base/java.lang.NumberFormatException.forInputString(NumberFormatException.java:67)
		at java.base/java.lang.Integer.parseInt(Integer.java:668)
		at java.base/java.lang.Integer.valueOf(Integer.java:995)
		at WorkingTimeResistServlet.doPost(WorkingTimeResistServlet.java:54)
		at jakarta.servlet.http.HttpServlet.service(HttpServlet.java:563)
		at jakarta.servlet.http.HttpServlet.service(HttpServlet.java:631)
		at org.apache.catalina.core.ApplicationFilterChain.internalDoFilter(ApplicationFilterChain.java:205)
		at org.apache.catalina.core.ApplicationFilterChain.doFilter(ApplicationFilterChain.java:149)
		at org.apache.tomcat.websocket.server.WsFilter.doFilter(WsFilter.java:53)
		at org.apache.catalina.core.ApplicationFilterChain.internalDoFilter(ApplicationFilterChain.java:174)
		at org.apache.catalina.core.ApplicationFilterChain.doFilter(ApplicationFilterChain.java:149)
		at org.apache.catalina.core.StandardWrapperValve.invoke(StandardWrapperValve.java:166)
		at org.apache.catalina.core.StandardContextValve.invoke(StandardContextValve.java:90)
		at org.apache.catalina.authenticator.AuthenticatorBase.invoke(AuthenticatorBase.java:493)
		at org.apache.catalina.core.StandardHostValve.invoke(StandardHostValve.java:115)
		at org.apache.catalina.valves.ErrorReportValve.invoke(ErrorReportValve.java:93)
		at org.apache.catalina.valves.AbstractAccessLogValve.invoke(AbstractAccessLogValve.java:676)
		at org.apache.catalina.core.StandardEngineValve.invoke(StandardEngineValve.java:74)
		at org.apache.catalina.connector.CoyoteAdapter.service(CoyoteAdapter.java:341)
		at org.apache.coyote.http11.Http11Processor.service(Http11Processor.java:390)
		at org.apache.coyote.AbstractProcessorLight.process(AbstractProcessorLight.java:63)
		at org.apache.coyote.AbstractProtocol$ConnectionHandler.process(AbstractProtocol.java:894)
		at org.apache.tomcat.util.net.NioEndpoint$SocketProcessor.doRun(NioEndpoint.java:1741)
		at org.apache.tomcat.util.net.SocketProcessorBase.run(SocketProcessorBase.java:52)
		at org.apache.tomcat.util.threads.ThreadPoolExecutor.runWorker(ThreadPoolExecutor.java:1191)
		at org.apache.tomcat.util.threads.ThreadPoolExecutor$Worker.run(ThreadPoolExecutor.java:659)
		at org.apache.tomcat.util.threads.TaskThread$WrappingRunnable.run(TaskThread.java:61)
		at java.base/java.lang.Thread.run(Thread.java:833)
12-Apr-2023 19:54:56.772 情報 [main] org.apache.catalina.core.ApplicationContext.log SessionListener: contextDestroyed()
12-Apr-2023 19:54:56.772 情報 [main] org.apache.catalina.core.ApplicationContext.log ContextListener: contextDestroyed()
12-Apr-2023 19:54:59.679 情報 [main] org.apache.catalina.core.ApplicationContext.log ContextListener: contextInitialized()
12-Apr-2023 19:54:59.679 情報 [main] org.apache.catalina.core.ApplicationContext.log SessionListener: contextInitialized()
12-Apr-2023 19:54:59.680 情報 [main] org.apache.catalina.core.ApplicationContext.log ContextListener: attributeAdded('StockTicker', 'async.Stockticker@28d79cba')
12-Apr-2023 19:55:38.064 情報 [main] org.apache.catalina.core.ApplicationContext.log SessionListener: contextDestroyed()
12-Apr-2023 19:55:38.064 情報 [main] org.apache.catalina.core.ApplicationContext.log ContextListener: contextDestroyed()
12-Apr-2023 19:55:42.228 情報 [main] org.apache.catalina.core.ApplicationContext.log ContextListener: contextInitialized()
12-Apr-2023 19:55:42.228 情報 [main] org.apache.catalina.core.ApplicationContext.log SessionListener: contextInitialized()
12-Apr-2023 19:55:42.229 情報 [main] org.apache.catalina.core.ApplicationContext.log ContextListener: attributeAdded('StockTicker', 'async.Stockticker@985696')
12-Apr-2023 21:16:38.431 情報 [main] org.apache.catalina.core.ApplicationContext.log SessionListener: contextDestroyed()
12-Apr-2023 21:16:38.431 情報 [main] org.apache.catalina.core.ApplicationContext.log ContextListener: contextDestroyed()
12-Apr-2023 21:16:41.357 情報 [main] org.apache.catalina.core.ApplicationContext.log ContextListener: contextInitialized()
12-Apr-2023 21:16:41.357 情報 [main] org.apache.catalina.core.ApplicationContext.log SessionListener: contextInitialized()
12-Apr-2023 21:16:41.358 情報 [main] org.apache.catalina.core.ApplicationContext.log ContextListener: attributeAdded('StockTicker', 'async.Stockticker@985696')
12-Apr-2023 21:19:28.810 情報 [main] org.apache.catalina.core.ApplicationContext.log SessionListener: contextDestroyed()
12-Apr-2023 21:19:28.810 情報 [main] org.apache.catalina.core.ApplicationContext.log ContextListener: contextDestroyed()
12-Apr-2023 21:19:32.287 情報 [main] org.apache.catalina.core.ApplicationContext.log ContextListener: contextInitialized()
12-Apr-2023 21:19:32.287 情報 [main] org.apache.catalina.core.ApplicationContext.log SessionListener: contextInitialized()
12-Apr-2023 21:19:32.289 情報 [main] org.apache.catalina.core.ApplicationContext.log ContextListener: attributeAdded('StockTicker', 'async.Stockticker@5bcde458')
12-Apr-2023 21:22:54.711 情報 [main] org.apache.catalina.core.ApplicationContext.log SessionListener: contextDestroyed()
12-Apr-2023 21:22:54.712 情報 [main] org.apache.catalina.core.ApplicationContext.log ContextListener: contextDestroyed()
12-Apr-2023 21:22:58.479 情報 [main] org.apache.catalina.core.ApplicationContext.log ContextListener: contextInitialized()
12-Apr-2023 21:22:58.479 情報 [main] org.apache.catalina.core.ApplicationContext.log SessionListener: contextInitialized()
12-Apr-2023 21:22:58.480 情報 [main] org.apache.catalina.core.ApplicationContext.log ContextListener: attributeAdded('StockTicker', 'async.Stockticker@1698d7c0')
12-Apr-2023 21:25:38.214 情報 [main] org.apache.catalina.core.ApplicationContext.log SessionListener: contextDestroyed()
12-Apr-2023 21:25:38.214 情報 [main] org.apache.catalina.core.ApplicationContext.log ContextListener: contextDestroyed()
12-Apr-2023 21:25:41.353 情報 [main] org.apache.catalina.core.ApplicationContext.log ContextListener: contextInitialized()
12-Apr-2023 21:25:41.353 情報 [main] org.apache.catalina.core.ApplicationContext.log SessionListener: contextInitialized()
12-Apr-2023 21:25:41.354 情報 [main] org.apache.catalina.core.ApplicationContext.log ContextListener: attributeAdded('StockTicker', 'async.Stockticker@1698d7c0')
12-Apr-2023 22:03:40.483 情報 [main] org.apache.catalina.core.ApplicationContext.log SessionListener: contextDestroyed()
12-Apr-2023 22:03:40.483 情報 [main] org.apache.catalina.core.ApplicationContext.log ContextListener: contextDestroyed()
12-Apr-2023 22:03:43.791 情報 [main] org.apache.catalina.core.ApplicationContext.log ContextListener: contextInitialized()
12-Apr-2023 22:03:43.791 情報 [main] org.apache.catalina.core.ApplicationContext.log SessionListener: contextInitialized()
12-Apr-2023 22:03:43.791 情報 [main] org.apache.catalina.core.ApplicationContext.log ContextListener: attributeAdded('StockTicker', 'async.Stockticker@5bcde458')
12-Apr-2023 22:15:00.955 情報 [main] org.apache.catalina.core.ApplicationContext.log SessionListener: contextDestroyed()
12-Apr-2023 22:15:00.955 情報 [main] org.apache.catalina.core.ApplicationContext.log ContextListener: contextDestroyed()
12-Apr-2023 22:15:04.773 情報 [main] org.apache.catalina.core.ApplicationContext.log ContextListener: contextInitialized()
12-Apr-2023 22:15:04.773 情報 [main] org.apache.catalina.core.ApplicationContext.log SessionListener: contextInitialized()
12-Apr-2023 22:15:04.774 情報 [main] org.apache.catalina.core.ApplicationContext.log ContextListener: attributeAdded('StockTicker', 'async.Stockticker@73ba6fe6')
12-Apr-2023 22:35:26.931 情報 [main] org.apache.catalina.core.ApplicationContext.log SessionListener: contextDestroyed()
12-Apr-2023 22:35:26.931 情報 [main] org.apache.catalina.core.ApplicationContext.log ContextListener: contextDestroyed()
12-Apr-2023 22:35:29.804 情報 [main] org.apache.catalina.core.ApplicationContext.log ContextListener: contextInitialized()
12-Apr-2023 22:35:29.804 情報 [main] org.apache.catalina.core.ApplicationContext.log SessionListener: contextInitialized()
12-Apr-2023 22:35:29.805 情報 [main] org.apache.catalina.core.ApplicationContext.log ContextListener: attributeAdded('StockTicker', 'async.Stockticker@5bcde458')
12-Apr-2023 22:55:27.578 情報 [main] org.apache.catalina.core.ApplicationContext.log ContextListener: contextInitialized()
12-Apr-2023 22:55:27.578 情報 [main] org.apache.catalina.core.ApplicationContext.log SessionListener: contextInitialized()
12-Apr-2023 22:55:27.578 情報 [main] org.apache.catalina.core.ApplicationContext.log ContextListener: attributeAdded('StockTicker', 'async.Stockticker@51ec2df1')
12-Apr-2023 22:55:27.617 情報 [main] org.apache.catalina.core.ApplicationContext.log SessionListener: contextDestroyed()
12-Apr-2023 22:55:27.617 情報 [main] org.apache.catalina.core.ApplicationContext.log ContextListener: contextDestroyed()
12-Apr-2023 22:55:29.284 情報 [main] org.apache.catalina.core.ApplicationContext.log ContextListener: contextInitialized()
12-Apr-2023 22:55:29.284 情報 [main] org.apache.catalina.core.ApplicationContext.log SessionListener: contextInitialized()
12-Apr-2023 22:55:29.285 情報 [main] org.apache.catalina.core.ApplicationContext.log ContextListener: attributeAdded('StockTicker', 'async.Stockticker@15fa55a6')
12-Apr-2023 22:55:29.313 情報 [main] org.apache.catalina.core.ApplicationContext.log SessionListener: contextDestroyed()
12-Apr-2023 22:55:29.313 情報 [main] org.apache.catalina.core.ApplicationContext.log ContextListener: contextDestroyed()
12-Apr-2023 22:55:31.916 情報 [main] org.apache.catalina.core.ApplicationContext.log SessionListener: contextDestroyed()
12-Apr-2023 22:55:31.917 情報 [main] org.apache.catalina.core.ApplicationContext.log ContextListener: contextDestroyed()
12-Apr-2023 22:55:34.207 情報 [main] org.apache.catalina.core.ApplicationContext.log ContextListener: contextInitialized()
12-Apr-2023 22:55:34.207 情報 [main] org.apache.catalina.core.ApplicationContext.log SessionListener: contextInitialized()
12-Apr-2023 22:55:34.207 情報 [main] org.apache.catalina.core.ApplicationContext.log ContextListener: attributeAdded('StockTicker', 'async.Stockticker@985696')
